{"C:\\Users\\HP\\Downloads\\skitbitagency2\\components\\achievement-gallery.tsx": {"path":"C:\\Users\\HP\\Downloads\\skitbitagency2\\components\\achievement-gallery.tsx","statementMap":{"0":{"start":{"line":12,"column":62},"end":{"line":191,"column":1}},"1":{"start":{"line":13,"column":19},"end":{"line":13,"column":28}},"2":{"start":{"line":14,"column":42},"end":{"line":14,"column":69}},"3":{"start":{"line":15,"column":32},"end":{"line":15,"column":46}},"4":{"start":{"line":16,"column":28},"end":{"line":16,"column":57}},"5":{"start":{"line":18,"column":2},"end":{"line":22,"column":13}},"6":{"start":{"line":19,"column":4},"end":{"line":21,"column":5}},"7":{"start":{"line":20,"column":6},"end":{"line":20,"column":26}},"8":{"start":{"line":24,"column":28},"end":{"line":47,"column":3}},"9":{"start":{"line":25,"column":4},"end":{"line":46,"column":5}},"10":{"start":{"line":26,"column":6},"end":{"line":26,"column":23}},"11":{"start":{"line":27,"column":20},"end":{"line":27,"column":49}},"12":{"start":{"line":28,"column":23},"end":{"line":32,"column":8}},"13":{"start":{"line":34,"column":47},"end":{"line":34,"column":68}},"14":{"start":{"line":36,"column":6},"end":{"line":40,"column":7}},"15":{"start":{"line":37,"column":8},"end":{"line":37,"column":41}},"16":{"start":{"line":39,"column":8},"end":{"line":39,"column":63}},"17":{"start":{"line":42,"column":6},"end":{"line":42,"column":47}},"18":{"start":{"line":43,"column":6},"end":{"line":43,"column":53}},"19":{"start":{"line":45,"column":6},"end":{"line":45,"column":24}},"20":{"start":{"line":49,"column":29},"end":{"line":66,"column":3}},"21":{"start":{"line":50,"column":4},"end":{"line":65,"column":5}},"22":{"start":{"line":52,"column":8},"end":{"line":52,"column":59}},"23":{"start":{"line":54,"column":8},"end":{"line":54,"column":61}},"24":{"start":{"line":56,"column":8},"end":{"line":56,"column":62}},"25":{"start":{"line":58,"column":8},"end":{"line":58,"column":59}},"26":{"start":{"line":60,"column":8},"end":{"line":60,"column":58}},"27":{"start":{"line":62,"column":8},"end":{"line":62,"column":60}},"28":{"start":{"line":64,"column":8},"end":{"line":64,"column":59}},"29":{"start":{"line":68,"column":25},"end":{"line":83,"column":3}},"30":{"start":{"line":69,"column":4},"end":{"line":82,"column":5}},"31":{"start":{"line":71,"column":8},"end":{"line":71,"column":44}},"32":{"start":{"line":73,"column":8},"end":{"line":73,"column":46}},"33":{"start":{"line":75,"column":8},"end":{"line":75,"column":44}},"34":{"start":{"line":77,"column":8},"end":{"line":77,"column":48}},"35":{"start":{"line":79,"column":8},"end":{"line":79,"column":48}},"36":{"start":{"line":81,"column":8},"end":{"line":81,"column":44}},"37":{"start":{"line":85,"column":2},"end":{"line":93,"column":3}},"38":{"start":{"line":86,"column":4},"end":{"line":92,"column":6}},"39":{"start":{"line":95,"column":2},"end":{"line":109,"column":3}},"40":{"start":{"line":96,"column":4},"end":{"line":108,"column":6}},"41":{"start":{"line":111,"column":31},"end":{"line":111,"column":69}},"42":{"start":{"line":111,"column":56},"end":{"line":111,"column":68}},"43":{"start":{"line":112,"column":29},"end":{"line":112,"column":68}},"44":{"start":{"line":112,"column":54},"end":{"line":112,"column":67}},"45":{"start":{"line":114,"column":2},"end":{"line":190,"column":4}},"46":{"start":{"line":129,"column":14},"end":{"line":147,"column":20}},"47":{"start":{"line":159,"column":14},"end":{"line":177,"column":20}}},"fnMap":{"0":{"name":"(anonymous_0)","decl":{"start":{"line":12,"column":62},"end":{"line":12,"column":63}},"loc":{"start":{"line":12,"column":86},"end":{"line":191,"column":1}},"line":12},"1":{"name":"(anonymous_1)","decl":{"start":{"line":18,"column":12},"end":{"line":18,"column":13}},"loc":{"start":{"line":18,"column":18},"end":{"line":22,"column":3}},"line":18},"2":{"name":"(anonymous_2)","decl":{"start":{"line":24,"column":28},"end":{"line":24,"column":29}},"loc":{"start":{"line":24,"column":40},"end":{"line":47,"column":3}},"line":24},"3":{"name":"(anonymous_3)","decl":{"start":{"line":49,"column":29},"end":{"line":49,"column":30}},"loc":{"start":{"line":49,"column":51},"end":{"line":66,"column":3}},"line":49},"4":{"name":"(anonymous_4)","decl":{"start":{"line":68,"column":25},"end":{"line":68,"column":26}},"loc":{"start":{"line":68,"column":45},"end":{"line":83,"column":3}},"line":68},"5":{"name":"(anonymous_5)","decl":{"start":{"line":111,"column":51},"end":{"line":111,"column":52}},"loc":{"start":{"line":111,"column":56},"end":{"line":111,"column":68}},"line":111},"6":{"name":"(anonymous_6)","decl":{"start":{"line":112,"column":49},"end":{"line":112,"column":50}},"loc":{"start":{"line":112,"column":54},"end":{"line":112,"column":67}},"line":112},"7":{"name":"(anonymous_7)","decl":{"start":{"line":128,"column":38},"end":{"line":128,"column":39}},"loc":{"start":{"line":129,"column":14},"end":{"line":147,"column":20}},"line":129},"8":{"name":"(anonymous_8)","decl":{"start":{"line":158,"column":36},"end":{"line":158,"column":37}},"loc":{"start":{"line":159,"column":14},"end":{"line":177,"column":20}},"line":159}},"branchMap":{"0":{"loc":{"start":{"line":12,"column":65},"end":{"line":12,"column":79}},"type":"default-arg","locations":[{"start":{"line":12,"column":77},"end":{"line":12,"column":79}}],"line":12},"1":{"loc":{"start":{"line":19,"column":4},"end":{"line":21,"column":5}},"type":"if","locations":[{"start":{"line":19,"column":4},"end":{"line":21,"column":5}},{"start":{},"end":{}}],"line":19},"2":{"loc":{"start":{"line":36,"column":6},"end":{"line":40,"column":7}},"type":"if","locations":[{"start":{"line":36,"column":6},"end":{"line":40,"column":7}},{"start":{"line":38,"column":13},"end":{"line":40,"column":7}}],"line":36},"3":{"loc":{"start":{"line":37,"column":24},"end":{"line":37,"column":39}},"type":"binary-expr","locations":[{"start":{"line":37,"column":24},"end":{"line":37,"column":33}},{"start":{"line":37,"column":37},"end":{"line":37,"column":39}}],"line":37},"4":{"loc":{"start":{"line":39,"column":17},"end":{"line":39,"column":61}},"type":"binary-expr","locations":[{"start":{"line":39,"column":17},"end":{"line":39,"column":27}},{"start":{"line":39,"column":31},"end":{"line":39,"column":61}}],"line":39},"5":{"loc":{"start":{"line":50,"column":4},"end":{"line":65,"column":5}},"type":"switch","locations":[{"start":{"line":51,"column":6},"end":{"line":52,"column":59}},{"start":{"line":53,"column":6},"end":{"line":54,"column":61}},{"start":{"line":55,"column":6},"end":{"line":56,"column":62}},{"start":{"line":57,"column":6},"end":{"line":58,"column":59}},{"start":{"line":59,"column":6},"end":{"line":60,"column":58}},{"start":{"line":61,"column":6},"end":{"line":62,"column":60}},{"start":{"line":63,"column":6},"end":{"line":64,"column":59}}],"line":50},"6":{"loc":{"start":{"line":69,"column":4},"end":{"line":82,"column":5}},"type":"switch","locations":[{"start":{"line":70,"column":6},"end":{"line":71,"column":44}},{"start":{"line":72,"column":6},"end":{"line":73,"column":46}},{"start":{"line":74,"column":6},"end":{"line":75,"column":44}},{"start":{"line":76,"column":6},"end":{"line":77,"column":48}},{"start":{"line":78,"column":6},"end":{"line":79,"column":48}},{"start":{"line":80,"column":6},"end":{"line":81,"column":44}}],"line":69},"7":{"loc":{"start":{"line":85,"column":2},"end":{"line":93,"column":3}},"type":"if","locations":[{"start":{"line":85,"column":2},"end":{"line":93,"column":3}},{"start":{},"end":{}}],"line":85},"8":{"loc":{"start":{"line":95,"column":2},"end":{"line":109,"column":3}},"type":"if","locations":[{"start":{"line":95,"column":2},"end":{"line":109,"column":3}},{"start":{},"end":{}}],"line":95},"9":{"loc":{"start":{"line":124,"column":7},"end":{"line":151,"column":7}},"type":"binary-expr","locations":[{"start":{"line":124,"column":7},"end":{"line":124,"column":38}},{"start":{"line":125,"column":8},"end":{"line":150,"column":14}}],"line":124},"10":{"loc":{"start":{"line":154,"column":7},"end":{"line":181,"column":7}},"type":"binary-expr","locations":[{"start":{"line":154,"column":7},"end":{"line":154,"column":36}},{"start":{"line":155,"column":8},"end":{"line":180,"column":14}}],"line":154},"11":{"loc":{"start":{"line":183,"column":7},"end":{"line":188,"column":7}},"type":"binary-expr","locations":[{"start":{"line":183,"column":7},"end":{"line":183,"column":32}},{"start":{"line":184,"column":8},"end":{"line":187,"column":14}}],"line":183}},"s":{"0":0,"1":0,"2":0,"3":0,"4":0,"5":0,"6":0,"7":0,"8":0,"9":0,"10":0,"11":0,"12":0,"13":0,"14":0,"15":0,"16":0,"17":0,"18":0,"19":0,"20":0,"21":0,"22":0,"23":0,"24":0,"25":0,"26":0,"27":0,"28":0,"29":0,"30":0,"31":0,"32":0,"33":0,"34":0,"35":0,"36":0,"37":0,"38":0,"39":0,"40":0,"41":0,"42":0,"43":0,"44":0,"45":0,"46":0,"47":0},"f":{"0":0,"1":0,"2":0,"3":0,"4":0,"5":0,"6":0,"7":0,"8":0},"b":{"0":[0],"1":[0,0],"2":[0,0],"3":[0,0],"4":[0,0],"5":[0,0,0,0,0,0,0],"6":[0,0,0,0,0,0],"7":[0,0],"8":[0,0],"9":[0,0],"10":[0,0],"11":[0,0]}}
,"C:\\Users\\HP\\Downloads\\skitbitagency2\\components\\achievement-notification-container.tsx": {"path":"C:\\Users\\HP\\Downloads\\skitbitagency2\\components\\achievement-notification-container.tsx","statementMap":{"0":{"start":{"line":8,"column":44},"end":{"line":8,"column":71}},"1":{"start":{"line":10,"column":2},"end":{"line":17,"column":9}},"2":{"start":{"line":12,"column":24},"end":{"line":14,"column":6}},"3":{"start":{"line":13,"column":6},"end":{"line":13,"column":37}},"4":{"start":{"line":16,"column":4},"end":{"line":16,"column":23}},"5":{"start":{"line":19,"column":34},"end":{"line":21,"column":3}},"6":{"start":{"line":20,"column":4},"end":{"line":20,"column":69}},"7":{"start":{"line":23,"column":2},"end":{"line":43,"column":4}},"8":{"start":{"line":26,"column":8},"end":{"line":40,"column":14}},"9":{"start":{"line":36,"column":27},"end":{"line":36,"column":66}}},"fnMap":{"0":{"name":"AchievementNotificationContainer","decl":{"start":{"line":7,"column":24},"end":{"line":7,"column":56}},"loc":{"start":{"line":7,"column":59},"end":{"line":44,"column":1}},"line":7},"1":{"name":"(anonymous_1)","decl":{"start":{"line":10,"column":12},"end":{"line":10,"column":13}},"loc":{"start":{"line":10,"column":18},"end":{"line":17,"column":3}},"line":10},"2":{"name":"(anonymous_2)","decl":{"start":{"line":12,"column":65},"end":{"line":12,"column":66}},"loc":{"start":{"line":12,"column":83},"end":{"line":14,"column":5}},"line":12},"3":{"name":"(anonymous_3)","decl":{"start":{"line":19,"column":34},"end":{"line":19,"column":35}},"loc":{"start":{"line":19,"column":61},"end":{"line":21,"column":3}},"line":19},"4":{"name":"(anonymous_4)","decl":{"start":{"line":25,"column":25},"end":{"line":25,"column":26}},"loc":{"start":{"line":26,"column":8},"end":{"line":40,"column":14}},"line":26},"5":{"name":"(anonymous_5)","decl":{"start":{"line":36,"column":21},"end":{"line":36,"column":22}},"loc":{"start":{"line":36,"column":27},"end":{"line":36,"column":66}},"line":36}},"branchMap":{},"s":{"0":0,"1":0,"2":0,"3":0,"4":0,"5":0,"6":0,"7":0,"8":0,"9":0},"f":{"0":0,"1":0,"2":0,"3":0,"4":0,"5":0},"b":{}}
,"C:\\Users\\HP\\Downloads\\skitbitagency2\\components\\achievement-notification-system.tsx": {"path":"C:\\Users\\HP\\Downloads\\skitbitagency2\\components\\achievement-notification-system.tsx","statementMap":{"0":{"start":{"line":29,"column":88},"end":{"line":131,"column":1}},"1":{"start":{"line":34,"column":36},"end":{"line":34,"column":50}},"2":{"start":{"line":35,"column":21},"end":{"line":35,"column":45}},"3":{"start":{"line":37,"column":2},"end":{"line":49,"column":16}},"4":{"start":{"line":39,"column":4},"end":{"line":42,"column":13}},"5":{"start":{"line":40,"column":6},"end":{"line":40,"column":26}},"6":{"start":{"line":41,"column":6},"end":{"line":41,"column":31}},"7":{"start":{"line":44,"column":4},"end":{"line":48,"column":6}},"8":{"start":{"line":45,"column":6},"end":{"line":47,"column":7}},"9":{"start":{"line":46,"column":8},"end":{"line":46,"column":41}},"10":{"start":{"line":51,"column":22},"end":{"line":54,"column":3}},"11":{"start":{"line":52,"column":4},"end":{"line":52,"column":24}},"12":{"start":{"line":53,"column":4},"end":{"line":53,"column":29}},"13":{"start":{"line":56,"column":29},"end":{"line":64,"column":3}},"14":{"start":{"line":57,"column":4},"end":{"line":63,"column":5}},"15":{"start":{"line":58,"column":21},"end":{"line":58,"column":58}},"16":{"start":{"line":59,"column":21},"end":{"line":59,"column":56}},"17":{"start":{"line":60,"column":19},"end":{"line":60,"column":58}},"18":{"start":{"line":61,"column":23},"end":{"line":61,"column":62}},"19":{"start":{"line":62,"column":15},"end":{"line":62,"column":50}},"20":{"start":{"line":66,"column":2},"end":{"line":130,"column":4}},"21":{"start":{"line":139,"column":97},"end":{"line":156,"column":1}},"22":{"start":{"line":144,"column":2},"end":{"line":155,"column":4}},"23":{"start":{"line":147,"column":8},"end":{"line":152,"column":10}},"24":{"start":{"line":150,"column":25},"end":{"line":150,"column":62}},"25":{"start":{"line":151,"column":55},"end":{"line":151,"column":98}},"26":{"start":{"line":165,"column":95},"end":{"line":244,"column":1}},"27":{"start":{"line":170,"column":36},"end":{"line":170,"column":50}},"28":{"start":{"line":171,"column":21},"end":{"line":171,"column":45}},"29":{"start":{"line":173,"column":2},"end":{"line":184,"column":16}},"30":{"start":{"line":174,"column":4},"end":{"line":177,"column":13}},"31":{"start":{"line":175,"column":6},"end":{"line":175,"column":26}},"32":{"start":{"line":176,"column":6},"end":{"line":176,"column":31}},"33":{"start":{"line":179,"column":4},"end":{"line":183,"column":6}},"34":{"start":{"line":180,"column":6},"end":{"line":182,"column":7}},"35":{"start":{"line":181,"column":8},"end":{"line":181,"column":41}},"36":{"start":{"line":186,"column":22},"end":{"line":189,"column":3}},"37":{"start":{"line":187,"column":4},"end":{"line":187,"column":24}},"38":{"start":{"line":188,"column":4},"end":{"line":188,"column":29}},"39":{"start":{"line":191,"column":29},"end":{"line":191,"column":71}},"40":{"start":{"line":193,"column":2},"end":{"line":243,"column":4}}},"fnMap":{"0":{"name":"(anonymous_0)","decl":{"start":{"line":29,"column":88},"end":{"line":29,"column":89}},"loc":{"start":{"line":33,"column":6},"end":{"line":131,"column":1}},"line":33},"1":{"name":"(anonymous_1)","decl":{"start":{"line":37,"column":12},"end":{"line":37,"column":13}},"loc":{"start":{"line":37,"column":18},"end":{"line":49,"column":3}},"line":37},"2":{"name":"(anonymous_2)","decl":{"start":{"line":39,"column":36},"end":{"line":39,"column":37}},"loc":{"start":{"line":39,"column":42},"end":{"line":42,"column":5}},"line":39},"3":{"name":"(anonymous_3)","decl":{"start":{"line":44,"column":11},"end":{"line":44,"column":12}},"loc":{"start":{"line":44,"column":17},"end":{"line":48,"column":5}},"line":44},"4":{"name":"(anonymous_4)","decl":{"start":{"line":51,"column":22},"end":{"line":51,"column":23}},"loc":{"start":{"line":51,"column":28},"end":{"line":54,"column":3}},"line":51},"5":{"name":"(anonymous_5)","decl":{"start":{"line":56,"column":29},"end":{"line":56,"column":30}},"loc":{"start":{"line":56,"column":53},"end":{"line":64,"column":3}},"line":56},"6":{"name":"(anonymous_6)","decl":{"start":{"line":139,"column":97},"end":{"line":139,"column":98}},"loc":{"start":{"line":143,"column":6},"end":{"line":156,"column":1}},"line":143},"7":{"name":"(anonymous_7)","decl":{"start":{"line":146,"column":25},"end":{"line":146,"column":26}},"loc":{"start":{"line":147,"column":8},"end":{"line":152,"column":10}},"line":147},"8":{"name":"(anonymous_8)","decl":{"start":{"line":150,"column":19},"end":{"line":150,"column":20}},"loc":{"start":{"line":150,"column":25},"end":{"line":150,"column":62}},"line":150},"9":{"name":"(anonymous_9)","decl":{"start":{"line":151,"column":49},"end":{"line":151,"column":50}},"loc":{"start":{"line":151,"column":55},"end":{"line":151,"column":98}},"line":151},"10":{"name":"(anonymous_10)","decl":{"start":{"line":165,"column":95},"end":{"line":165,"column":96}},"loc":{"start":{"line":169,"column":6},"end":{"line":244,"column":1}},"line":169},"11":{"name":"(anonymous_11)","decl":{"start":{"line":173,"column":12},"end":{"line":173,"column":13}},"loc":{"start":{"line":173,"column":18},"end":{"line":184,"column":3}},"line":173},"12":{"name":"(anonymous_12)","decl":{"start":{"line":174,"column":36},"end":{"line":174,"column":37}},"loc":{"start":{"line":174,"column":42},"end":{"line":177,"column":5}},"line":174},"13":{"name":"(anonymous_13)","decl":{"start":{"line":179,"column":11},"end":{"line":179,"column":12}},"loc":{"start":{"line":179,"column":17},"end":{"line":183,"column":5}},"line":179},"14":{"name":"(anonymous_14)","decl":{"start":{"line":186,"column":22},"end":{"line":186,"column":23}},"loc":{"start":{"line":186,"column":28},"end":{"line":189,"column":3}},"line":186}},"branchMap":{"0":{"loc":{"start":{"line":45,"column":6},"end":{"line":47,"column":7}},"type":"if","locations":[{"start":{"line":45,"column":6},"end":{"line":47,"column":7}},{"start":{},"end":{}}],"line":45},"1":{"loc":{"start":{"line":57,"column":4},"end":{"line":63,"column":5}},"type":"switch","locations":[{"start":{"line":58,"column":6},"end":{"line":58,"column":58}},{"start":{"line":59,"column":6},"end":{"line":59,"column":56}},{"start":{"line":60,"column":6},"end":{"line":60,"column":58}},{"start":{"line":61,"column":6},"end":{"line":61,"column":62}},{"start":{"line":62,"column":6},"end":{"line":62,"column":50}}],"line":57},"2":{"loc":{"start":{"line":69,"column":8},"end":{"line":69,"column":96}},"type":"cond-expr","locations":[{"start":{"line":69,"column":20},"end":{"line":69,"column":57}},{"start":{"line":69,"column":60},"end":{"line":69,"column":96}}],"line":69},"3":{"loc":{"start":{"line":116,"column":13},"end":{"line":125,"column":13}},"type":"binary-expr","locations":[{"start":{"line":116,"column":13},"end":{"line":116,"column":30}},{"start":{"line":117,"column":14},"end":{"line":124,"column":23}}],"line":116},"4":{"loc":{"start":{"line":151,"column":29},"end":{"line":151,"column":110}},"type":"cond-expr","locations":[{"start":{"line":151,"column":49},"end":{"line":151,"column":98}},{"start":{"line":151,"column":101},"end":{"line":151,"column":110}}],"line":151},"5":{"loc":{"start":{"line":180,"column":6},"end":{"line":182,"column":7}},"type":"if","locations":[{"start":{"line":180,"column":6},"end":{"line":182,"column":7}},{"start":{},"end":{}}],"line":180},"6":{"loc":{"start":{"line":196,"column":8},"end":{"line":196,"column":78}},"type":"cond-expr","locations":[{"start":{"line":196,"column":20},"end":{"line":196,"column":47}},{"start":{"line":196,"column":50},"end":{"line":196,"column":78}}],"line":196}},"s":{"0":0,"1":0,"2":0,"3":0,"4":0,"5":0,"6":0,"7":0,"8":0,"9":0,"10":0,"11":0,"12":0,"13":0,"14":0,"15":0,"16":0,"17":0,"18":0,"19":0,"20":0,"21":0,"22":0,"23":0,"24":0,"25":0,"26":0,"27":0,"28":0,"29":0,"30":0,"31":0,"32":0,"33":0,"34":0,"35":0,"36":0,"37":0,"38":0,"39":0,"40":0},"f":{"0":0,"1":0,"2":0,"3":0,"4":0,"5":0,"6":0,"7":0,"8":0,"9":0,"10":0,"11":0,"12":0,"13":0,"14":0},"b":{"0":[0,0],"1":[0,0,0,0,0],"2":[0,0],"3":[0,0],"4":[0,0],"5":[0,0],"6":[0,0]}}
,"C:\\Users\\HP\\Downloads\\skitbitagency2\\components\\achievement-notification.tsx": {"path":"C:\\Users\\HP\\Downloads\\skitbitagency2\\components\\achievement-notification.tsx","statementMap":{"0":{"start":{"line":23,"column":36},"end":{"line":23,"column":50}},"1":{"start":{"line":25,"column":2},"end":{"line":34,"column":43}},"2":{"start":{"line":26,"column":4},"end":{"line":33,"column":5}},"3":{"start":{"line":27,"column":20},"end":{"line":30,"column":24}},"4":{"start":{"line":28,"column":8},"end":{"line":28,"column":28}},"5":{"start":{"line":29,"column":8},"end":{"line":29,"column":33}},"6":{"start":{"line":32,"column":6},"end":{"line":32,"column":39}},"7":{"start":{"line":32,"column":19},"end":{"line":32,"column":38}},"8":{"start":{"line":36,"column":25},"end":{"line":51,"column":3}},"9":{"start":{"line":37,"column":4},"end":{"line":50,"column":5}},"10":{"start":{"line":39,"column":8},"end":{"line":39,"column":40}},"11":{"start":{"line":41,"column":8},"end":{"line":41,"column":41}},"12":{"start":{"line":43,"column":8},"end":{"line":43,"column":40}},"13":{"start":{"line":45,"column":8},"end":{"line":45,"column":42}},"14":{"start":{"line":47,"column":8},"end":{"line":47,"column":42}},"15":{"start":{"line":49,"column":8},"end":{"line":49,"column":40}},"16":{"start":{"line":53,"column":2},"end":{"line":53,"column":30}},"17":{"start":{"line":53,"column":18},"end":{"line":53,"column":30}},"18":{"start":{"line":55,"column":2},"end":{"line":109,"column":4}},"19":{"start":{"line":76,"column":16},"end":{"line":76,"column":36}},"20":{"start":{"line":77,"column":16},"end":{"line":77,"column":41}},"21":{"start":{"line":98,"column":18},"end":{"line":98,"column":38}},"22":{"start":{"line":99,"column":18},"end":{"line":99,"column":43}},"23":{"start":{"line":115,"column":41},"end":{"line":115,"column":43}},"24":{"start":{"line":116,"column":65},"end":{"line":116,"column":67}},"25":{"start":{"line":119,"column":4},"end":{"line":121,"column":5}},"26":{"start":{"line":120,"column":6},"end":{"line":120,"column":85}},"27":{"start":{"line":122,"column":4},"end":{"line":122,"column":51}},"28":{"start":{"line":126,"column":4},"end":{"line":126,"column":41}},"29":{"start":{"line":127,"column":4},"end":{"line":127,"column":27}},"30":{"start":{"line":131,"column":4},"end":{"line":131,"column":80}},"31":{"start":{"line":131,"column":56},"end":{"line":131,"column":78}},"32":{"start":{"line":132,"column":4},"end":{"line":132,"column":27}},"33":{"start":{"line":136,"column":4},"end":{"line":136,"column":35}},"34":{"start":{"line":140,"column":4},"end":{"line":140,"column":28}},"35":{"start":{"line":141,"column":4},"end":{"line":141,"column":27}},"36":{"start":{"line":145,"column":4},"end":{"line":145,"column":34}},"37":{"start":{"line":146,"column":4},"end":{"line":148,"column":6}},"38":{"start":{"line":147,"column":6},"end":{"line":147,"column":66}},"39":{"start":{"line":147,"column":50},"end":{"line":147,"column":64}},"40":{"start":{"line":152,"column":4},"end":{"line":152,"column":69}},"41":{"start":{"line":152,"column":39},"end":{"line":152,"column":67}},"42":{"start":{"line":156,"column":46},"end":{"line":156,"column":90}}},"fnMap":{"0":{"name":"AchievementNotification","decl":{"start":{"line":17,"column":24},"end":{"line":17,"column":47}},"loc":{"start":{"line":22,"column":33},"end":{"line":110,"column":1}},"line":22},"1":{"name":"(anonymous_1)","decl":{"start":{"line":25,"column":12},"end":{"line":25,"column":13}},"loc":{"start":{"line":25,"column":18},"end":{"line":34,"column":3}},"line":25},"2":{"name":"(anonymous_2)","decl":{"start":{"line":27,"column":31},"end":{"line":27,"column":32}},"loc":{"start":{"line":27,"column":37},"end":{"line":30,"column":7}},"line":27},"3":{"name":"(anonymous_3)","decl":{"start":{"line":32,"column":13},"end":{"line":32,"column":14}},"loc":{"start":{"line":32,"column":19},"end":{"line":32,"column":38}},"line":32},"4":{"name":"(anonymous_4)","decl":{"start":{"line":36,"column":25},"end":{"line":36,"column":26}},"loc":{"start":{"line":36,"column":45},"end":{"line":51,"column":3}},"line":36},"5":{"name":"(anonymous_5)","decl":{"start":{"line":75,"column":23},"end":{"line":75,"column":24}},"loc":{"start":{"line":75,"column":29},"end":{"line":78,"column":15}},"line":75},"6":{"name":"(anonymous_6)","decl":{"start":{"line":97,"column":25},"end":{"line":97,"column":26}},"loc":{"start":{"line":97,"column":31},"end":{"line":100,"column":17}},"line":97},"7":{"name":"(anonymous_7)","decl":{"start":{"line":118,"column":2},"end":{"line":118,"column":3}},"loc":{"start":{"line":118,"column":55},"end":{"line":123,"column":3}},"line":118},"8":{"name":"(anonymous_8)","decl":{"start":{"line":125,"column":2},"end":{"line":125,"column":3}},"loc":{"start":{"line":125,"column":50},"end":{"line":128,"column":3}},"line":125},"9":{"name":"(anonymous_9)","decl":{"start":{"line":130,"column":2},"end":{"line":130,"column":3}},"loc":{"start":{"line":130,"column":50},"end":{"line":133,"column":3}},"line":130},"10":{"name":"(anonymous_10)","decl":{"start":{"line":131,"column":51},"end":{"line":131,"column":52}},"loc":{"start":{"line":131,"column":56},"end":{"line":131,"column":78}},"line":131},"11":{"name":"(anonymous_11)","decl":{"start":{"line":135,"column":2},"end":{"line":135,"column":3}},"loc":{"start":{"line":135,"column":36},"end":{"line":137,"column":3}},"line":135},"12":{"name":"(anonymous_12)","decl":{"start":{"line":139,"column":2},"end":{"line":139,"column":3}},"loc":{"start":{"line":139,"column":29},"end":{"line":142,"column":3}},"line":139},"13":{"name":"(anonymous_13)","decl":{"start":{"line":144,"column":2},"end":{"line":144,"column":3}},"loc":{"start":{"line":144,"column":73},"end":{"line":149,"column":3}},"line":144},"14":{"name":"(anonymous_14)","decl":{"start":{"line":146,"column":11},"end":{"line":146,"column":12}},"loc":{"start":{"line":146,"column":17},"end":{"line":148,"column":5}},"line":146},"15":{"name":"(anonymous_15)","decl":{"start":{"line":147,"column":45},"end":{"line":147,"column":46}},"loc":{"start":{"line":147,"column":50},"end":{"line":147,"column":64}},"line":147},"16":{"name":"(anonymous_16)","decl":{"start":{"line":151,"column":2},"end":{"line":151,"column":3}},"loc":{"start":{"line":151,"column":34},"end":{"line":153,"column":3}},"line":151},"17":{"name":"(anonymous_17)","decl":{"start":{"line":152,"column":27},"end":{"line":152,"column":28}},"loc":{"start":{"line":152,"column":39},"end":{"line":152,"column":67}},"line":152}},"branchMap":{"0":{"loc":{"start":{"line":20,"column":2},"end":{"line":20,"column":18}},"type":"default-arg","locations":[{"start":{"line":20,"column":14},"end":{"line":20,"column":18}}],"line":20},"1":{"loc":{"start":{"line":21,"column":2},"end":{"line":21,"column":23}},"type":"default-arg","locations":[{"start":{"line":21,"column":19},"end":{"line":21,"column":23}}],"line":21},"2":{"loc":{"start":{"line":26,"column":4},"end":{"line":33,"column":5}},"type":"if","locations":[{"start":{"line":26,"column":4},"end":{"line":33,"column":5}},{"start":{},"end":{}}],"line":26},"3":{"loc":{"start":{"line":37,"column":4},"end":{"line":50,"column":5}},"type":"switch","locations":[{"start":{"line":38,"column":6},"end":{"line":39,"column":40}},{"start":{"line":40,"column":6},"end":{"line":41,"column":41}},{"start":{"line":42,"column":6},"end":{"line":43,"column":40}},{"start":{"line":44,"column":6},"end":{"line":45,"column":42}},{"start":{"line":46,"column":6},"end":{"line":47,"column":42}},{"start":{"line":48,"column":6},"end":{"line":49,"column":40}}],"line":37},"4":{"loc":{"start":{"line":53,"column":2},"end":{"line":53,"column":30}},"type":"if","locations":[{"start":{"line":53,"column":2},"end":{"line":53,"column":30}},{"start":{},"end":{}}],"line":53},"5":{"loc":{"start":{"line":119,"column":4},"end":{"line":121,"column":5}},"type":"if","locations":[{"start":{"line":119,"column":4},"end":{"line":121,"column":5}},{"start":{},"end":{}}],"line":119}},"s":{"0":0,"1":0,"2":0,"3":0,"4":0,"5":0,"6":0,"7":0,"8":0,"9":0,"10":0,"11":0,"12":0,"13":0,"14":0,"15":0,"16":0,"17":0,"18":0,"19":0,"20":0,"21":0,"22":0,"23":0,"24":0,"25":0,"26":0,"27":0,"28":0,"29":0,"30":0,"31":0,"32":0,"33":0,"34":0,"35":0,"36":0,"37":0,"38":0,"39":0,"40":0,"41":0,"42":0},"f":{"0":0,"1":0,"2":0,"3":0,"4":0,"5":0,"6":0,"7":0,"8":0,"9":0,"10":0,"11":0,"12":0,"13":0,"14":0,"15":0,"16":0,"17":0},"b":{"0":[0],"1":[0],"2":[0,0],"3":[0,0,0,0,0,0],"4":[0,0],"5":[0,0]}}
,"C:\\Users\\HP\\Downloads\\skitbitagency2\\components\\activity-feed.tsx": {"path":"C:\\Users\\HP\\Downloads\\skitbitagency2\\components\\activity-feed.tsx","statementMap":{"0":{"start":{"line":7,"column":19},"end":{"line":53,"column":1}},"1":{"start":{"line":56,"column":2},"end":{"line":84,"column":3}},"2":{"start":{"line":67,"column":10},"end":{"line":80,"column":16}}},"fnMap":{"0":{"name":"ActivityFeed","decl":{"start":{"line":55,"column":16},"end":{"line":55,"column":28}},"loc":{"start":{"line":55,"column":31},"end":{"line":85,"column":1}},"line":55},"1":{"name":"(anonymous_1)","decl":{"start":{"line":66,"column":24},"end":{"line":66,"column":25}},"loc":{"start":{"line":67,"column":10},"end":{"line":80,"column":16}},"line":67}},"branchMap":{},"s":{"0":0,"1":0,"2":0},"f":{"0":0,"1":0},"b":{}}
,"C:\\Users\\HP\\Downloads\\skitbitagency2\\components\\algo-trading-education.tsx": {"path":"C:\\Users\\HP\\Downloads\\skitbitagency2\\components\\algo-trading-education.tsx","statementMap":{"0":{"start":{"line":10,"column":25},"end":{"line":65,"column":1}},"1":{"start":{"line":67,"column":21},"end":{"line":92,"column":1}},"2":{"start":{"line":95,"column":29},"end":{"line":106,"column":3}},"3":{"start":{"line":96,"column":4},"end":{"line":105,"column":5}},"4":{"start":{"line":98,"column":8},"end":{"line":98,"column":29}},"5":{"start":{"line":100,"column":8},"end":{"line":100,"column":30}},"6":{"start":{"line":102,"column":8},"end":{"line":102,"column":27}},"7":{"start":{"line":104,"column":8},"end":{"line":104,"column":28}},"8":{"start":{"line":108,"column":2},"end":{"line":275,"column":3}},"9":{"start":{"line":132,"column":14},"end":{"line":177,"column":21}},"10":{"start":{"line":163,"column":24},"end":{"line":165,"column":32}},"11":{"start":{"line":185,"column":14},"end":{"line":198,"column":21}},"12":{"start":{"line":264,"column":18},"end":{"line":267,"column":24}}},"fnMap":{"0":{"name":"AlgoTradingEducation","decl":{"start":{"line":94,"column":16},"end":{"line":94,"column":36}},"loc":{"start":{"line":94,"column":39},"end":{"line":276,"column":1}},"line":94},"1":{"name":"(anonymous_1)","decl":{"start":{"line":95,"column":29},"end":{"line":95,"column":30}},"loc":{"start":{"line":95,"column":53},"end":{"line":106,"column":3}},"line":95},"2":{"name":"(anonymous_2)","decl":{"start":{"line":131,"column":34},"end":{"line":131,"column":35}},"loc":{"start":{"line":132,"column":14},"end":{"line":177,"column":21}},"line":132},"3":{"name":"(anonymous_3)","decl":{"start":{"line":162,"column":41},"end":{"line":162,"column":42}},"loc":{"start":{"line":163,"column":24},"end":{"line":165,"column":32}},"line":163},"4":{"name":"(anonymous_4)","decl":{"start":{"line":184,"column":30},"end":{"line":184,"column":31}},"loc":{"start":{"line":185,"column":14},"end":{"line":198,"column":21}},"line":185},"5":{"name":"(anonymous_5)","decl":{"start":{"line":263,"column":22},"end":{"line":263,"column":23}},"loc":{"start":{"line":264,"column":18},"end":{"line":267,"column":24}},"line":264}},"branchMap":{"0":{"loc":{"start":{"line":96,"column":4},"end":{"line":105,"column":5}},"type":"switch","locations":[{"start":{"line":97,"column":6},"end":{"line":98,"column":29}},{"start":{"line":99,"column":6},"end":{"line":100,"column":30}},{"start":{"line":101,"column":6},"end":{"line":102,"column":27}},{"start":{"line":103,"column":6},"end":{"line":104,"column":28}}],"line":96},"1":{"loc":{"start":{"line":172,"column":29},"end":{"line":172,"column":112}},"type":"cond-expr","locations":[{"start":{"line":172,"column":53},"end":{"line":172,"column":62}},{"start":{"line":172,"column":65},"end":{"line":172,"column":112}}],"line":172},"2":{"loc":{"start":{"line":172,"column":65},"end":{"line":172,"column":112}},"type":"cond-expr","locations":[{"start":{"line":172,"column":91},"end":{"line":172,"column":100}},{"start":{"line":172,"column":103},"end":{"line":172,"column":112}}],"line":172},"3":{"loc":{"start":{"line":174,"column":21},"end":{"line":174,"column":109}},"type":"cond-expr","locations":[{"start":{"line":174,"column":45},"end":{"line":174,"column":59}},{"start":{"line":174,"column":62},"end":{"line":174,"column":109}}],"line":174},"4":{"loc":{"start":{"line":174,"column":62},"end":{"line":174,"column":109}},"type":"cond-expr","locations":[{"start":{"line":174,"column":88},"end":{"line":174,"column":96}},{"start":{"line":174,"column":99},"end":{"line":174,"column":109}}],"line":174}},"s":{"0":0,"1":0,"2":0,"3":0,"4":0,"5":0,"6":0,"7":0,"8":0,"9":0,"10":0,"11":0,"12":0},"f":{"0":0,"1":0,"2":0,"3":0,"4":0,"5":0},"b":{"0":[0,0,0,0],"1":[0,0],"2":[0,0],"3":[0,0],"4":[0,0]}}
,"C:\\Users\\HP\\Downloads\\skitbitagency2\\components\\algo-trading-simulator.tsx": {"path":"C:\\Users\\HP\\Downloads\\skitbitagency2\\components\\algo-trading-simulator.tsx","statementMap":{"0":{"start":{"line":61,"column":31},"end":{"line":160,"column":1}},"1":{"start":{"line":67,"column":30},"end":{"line":67,"column":32}},"2":{"start":{"line":68,"column":21},"end":{"line":68,"column":76}},"3":{"start":{"line":68,"column":48},"end":{"line":68,"column":55}},"4":{"start":{"line":69,"column":21},"end":{"line":69,"column":76}},"5":{"start":{"line":69,"column":48},"end":{"line":69,"column":55}},"6":{"start":{"line":71,"column":6},"end":{"line":91,"column":7}},"7":{"start":{"line":71,"column":19},"end":{"line":71,"column":36}},"8":{"start":{"line":72,"column":8},"end":{"line":90,"column":9}},"9":{"start":{"line":74,"column":10},"end":{"line":80,"column":13}},"10":{"start":{"line":81,"column":15},"end":{"line":90,"column":9}},"11":{"start":{"line":83,"column":10},"end":{"line":89,"column":13}},"12":{"start":{"line":93,"column":6},"end":{"line":93,"column":20}},"13":{"start":{"line":101,"column":30},"end":{"line":101,"column":32}},"14":{"start":{"line":102,"column":18},"end":{"line":102,"column":72}},"15":{"start":{"line":102,"column":45},"end":{"line":102,"column":52}},"16":{"start":{"line":104,"column":6},"end":{"line":122,"column":7}},"17":{"start":{"line":104,"column":19},"end":{"line":104,"column":35}},"18":{"start":{"line":105,"column":8},"end":{"line":121,"column":9}},"19":{"start":{"line":106,"column":10},"end":{"line":112,"column":13}},"20":{"start":{"line":113,"column":15},"end":{"line":121,"column":9}},"21":{"start":{"line":114,"column":10},"end":{"line":120,"column":13}},"22":{"start":{"line":124,"column":6},"end":{"line":124,"column":20}},"23":{"start":{"line":132,"column":30},"end":{"line":132,"column":32}},"24":{"start":{"line":133,"column":17},"end":{"line":133,"column":94}},"25":{"start":{"line":133,"column":55},"end":{"line":133,"column":62}},"26":{"start":{"line":135,"column":6},"end":{"line":155,"column":7}},"27":{"start":{"line":135,"column":19},"end":{"line":135,"column":32}},"28":{"start":{"line":136,"column":8},"end":{"line":154,"column":9}},"29":{"start":{"line":138,"column":10},"end":{"line":144,"column":13}},"30":{"start":{"line":145,"column":15},"end":{"line":154,"column":9}},"31":{"start":{"line":147,"column":10},"end":{"line":153,"column":13}},"32":{"start":{"line":157,"column":6},"end":{"line":157,"column":20}},"33":{"start":{"line":164,"column":24},"end":{"line":164,"column":26}},"34":{"start":{"line":165,"column":2},"end":{"line":168,"column":3}},"35":{"start":{"line":165,"column":15},"end":{"line":165,"column":25}},"36":{"start":{"line":166,"column":16},"end":{"line":166,"column":76}},"37":{"start":{"line":166,"column":67},"end":{"line":166,"column":72}},"38":{"start":{"line":167,"column":4},"end":{"line":167,"column":27}},"39":{"start":{"line":169,"column":2},"end":{"line":169,"column":13}},"40":{"start":{"line":173,"column":24},"end":{"line":173,"column":26}},"41":{"start":{"line":174,"column":26},"end":{"line":174,"column":28}},"42":{"start":{"line":175,"column":27},"end":{"line":175,"column":29}},"43":{"start":{"line":177,"column":2},"end":{"line":181,"column":3}},"44":{"start":{"line":177,"column":15},"end":{"line":177,"column":16}},"45":{"start":{"line":178,"column":19},"end":{"line":178,"column":40}},"46":{"start":{"line":179,"column":4},"end":{"line":179,"column":40}},"47":{"start":{"line":180,"column":4},"end":{"line":180,"column":42}},"48":{"start":{"line":183,"column":2},"end":{"line":188,"column":3}},"49":{"start":{"line":183,"column":15},"end":{"line":183,"column":25}},"50":{"start":{"line":184,"column":20},"end":{"line":184,"column":90}},"51":{"start":{"line":184,"column":72},"end":{"line":184,"column":77}},"52":{"start":{"line":185,"column":20},"end":{"line":185,"column":91}},"53":{"start":{"line":185,"column":73},"end":{"line":185,"column":78}},"54":{"start":{"line":186,"column":15},"end":{"line":186,"column":32}},"55":{"start":{"line":187,"column":4},"end":{"line":187,"column":37}},"56":{"start":{"line":190,"column":2},"end":{"line":190,"column":13}},"57":{"start":{"line":194,"column":14},"end":{"line":194,"column":40}},"58":{"start":{"line":195,"column":26},"end":{"line":195,"column":28}},"59":{"start":{"line":196,"column":26},"end":{"line":196,"column":28}},"60":{"start":{"line":198,"column":2},"end":{"line":206,"column":3}},"61":{"start":{"line":198,"column":15},"end":{"line":198,"column":16}},"62":{"start":{"line":199,"column":18},"end":{"line":199,"column":43}},"63":{"start":{"line":200,"column":17},"end":{"line":200,"column":23}},"64":{"start":{"line":201,"column":21},"end":{"line":201,"column":94}},"65":{"start":{"line":201,"column":50},"end":{"line":201,"column":81}},"66":{"start":{"line":202,"column":16},"end":{"line":202,"column":35}},"67":{"start":{"line":204,"column":4},"end":{"line":204,"column":38}},"68":{"start":{"line":205,"column":4},"end":{"line":205,"column":38}},"69":{"start":{"line":208,"column":2},"end":{"line":208,"column":39}},"70":{"start":{"line":212,"column":50},"end":{"line":212,"column":83}},"71":{"start":{"line":213,"column":46},"end":{"line":213,"column":107}},"72":{"start":{"line":214,"column":36},"end":{"line":214,"column":61}},"73":{"start":{"line":215,"column":30},"end":{"line":215,"column":51}},"74":{"start":{"line":216,"column":46},"end":{"line":216,"column":83}},"75":{"start":{"line":217,"column":36},"end":{"line":217,"column":51}},"76":{"start":{"line":218,"column":34},"end":{"line":218,"column":45}},"77":{"start":{"line":219,"column":46},"end":{"line":219,"column":62}},"78":{"start":{"line":222,"column":2},"end":{"line":256,"column":9}},"79":{"start":{"line":223,"column":30},"end":{"line":253,"column":5}},"80":{"start":{"line":224,"column":32},"end":{"line":224,"column":34}},"81":{"start":{"line":225,"column":18},"end":{"line":225,"column":21}},"82":{"start":{"line":226,"column":24},"end":{"line":226,"column":34}},"83":{"start":{"line":227,"column":6},"end":{"line":227,"column":51}},"84":{"start":{"line":229,"column":6},"end":{"line":250,"column":7}},"85":{"start":{"line":229,"column":19},"end":{"line":229,"column":20}},"86":{"start":{"line":230,"column":21},"end":{"line":230,"column":40}},"87":{"start":{"line":231,"column":8},"end":{"line":231,"column":41}},"88":{"start":{"line":233,"column":23},"end":{"line":233,"column":48}},"89":{"start":{"line":234,"column":21},"end":{"line":234,"column":26}},"90":{"start":{"line":235,"column":22},"end":{"line":235,"column":36}},"91":{"start":{"line":236,"column":21},"end":{"line":236,"column":62}},"92":{"start":{"line":237,"column":20},"end":{"line":237,"column":61}},"93":{"start":{"line":238,"column":23},"end":{"line":238,"column":67}},"94":{"start":{"line":240,"column":8},"end":{"line":247,"column":11}},"95":{"start":{"line":249,"column":8},"end":{"line":249,"column":22}},"96":{"start":{"line":252,"column":6},"end":{"line":252,"column":18}},"97":{"start":{"line":255,"column":4},"end":{"line":255,"column":38}},"98":{"start":{"line":259,"column":2},"end":{"line":261,"column":25}},"99":{"start":{"line":260,"column":4},"end":{"line":260,"column":51}},"100":{"start":{"line":263,"column":22},"end":{"line":330,"column":3}},"101":{"start":{"line":264,"column":4},"end":{"line":264,"column":23}},"102":{"start":{"line":265,"column":4},"end":{"line":265,"column":19}},"103":{"start":{"line":266,"column":4},"end":{"line":266,"column":18}},"104":{"start":{"line":267,"column":4},"end":{"line":267,"column":28}},"105":{"start":{"line":270,"column":4},"end":{"line":273,"column":5}},"106":{"start":{"line":270,"column":17},"end":{"line":270,"column":18}},"107":{"start":{"line":271,"column":6},"end":{"line":271,"column":21}},"108":{"start":{"line":272,"column":6},"end":{"line":272,"column":61}},"109":{"start":{"line":272,"column":35},"end":{"line":272,"column":59}},"110":{"start":{"line":276,"column":27},"end":{"line":276,"column":76}},"111":{"start":{"line":277,"column":4},"end":{"line":277,"column":30}},"112":{"start":{"line":280,"column":18},"end":{"line":280,"column":32}},"113":{"start":{"line":281,"column":15},"end":{"line":281,"column":29}},"114":{"start":{"line":282,"column":22},"end":{"line":282,"column":23}},"115":{"start":{"line":283,"column":24},"end":{"line":283,"column":25}},"116":{"start":{"line":284,"column":22},"end":{"line":284,"column":23}},"117":{"start":{"line":285,"column":20},"end":{"line":285,"column":21}},"118":{"start":{"line":287,"column":4},"end":{"line":304,"column":7}},"119":{"start":{"line":288,"column":25},"end":{"line":288,"column":53}},"120":{"start":{"line":289,"column":6},"end":{"line":300,"column":7}},"121":{"start":{"line":290,"column":8},"end":{"line":290,"column":30}},"122":{"start":{"line":292,"column":8},"end":{"line":292,"column":30}},"123":{"start":{"line":293,"column":23},"end":{"line":293,"column":66}},"124":{"start":{"line":294,"column":8},"end":{"line":299,"column":9}},"125":{"start":{"line":295,"column":10},"end":{"line":295,"column":26}},"126":{"start":{"line":296,"column":10},"end":{"line":296,"column":32}},"127":{"start":{"line":298,"column":10},"end":{"line":298,"column":40}},"128":{"start":{"line":302,"column":6},"end":{"line":302,"column":37}},"129":{"start":{"line":303,"column":6},"end":{"line":303,"column":67}},"130":{"start":{"line":306,"column":24},"end":{"line":306,"column":67}},"131":{"start":{"line":307,"column":20},"end":{"line":307,"column":89}},"132":{"start":{"line":308,"column":22},"end":{"line":308,"column":73}},"133":{"start":{"line":309,"column":20},"end":{"line":310,"column":61}},"134":{"start":{"line":313,"column":20},"end":{"line":313,"column":81}},"135":{"start":{"line":313,"column":45},"end":{"line":313,"column":80}},"136":{"start":{"line":314,"column":22},"end":{"line":314,"column":73}},"137":{"start":{"line":314,"column":47},"end":{"line":314,"column":52}},"138":{"start":{"line":315,"column":23},"end":{"line":315,"column":118}},"139":{"start":{"line":315,"column":62},"end":{"line":315,"column":96}},"140":{"start":{"line":316,"column":24},"end":{"line":316,"column":67}},"141":{"start":{"line":318,"column":4},"end":{"line":327,"column":7}},"142":{"start":{"line":329,"column":4},"end":{"line":329,"column":24}},"143":{"start":{"line":332,"column":16},"end":{"line":337,"column":3}},"144":{"start":{"line":333,"column":4},"end":{"line":333,"column":18}},"145":{"start":{"line":334,"column":4},"end":{"line":334,"column":28}},"146":{"start":{"line":335,"column":4},"end":{"line":335,"column":19}},"147":{"start":{"line":336,"column":4},"end":{"line":336,"column":24}},"148":{"start":{"line":339,"column":2},"end":{"line":564,"column":4}},"149":{"start":{"line":356,"column":35},"end":{"line":356,"column":73}},"150":{"start":{"line":356,"column":56},"end":{"line":356,"column":72}},"151":{"start":{"line":357,"column":18},"end":{"line":357,"column":62}},"152":{"start":{"line":357,"column":32},"end":{"line":357,"column":62}},"153":{"start":{"line":365,"column":20},"end":{"line":367,"column":33}},"154":{"start":{"line":378,"column":33},"end":{"line":378,"column":74}},"155":{"start":{"line":391,"column":14},"end":{"line":402,"column":20}},"156":{"start":{"line":396,"column":35},"end":{"line":399,"column":21}},"157":{"start":{"line":396,"column":62},"end":{"line":399,"column":19}},"158":{"start":{"line":502,"column":16},"end":{"line":515,"column":22}}},"fnMap":{"0":{"name":"(anonymous_0)","decl":{"start":{"line":66,"column":11},"end":{"line":66,"column":12}},"loc":{"start":{"line":66,"column":29},"end":{"line":94,"column":5}},"line":66},"1":{"name":"(anonymous_1)","decl":{"start":{"line":68,"column":43},"end":{"line":68,"column":44}},"loc":{"start":{"line":68,"column":48},"end":{"line":68,"column":55}},"line":68},"2":{"name":"(anonymous_2)","decl":{"start":{"line":69,"column":43},"end":{"line":69,"column":44}},"loc":{"start":{"line":69,"column":48},"end":{"line":69,"column":55}},"line":69},"3":{"name":"(anonymous_3)","decl":{"start":{"line":100,"column":11},"end":{"line":100,"column":12}},"loc":{"start":{"line":100,"column":29},"end":{"line":125,"column":5}},"line":100},"4":{"name":"(anonymous_4)","decl":{"start":{"line":102,"column":40},"end":{"line":102,"column":41}},"loc":{"start":{"line":102,"column":45},"end":{"line":102,"column":52}},"line":102},"5":{"name":"(anonymous_5)","decl":{"start":{"line":131,"column":11},"end":{"line":131,"column":12}},"loc":{"start":{"line":131,"column":29},"end":{"line":158,"column":5}},"line":131},"6":{"name":"(anonymous_6)","decl":{"start":{"line":133,"column":50},"end":{"line":133,"column":51}},"loc":{"start":{"line":133,"column":55},"end":{"line":133,"column":62}},"line":133},"7":{"name":"calculateSMA","decl":{"start":{"line":163,"column":9},"end":{"line":163,"column":21}},"loc":{"start":{"line":163,"column":64},"end":{"line":170,"column":1}},"line":163},"8":{"name":"(anonymous_8)","decl":{"start":{"line":166,"column":57},"end":{"line":166,"column":58}},"loc":{"start":{"line":166,"column":67},"end":{"line":166,"column":72}},"line":166},"9":{"name":"calculateRSI","decl":{"start":{"line":172,"column":9},"end":{"line":172,"column":21}},"loc":{"start":{"line":172,"column":64},"end":{"line":191,"column":1}},"line":172},"10":{"name":"(anonymous_10)","decl":{"start":{"line":184,"column":62},"end":{"line":184,"column":63}},"loc":{"start":{"line":184,"column":72},"end":{"line":184,"column":77}},"line":184},"11":{"name":"(anonymous_11)","decl":{"start":{"line":185,"column":63},"end":{"line":185,"column":64}},"loc":{"start":{"line":185,"column":73},"end":{"line":185,"column":78}},"line":185},"12":{"name":"calculateBollingerBands","decl":{"start":{"line":193,"column":9},"end":{"line":193,"column":32}},"loc":{"start":{"line":193,"column":81},"end":{"line":209,"column":1}},"line":193},"13":{"name":"(anonymous_13)","decl":{"start":{"line":201,"column":34},"end":{"line":201,"column":35}},"loc":{"start":{"line":201,"column":50},"end":{"line":201,"column":81}},"line":201},"14":{"name":"AlgoTradingSimulator","decl":{"start":{"line":211,"column":16},"end":{"line":211,"column":36}},"loc":{"start":{"line":211,"column":39},"end":{"line":565,"column":1}},"line":211},"15":{"name":"(anonymous_15)","decl":{"start":{"line":222,"column":12},"end":{"line":222,"column":13}},"loc":{"start":{"line":222,"column":18},"end":{"line":256,"column":3}},"line":222},"16":{"name":"(anonymous_16)","decl":{"start":{"line":223,"column":30},"end":{"line":223,"column":31}},"loc":{"start":{"line":223,"column":49},"end":{"line":253,"column":5}},"line":223},"17":{"name":"(anonymous_17)","decl":{"start":{"line":259,"column":12},"end":{"line":259,"column":13}},"loc":{"start":{"line":259,"column":18},"end":{"line":261,"column":3}},"line":259},"18":{"name":"(anonymous_18)","decl":{"start":{"line":263,"column":22},"end":{"line":263,"column":23}},"loc":{"start":{"line":263,"column":34},"end":{"line":330,"column":3}},"line":263},"19":{"name":"(anonymous_19)","decl":{"start":{"line":272,"column":24},"end":{"line":272,"column":25}},"loc":{"start":{"line":272,"column":35},"end":{"line":272,"column":59}},"line":272},"20":{"name":"(anonymous_20)","decl":{"start":{"line":287,"column":27},"end":{"line":287,"column":28}},"loc":{"start":{"line":287,"column":36},"end":{"line":304,"column":5}},"line":287},"21":{"name":"(anonymous_21)","decl":{"start":{"line":313,"column":39},"end":{"line":313,"column":40}},"loc":{"start":{"line":313,"column":45},"end":{"line":313,"column":80}},"line":313},"22":{"name":"(anonymous_22)","decl":{"start":{"line":314,"column":37},"end":{"line":314,"column":38}},"loc":{"start":{"line":314,"column":47},"end":{"line":314,"column":52}},"line":314},"23":{"name":"(anonymous_23)","decl":{"start":{"line":315,"column":48},"end":{"line":315,"column":49}},"loc":{"start":{"line":315,"column":62},"end":{"line":315,"column":96}},"line":315},"24":{"name":"(anonymous_24)","decl":{"start":{"line":332,"column":16},"end":{"line":332,"column":17}},"loc":{"start":{"line":332,"column":22},"end":{"line":337,"column":3}},"line":332},"25":{"name":"(anonymous_25)","decl":{"start":{"line":355,"column":31},"end":{"line":355,"column":32}},"loc":{"start":{"line":355,"column":42},"end":{"line":358,"column":17}},"line":355},"26":{"name":"(anonymous_26)","decl":{"start":{"line":356,"column":51},"end":{"line":356,"column":52}},"loc":{"start":{"line":356,"column":56},"end":{"line":356,"column":72}},"line":356},"27":{"name":"(anonymous_27)","decl":{"start":{"line":364,"column":34},"end":{"line":364,"column":35}},"loc":{"start":{"line":365,"column":20},"end":{"line":367,"column":33}},"line":365},"28":{"name":"(anonymous_28)","decl":{"start":{"line":378,"column":26},"end":{"line":378,"column":27}},"loc":{"start":{"line":378,"column":33},"end":{"line":378,"column":74}},"line":378},"29":{"name":"(anonymous_29)","decl":{"start":{"line":390,"column":48},"end":{"line":390,"column":49}},"loc":{"start":{"line":391,"column":14},"end":{"line":402,"column":20}},"line":391},"30":{"name":"(anonymous_30)","decl":{"start":{"line":396,"column":28},"end":{"line":396,"column":29}},"loc":{"start":{"line":396,"column":35},"end":{"line":399,"column":21}},"line":396},"31":{"name":"(anonymous_31)","decl":{"start":{"line":396,"column":53},"end":{"line":396,"column":54}},"loc":{"start":{"line":396,"column":62},"end":{"line":399,"column":19}},"line":396},"32":{"name":"(anonymous_32)","decl":{"start":{"line":501,"column":37},"end":{"line":501,"column":38}},"loc":{"start":{"line":502,"column":16},"end":{"line":515,"column":22}},"line":502}},"branchMap":{"0":{"loc":{"start":{"line":72,"column":8},"end":{"line":90,"column":9}},"type":"if","locations":[{"start":{"line":72,"column":8},"end":{"line":90,"column":9}},{"start":{"line":81,"column":15},"end":{"line":90,"column":9}}],"line":72},"1":{"loc":{"start":{"line":72,"column":12},"end":{"line":73,"column":74}},"type":"binary-expr","locations":[{"start":{"line":72,"column":12},"end":{"line":72,"column":81}},{"start":{"line":73,"column":12},"end":{"line":73,"column":74}}],"line":72},"2":{"loc":{"start":{"line":81,"column":15},"end":{"line":90,"column":9}},"type":"if","locations":[{"start":{"line":81,"column":15},"end":{"line":90,"column":9}},{"start":{},"end":{}}],"line":81},"3":{"loc":{"start":{"line":81,"column":19},"end":{"line":82,"column":81}},"type":"binary-expr","locations":[{"start":{"line":81,"column":19},"end":{"line":81,"column":88}},{"start":{"line":82,"column":19},"end":{"line":82,"column":81}}],"line":81},"4":{"loc":{"start":{"line":105,"column":8},"end":{"line":121,"column":9}},"type":"if","locations":[{"start":{"line":105,"column":8},"end":{"line":121,"column":9}},{"start":{"line":113,"column":15},"end":{"line":121,"column":9}}],"line":105},"5":{"loc":{"start":{"line":105,"column":12},"end":{"line":105,"column":69}},"type":"binary-expr","locations":[{"start":{"line":105,"column":12},"end":{"line":105,"column":37}},{"start":{"line":105,"column":41},"end":{"line":105,"column":69}}],"line":105},"6":{"loc":{"start":{"line":113,"column":15},"end":{"line":121,"column":9}},"type":"if","locations":[{"start":{"line":113,"column":15},"end":{"line":121,"column":9}},{"start":{},"end":{}}],"line":113},"7":{"loc":{"start":{"line":113,"column":19},"end":{"line":113,"column":80}},"type":"binary-expr","locations":[{"start":{"line":113,"column":19},"end":{"line":113,"column":46}},{"start":{"line":113,"column":50},"end":{"line":113,"column":80}}],"line":113},"8":{"loc":{"start":{"line":136,"column":8},"end":{"line":154,"column":9}},"type":"if","locations":[{"start":{"line":136,"column":8},"end":{"line":154,"column":9}},{"start":{"line":145,"column":15},"end":{"line":154,"column":9}}],"line":136},"9":{"loc":{"start":{"line":136,"column":12},"end":{"line":137,"column":61}},"type":"binary-expr","locations":[{"start":{"line":136,"column":12},"end":{"line":136,"column":54}},{"start":{"line":137,"column":12},"end":{"line":137,"column":61}}],"line":136},"10":{"loc":{"start":{"line":145,"column":15},"end":{"line":154,"column":9}},"type":"if","locations":[{"start":{"line":145,"column":15},"end":{"line":154,"column":9}},{"start":{},"end":{}}],"line":145},"11":{"loc":{"start":{"line":145,"column":19},"end":{"line":146,"column":69}},"type":"binary-expr","locations":[{"start":{"line":145,"column":19},"end":{"line":145,"column":62}},{"start":{"line":146,"column":19},"end":{"line":146,"column":69}}],"line":145},"12":{"loc":{"start":{"line":179,"column":15},"end":{"line":179,"column":38}},"type":"cond-expr","locations":[{"start":{"line":179,"column":28},"end":{"line":179,"column":34}},{"start":{"line":179,"column":37},"end":{"line":179,"column":38}}],"line":179},"13":{"loc":{"start":{"line":180,"column":16},"end":{"line":180,"column":40}},"type":"cond-expr","locations":[{"start":{"line":180,"column":29},"end":{"line":180,"column":36}},{"start":{"line":180,"column":39},"end":{"line":180,"column":40}}],"line":180},"14":{"loc":{"start":{"line":289,"column":6},"end":{"line":300,"column":7}},"type":"if","locations":[{"start":{"line":289,"column":6},"end":{"line":300,"column":7}},{"start":{"line":291,"column":13},"end":{"line":300,"column":7}}],"line":289},"15":{"loc":{"start":{"line":294,"column":8},"end":{"line":299,"column":9}},"type":"if","locations":[{"start":{"line":294,"column":8},"end":{"line":299,"column":9}},{"start":{"line":297,"column":15},"end":{"line":299,"column":9}}],"line":294},"16":{"loc":{"start":{"line":307,"column":20},"end":{"line":307,"column":89}},"type":"cond-expr","locations":[{"start":{"line":307,"column":48},"end":{"line":307,"column":85}},{"start":{"line":307,"column":88},"end":{"line":307,"column":89}}],"line":307},"17":{"loc":{"start":{"line":308,"column":22},"end":{"line":308,"column":73}},"type":"cond-expr","locations":[{"start":{"line":308,"column":42},"end":{"line":308,"column":69}},{"start":{"line":308,"column":72},"end":{"line":308,"column":73}}],"line":308},"18":{"loc":{"start":{"line":309,"column":20},"end":{"line":310,"column":61}},"type":"cond-expr","locations":[{"start":{"line":310,"column":6},"end":{"line":310,"column":57}},{"start":{"line":310,"column":60},"end":{"line":310,"column":61}}],"line":309},"19":{"loc":{"start":{"line":316,"column":24},"end":{"line":316,"column":67}},"type":"cond-expr","locations":[{"start":{"line":316,"column":41},"end":{"line":316,"column":63}},{"start":{"line":316,"column":66},"end":{"line":316,"column":67}}],"line":316},"20":{"loc":{"start":{"line":357,"column":18},"end":{"line":357,"column":62}},"type":"if","locations":[{"start":{"line":357,"column":18},"end":{"line":357,"column":62}},{"start":{},"end":{}}],"line":357},"21":{"loc":{"start":{"line":408,"column":15},"end":{"line":418,"column":15}},"type":"cond-expr","locations":[{"start":{"line":409,"column":16},"end":{"line":412,"column":19}},{"start":{"line":414,"column":16},"end":{"line":417,"column":19}}],"line":408},"22":{"loc":{"start":{"line":426,"column":11},"end":{"line":434,"column":11}},"type":"binary-expr","locations":[{"start":{"line":426,"column":11},"end":{"line":426,"column":20}},{"start":{"line":427,"column":12},"end":{"line":433,"column":18}}],"line":426},"23":{"loc":{"start":{"line":439,"column":7},"end":{"line":491,"column":7}},"type":"binary-expr","locations":[{"start":{"line":439,"column":7},"end":{"line":439,"column":21}},{"start":{"line":440,"column":8},"end":{"line":490,"column":14}}],"line":439},"24":{"loc":{"start":{"line":444,"column":50},"end":{"line":444,"column":117}},"type":"cond-expr","locations":[{"start":{"line":444,"column":84},"end":{"line":444,"column":100}},{"start":{"line":444,"column":103},"end":{"line":444,"column":117}}],"line":444},"25":{"loc":{"start":{"line":447,"column":53},"end":{"line":447,"column":120}},"type":"cond-expr","locations":[{"start":{"line":447,"column":87},"end":{"line":447,"column":103}},{"start":{"line":447,"column":106},"end":{"line":447,"column":120}}],"line":447},"26":{"loc":{"start":{"line":494,"column":7},"end":{"line":523,"column":7}},"type":"binary-expr","locations":[{"start":{"line":494,"column":7},"end":{"line":494,"column":24}},{"start":{"line":495,"column":8},"end":{"line":522,"column":15}}],"line":494},"27":{"loc":{"start":{"line":504,"column":36},"end":{"line":504,"column":84}},"type":"cond-expr","locations":[{"start":{"line":504,"column":59},"end":{"line":504,"column":68}},{"start":{"line":504,"column":71},"end":{"line":504,"column":84}}],"line":504},"28":{"loc":{"start":{"line":533,"column":40},"end":{"line":533,"column":72}},"type":"binary-expr","locations":[{"start":{"line":533,"column":40},"end":{"line":533,"column":67}},{"start":{"line":533,"column":71},"end":{"line":533,"column":72}}],"line":533},"29":{"loc":{"start":{"line":537,"column":40},"end":{"line":537,"column":77}},"type":"binary-expr","locations":[{"start":{"line":537,"column":40},"end":{"line":537,"column":72}},{"start":{"line":537,"column":76},"end":{"line":537,"column":77}}],"line":537},"30":{"loc":{"start":{"line":541,"column":41},"end":{"line":541,"column":87}},"type":"binary-expr","locations":[{"start":{"line":541,"column":41},"end":{"line":541,"column":77}},{"start":{"line":541,"column":81},"end":{"line":541,"column":87}}],"line":541},"31":{"loc":{"start":{"line":545,"column":41},"end":{"line":545,"column":85}},"type":"binary-expr","locations":[{"start":{"line":545,"column":41},"end":{"line":545,"column":75}},{"start":{"line":545,"column":79},"end":{"line":545,"column":85}}],"line":545},"32":{"loc":{"start":{"line":552,"column":17},"end":{"line":553,"column":209}},"type":"binary-expr","locations":[{"start":{"line":552,"column":17},"end":{"line":552,"column":69}},{"start":{"line":553,"column":18},"end":{"line":553,"column":209}}],"line":552},"33":{"loc":{"start":{"line":554,"column":17},"end":{"line":555,"column":187}},"type":"binary-expr","locations":[{"start":{"line":554,"column":17},"end":{"line":554,"column":59}},{"start":{"line":555,"column":18},"end":{"line":555,"column":187}}],"line":554},"34":{"loc":{"start":{"line":556,"column":17},"end":{"line":557,"column":185}},"type":"binary-expr","locations":[{"start":{"line":556,"column":17},"end":{"line":556,"column":74}},{"start":{"line":557,"column":18},"end":{"line":557,"column":185}}],"line":556}},"s":{"0":0,"1":0,"2":0,"3":0,"4":0,"5":0,"6":0,"7":0,"8":0,"9":0,"10":0,"11":0,"12":0,"13":0,"14":0,"15":0,"16":0,"17":0,"18":0,"19":0,"20":0,"21":0,"22":0,"23":0,"24":0,"25":0,"26":0,"27":0,"28":0,"29":0,"30":0,"31":0,"32":0,"33":0,"34":0,"35":0,"36":0,"37":0,"38":0,"39":0,"40":0,"41":0,"42":0,"43":0,"44":0,"45":0,"46":0,"47":0,"48":0,"49":0,"50":0,"51":0,"52":0,"53":0,"54":0,"55":0,"56":0,"57":0,"58":0,"59":0,"60":0,"61":0,"62":0,"63":0,"64":0,"65":0,"66":0,"67":0,"68":0,"69":0,"70":0,"71":0,"72":0,"73":0,"74":0,"75":0,"76":0,"77":0,"78":0,"79":0,"80":0,"81":0,"82":0,"83":0,"84":0,"85":0,"86":0,"87":0,"88":0,"89":0,"90":0,"91":0,"92":0,"93":0,"94":0,"95":0,"96":0,"97":0,"98":0,"99":0,"100":0,"101":0,"102":0,"103":0,"104":0,"105":0,"106":0,"107":0,"108":0,"109":0,"110":0,"111":0,"112":0,"113":0,"114":0,"115":0,"116":0,"117":0,"118":0,"119":0,"120":0,"121":0,"122":0,"123":0,"124":0,"125":0,"126":0,"127":0,"128":0,"129":0,"130":0,"131":0,"132":0,"133":0,"134":0,"135":0,"136":0,"137":0,"138":0,"139":0,"140":0,"141":0,"142":0,"143":0,"144":0,"145":0,"146":0,"147":0,"148":0,"149":0,"150":0,"151":0,"152":0,"153":0,"154":0,"155":0,"156":0,"157":0,"158":0},"f":{"0":0,"1":0,"2":0,"3":0,"4":0,"5":0,"6":0,"7":0,"8":0,"9":0,"10":0,"11":0,"12":0,"13":0,"14":0,"15":0,"16":0,"17":0,"18":0,"19":0,"20":0,"21":0,"22":0,"23":0,"24":0,"25":0,"26":0,"27":0,"28":0,"29":0,"30":0,"31":0,"32":0},"b":{"0":[0,0],"1":[0,0],"2":[0,0],"3":[0,0],"4":[0,0],"5":[0,0],"6":[0,0],"7":[0,0],"8":[0,0],"9":[0,0],"10":[0,0],"11":[0,0],"12":[0,0],"13":[0,0],"14":[0,0],"15":[0,0],"16":[0,0],"17":[0,0],"18":[0,0],"19":[0,0],"20":[0,0],"21":[0,0],"22":[0,0],"23":[0,0],"24":[0,0],"25":[0,0],"26":[0,0],"27":[0,0],"28":[0,0],"29":[0,0],"30":[0,0],"31":[0,0],"32":[0,0],"33":[0,0],"34":[0,0]}}
,"C:\\Users\\HP\\Downloads\\skitbitagency2\\components\\appverse-footer.tsx": {"path":"C:\\Users\\HP\\Downloads\\skitbitagency2\\components\\appverse-footer.tsx","statementMap":{"0":{"start":{"line":16,"column":38},"end":{"line":19,"column":1}},"1":{"start":{"line":22,"column":32},"end":{"line":22,"column":71}},"2":{"start":{"line":24,"column":2},"end":{"line":37,"column":8}},"3":{"start":{"line":26,"column":25},"end":{"line":26,"column":64}},"4":{"start":{"line":27,"column":4},"end":{"line":36,"column":5}},"5":{"start":{"line":28,"column":6},"end":{"line":35,"column":7}},"6":{"start":{"line":29,"column":23},"end":{"line":29,"column":47}},"7":{"start":{"line":30,"column":8},"end":{"line":32,"column":9}},"8":{"start":{"line":31,"column":10},"end":{"line":31,"column":35}},"9":{"start":{"line":34,"column":8},"end":{"line":34,"column":60}},"10":{"start":{"line":39,"column":2},"end":{"line":201,"column":3}},"11":{"start":{"line":122,"column":20},"end":{"line":126,"column":25}}},"fnMap":{"0":{"name":"AppverseFooter","decl":{"start":{"line":21,"column":16},"end":{"line":21,"column":30}},"loc":{"start":{"line":21,"column":33},"end":{"line":202,"column":1}},"line":21},"1":{"name":"(anonymous_1)","decl":{"start":{"line":24,"column":12},"end":{"line":24,"column":13}},"loc":{"start":{"line":24,"column":18},"end":{"line":37,"column":3}},"line":24},"2":{"name":"(anonymous_2)","decl":{"start":{"line":121,"column":91},"end":{"line":121,"column":92}},"loc":{"start":{"line":122,"column":20},"end":{"line":126,"column":25}},"line":122}},"branchMap":{"0":{"loc":{"start":{"line":27,"column":4},"end":{"line":36,"column":5}},"type":"if","locations":[{"start":{"line":27,"column":4},"end":{"line":36,"column":5}},{"start":{},"end":{}}],"line":27},"1":{"loc":{"start":{"line":30,"column":8},"end":{"line":32,"column":9}},"type":"if","locations":[{"start":{"line":30,"column":8},"end":{"line":32,"column":9}},{"start":{},"end":{}}],"line":30}},"s":{"0":0,"1":0,"2":0,"3":0,"4":0,"5":0,"6":0,"7":0,"8":0,"9":0,"10":0,"11":0},"f":{"0":0,"1":0,"2":0},"b":{"0":[0,0],"1":[0,0]}}
,"C:\\Users\\HP\\Downloads\\skitbitagency2\\components\\asset-allocation.tsx": {"path":"C:\\Users\\HP\\Downloads\\skitbitagency2\\components\\asset-allocation.tsx","statementMap":{"0":{"start":{"line":7,"column":20},"end":{"line":13,"column":1}},"1":{"start":{"line":16,"column":2},"end":{"line":47,"column":3}},"2":{"start":{"line":27,"column":10},"end":{"line":34,"column":16}}},"fnMap":{"0":{"name":"AssetAllocation","decl":{"start":{"line":15,"column":16},"end":{"line":15,"column":31}},"loc":{"start":{"line":15,"column":34},"end":{"line":48,"column":1}},"line":15},"1":{"name":"(anonymous_1)","decl":{"start":{"line":26,"column":25},"end":{"line":26,"column":26}},"loc":{"start":{"line":27,"column":10},"end":{"line":34,"column":16}},"line":27}},"branchMap":{},"s":{"0":0,"1":0,"2":0},"f":{"0":0,"1":0},"b":{}}
,"C:\\Users\\HP\\Downloads\\skitbitagency2\\components\\auth-modal.tsx": {"path":"C:\\Users\\HP\\Downloads\\skitbitagency2\\components\\auth-modal.tsx","statementMap":{"0":{"start":{"line":15,"column":60},"end":{"line":15,"column":69}},"1":{"start":{"line":16,"column":42},"end":{"line":16,"column":57}},"2":{"start":{"line":17,"column":36},"end":{"line":17,"column":53}},"3":{"start":{"line":19,"column":36},"end":{"line":23,"column":4}},"4":{"start":{"line":25,"column":42},"end":{"line":32,"column":4}},"5":{"start":{"line":34,"column":22},"end":{"line":38,"column":3}},"6":{"start":{"line":35,"column":4},"end":{"line":35,"column":23}},"7":{"start":{"line":36,"column":4},"end":{"line":36,"column":17}},"8":{"start":{"line":37,"column":4},"end":{"line":37,"column":27}},"9":{"start":{"line":40,"column":25},"end":{"line":62,"column":3}},"10":{"start":{"line":41,"column":4},"end":{"line":41,"column":23}},"11":{"start":{"line":42,"column":4},"end":{"line":42,"column":17}},"12":{"start":{"line":45,"column":4},"end":{"line":49,"column":5}},"13":{"start":{"line":47,"column":6},"end":{"line":47,"column":46}},"14":{"start":{"line":48,"column":6},"end":{"line":48,"column":13}},"15":{"start":{"line":51,"column":4},"end":{"line":54,"column":5}},"16":{"start":{"line":52,"column":6},"end":{"line":52,"column":67}},"17":{"start":{"line":53,"column":6},"end":{"line":53,"column":13}},"18":{"start":{"line":56,"column":4},"end":{"line":59,"column":5}},"19":{"start":{"line":57,"column":6},"end":{"line":57,"column":66}},"20":{"start":{"line":58,"column":6},"end":{"line":58,"column":13}},"21":{"start":{"line":61,"column":4},"end":{"line":61,"column":33}},"22":{"start":{"line":64,"column":28},"end":{"line":66,"column":3}},"23":{"start":{"line":65,"column":4},"end":{"line":65,"column":56}},"24":{"start":{"line":65,"column":26},"end":{"line":65,"column":53}},"25":{"start":{"line":68,"column":31},"end":{"line":70,"column":3}},"26":{"start":{"line":69,"column":4},"end":{"line":69,"column":59}},"27":{"start":{"line":69,"column":29},"end":{"line":69,"column":56}},"28":{"start":{"line":72,"column":2},"end":{"line":266,"column":4}},"29":{"start":{"line":97,"column":37},"end":{"line":97,"column":79}},"30":{"start":{"line":110,"column":39},"end":{"line":110,"column":84}},"31":{"start":{"line":118,"column":37},"end":{"line":118,"column":67}},"32":{"start":{"line":130,"column":37},"end":{"line":130,"column":86}},"33":{"start":{"line":158,"column":37},"end":{"line":158,"column":81}},"34":{"start":{"line":170,"column":37},"end":{"line":170,"column":82}},"35":{"start":{"line":183,"column":39},"end":{"line":183,"column":87}},"36":{"start":{"line":191,"column":37},"end":{"line":191,"column":67}},"37":{"start":{"line":205,"column":37},"end":{"line":205,"column":92}},"38":{"start":{"line":215,"column":37},"end":{"line":215,"column":85}},"39":{"start":{"line":234,"column":37},"end":{"line":234,"column":91}}},"fnMap":{"0":{"name":"AuthModal","decl":{"start":{"line":14,"column":16},"end":{"line":14,"column":25}},"loc":{"start":{"line":14,"column":28},"end":{"line":267,"column":1}},"line":14},"1":{"name":"(anonymous_1)","decl":{"start":{"line":34,"column":22},"end":{"line":34,"column":23}},"loc":{"start":{"line":34,"column":52},"end":{"line":38,"column":3}},"line":34},"2":{"name":"(anonymous_2)","decl":{"start":{"line":40,"column":25},"end":{"line":40,"column":26}},"loc":{"start":{"line":40,"column":55},"end":{"line":62,"column":3}},"line":40},"3":{"name":"(anonymous_3)","decl":{"start":{"line":64,"column":28},"end":{"line":64,"column":29}},"loc":{"start":{"line":64,"column":68},"end":{"line":66,"column":3}},"line":64},"4":{"name":"(anonymous_4)","decl":{"start":{"line":65,"column":17},"end":{"line":65,"column":18}},"loc":{"start":{"line":65,"column":26},"end":{"line":65,"column":53}},"line":65},"5":{"name":"(anonymous_5)","decl":{"start":{"line":68,"column":31},"end":{"line":68,"column":32}},"loc":{"start":{"line":68,"column":74},"end":{"line":70,"column":3}},"line":68},"6":{"name":"(anonymous_6)","decl":{"start":{"line":69,"column":20},"end":{"line":69,"column":21}},"loc":{"start":{"line":69,"column":29},"end":{"line":69,"column":56}},"line":69},"7":{"name":"(anonymous_7)","decl":{"start":{"line":97,"column":30},"end":{"line":97,"column":31}},"loc":{"start":{"line":97,"column":37},"end":{"line":97,"column":79}},"line":97},"8":{"name":"(anonymous_8)","decl":{"start":{"line":110,"column":32},"end":{"line":110,"column":33}},"loc":{"start":{"line":110,"column":39},"end":{"line":110,"column":84}},"line":110},"9":{"name":"(anonymous_9)","decl":{"start":{"line":118,"column":31},"end":{"line":118,"column":32}},"loc":{"start":{"line":118,"column":37},"end":{"line":118,"column":67}},"line":118},"10":{"name":"(anonymous_10)","decl":{"start":{"line":130,"column":30},"end":{"line":130,"column":31}},"loc":{"start":{"line":130,"column":37},"end":{"line":130,"column":86}},"line":130},"11":{"name":"(anonymous_11)","decl":{"start":{"line":158,"column":30},"end":{"line":158,"column":31}},"loc":{"start":{"line":158,"column":37},"end":{"line":158,"column":81}},"line":158},"12":{"name":"(anonymous_12)","decl":{"start":{"line":170,"column":30},"end":{"line":170,"column":31}},"loc":{"start":{"line":170,"column":37},"end":{"line":170,"column":82}},"line":170},"13":{"name":"(anonymous_13)","decl":{"start":{"line":183,"column":32},"end":{"line":183,"column":33}},"loc":{"start":{"line":183,"column":39},"end":{"line":183,"column":87}},"line":183},"14":{"name":"(anonymous_14)","decl":{"start":{"line":191,"column":31},"end":{"line":191,"column":32}},"loc":{"start":{"line":191,"column":37},"end":{"line":191,"column":67}},"line":191},"15":{"name":"(anonymous_15)","decl":{"start":{"line":205,"column":30},"end":{"line":205,"column":31}},"loc":{"start":{"line":205,"column":37},"end":{"line":205,"column":92}},"line":205},"16":{"name":"(anonymous_16)","decl":{"start":{"line":215,"column":30},"end":{"line":215,"column":31}},"loc":{"start":{"line":215,"column":37},"end":{"line":215,"column":85}},"line":215},"17":{"name":"(anonymous_17)","decl":{"start":{"line":234,"column":30},"end":{"line":234,"column":31}},"loc":{"start":{"line":234,"column":37},"end":{"line":234,"column":91}},"line":234}},"branchMap":{"0":{"loc":{"start":{"line":45,"column":4},"end":{"line":49,"column":5}},"type":"if","locations":[{"start":{"line":45,"column":4},"end":{"line":49,"column":5}},{"start":{},"end":{}}],"line":45},"1":{"loc":{"start":{"line":51,"column":4},"end":{"line":54,"column":5}},"type":"if","locations":[{"start":{"line":51,"column":4},"end":{"line":54,"column":5}},{"start":{},"end":{}}],"line":51},"2":{"loc":{"start":{"line":56,"column":4},"end":{"line":59,"column":5}},"type":"if","locations":[{"start":{"line":56,"column":4},"end":{"line":59,"column":5}},{"start":{},"end":{}}],"line":56},"3":{"loc":{"start":{"line":107,"column":28},"end":{"line":107,"column":62}},"type":"cond-expr","locations":[{"start":{"line":107,"column":43},"end":{"line":107,"column":49}},{"start":{"line":107,"column":52},"end":{"line":107,"column":62}}],"line":107},"4":{"loc":{"start":{"line":120,"column":23},"end":{"line":120,"column":98}},"type":"cond-expr","locations":[{"start":{"line":120,"column":38},"end":{"line":120,"column":68}},{"start":{"line":120,"column":71},"end":{"line":120,"column":98}}],"line":120},"5":{"loc":{"start":{"line":136,"column":17},"end":{"line":140,"column":17}},"type":"binary-expr","locations":[{"start":{"line":136,"column":17},"end":{"line":136,"column":22}},{"start":{"line":137,"column":18},"end":{"line":139,"column":26}}],"line":136},"6":{"loc":{"start":{"line":143,"column":19},"end":{"line":143,"column":81}},"type":"binary-expr","locations":[{"start":{"line":143,"column":19},"end":{"line":143,"column":28}},{"start":{"line":143,"column":32},"end":{"line":143,"column":81}}],"line":143},"7":{"loc":{"start":{"line":180,"column":28},"end":{"line":180,"column":62}},"type":"cond-expr","locations":[{"start":{"line":180,"column":43},"end":{"line":180,"column":49}},{"start":{"line":180,"column":52},"end":{"line":180,"column":62}}],"line":180},"8":{"loc":{"start":{"line":193,"column":23},"end":{"line":193,"column":98}},"type":"cond-expr","locations":[{"start":{"line":193,"column":38},"end":{"line":193,"column":68}},{"start":{"line":193,"column":71},"end":{"line":193,"column":98}}],"line":193},"9":{"loc":{"start":{"line":250,"column":17},"end":{"line":254,"column":17}},"type":"binary-expr","locations":[{"start":{"line":250,"column":17},"end":{"line":250,"column":22}},{"start":{"line":251,"column":18},"end":{"line":253,"column":26}}],"line":250},"10":{"loc":{"start":{"line":257,"column":19},"end":{"line":257,"column":81}},"type":"binary-expr","locations":[{"start":{"line":257,"column":19},"end":{"line":257,"column":28}},{"start":{"line":257,"column":32},"end":{"line":257,"column":81}}],"line":257}},"s":{"0":0,"1":0,"2":0,"3":0,"4":0,"5":0,"6":0,"7":0,"8":0,"9":0,"10":0,"11":0,"12":0,"13":0,"14":0,"15":0,"16":0,"17":0,"18":0,"19":0,"20":0,"21":0,"22":0,"23":0,"24":0,"25":0,"26":0,"27":0,"28":0,"29":0,"30":0,"31":0,"32":0,"33":0,"34":0,"35":0,"36":0,"37":0,"38":0,"39":0},"f":{"0":0,"1":0,"2":0,"3":0,"4":0,"5":0,"6":0,"7":0,"8":0,"9":0,"10":0,"11":0,"12":0,"13":0,"14":0,"15":0,"16":0,"17":0},"b":{"0":[0,0],"1":[0,0],"2":[0,0],"3":[0,0],"4":[0,0],"5":[0,0],"6":[0,0],"7":[0,0],"8":[0,0],"9":[0,0],"10":[0,0]}}
,"C:\\Users\\HP\\Downloads\\skitbitagency2\\components\\backtest-results.tsx": {"path":"C:\\Users\\HP\\Downloads\\skitbitagency2\\components\\backtest-results.tsx","statementMap":{"0":{"start":{"line":20,"column":50},"end":{"line":20,"column":61}},"1":{"start":{"line":21,"column":50},"end":{"line":21,"column":65}},"2":{"start":{"line":23,"column":2},"end":{"line":39,"column":17}},"3":{"start":{"line":24,"column":4},"end":{"line":38,"column":5}},"4":{"start":{"line":25,"column":6},"end":{"line":25,"column":32}},"5":{"start":{"line":26,"column":23},"end":{"line":35,"column":13}},"6":{"start":{"line":27,"column":8},"end":{"line":34,"column":10}},"7":{"start":{"line":28,"column":10},"end":{"line":32,"column":11}},"8":{"start":{"line":29,"column":12},"end":{"line":29,"column":35}},"9":{"start":{"line":30,"column":12},"end":{"line":30,"column":37}},"10":{"start":{"line":31,"column":12},"end":{"line":31,"column":22}},"11":{"start":{"line":33,"column":10},"end":{"line":33,"column":26}},"12":{"start":{"line":37,"column":6},"end":{"line":37,"column":42}},"13":{"start":{"line":37,"column":19},"end":{"line":37,"column":42}},"14":{"start":{"line":41,"column":26},"end":{"line":54,"column":3}},"15":{"start":{"line":56,"column":25},"end":{"line":69,"column":3}},"16":{"start":{"line":71,"column":2},"end":{"line":370,"column":3}},"17":{"start":{"line":258,"column":22},"end":{"line":264,"column":28}}},"fnMap":{"0":{"name":"BacktestResults","decl":{"start":{"line":19,"column":16},"end":{"line":19,"column":31}},"loc":{"start":{"line":19,"column":94},"end":{"line":371,"column":1}},"line":19},"1":{"name":"(anonymous_1)","decl":{"start":{"line":23,"column":12},"end":{"line":23,"column":13}},"loc":{"start":{"line":23,"column":18},"end":{"line":39,"column":3}},"line":23},"2":{"name":"(anonymous_2)","decl":{"start":{"line":26,"column":35},"end":{"line":26,"column":36}},"loc":{"start":{"line":26,"column":41},"end":{"line":35,"column":7}},"line":26},"3":{"name":"(anonymous_3)","decl":{"start":{"line":27,"column":28},"end":{"line":27,"column":29}},"loc":{"start":{"line":27,"column":38},"end":{"line":34,"column":9}},"line":27},"4":{"name":"(anonymous_4)","decl":{"start":{"line":37,"column":13},"end":{"line":37,"column":14}},"loc":{"start":{"line":37,"column":19},"end":{"line":37,"column":42}},"line":37},"5":{"name":"(anonymous_5)","decl":{"start":{"line":257,"column":40},"end":{"line":257,"column":41}},"loc":{"start":{"line":258,"column":22},"end":{"line":264,"column":28}},"line":258}},"branchMap":{"0":{"loc":{"start":{"line":24,"column":4},"end":{"line":38,"column":5}},"type":"if","locations":[{"start":{"line":24,"column":4},"end":{"line":38,"column":5}},{"start":{},"end":{}}],"line":24},"1":{"loc":{"start":{"line":28,"column":10},"end":{"line":32,"column":11}},"type":"if","locations":[{"start":{"line":28,"column":10},"end":{"line":32,"column":11}},{"start":{},"end":{}}],"line":28},"2":{"loc":{"start":{"line":128,"column":11},"end":{"line":159,"column":11}},"type":"cond-expr","locations":[{"start":{"line":129,"column":12},"end":{"line":134,"column":20}},{"start":{"line":136,"column":12},"end":{"line":158,"column":18}}],"line":128},"3":{"loc":{"start":{"line":144,"column":15},"end":{"line":152,"column":15}},"type":"binary-expr","locations":[{"start":{"line":144,"column":15},"end":{"line":144,"column":24}},{"start":{"line":145,"column":16},"end":{"line":151,"column":22}}],"line":144},"4":{"loc":{"start":{"line":156,"column":17},"end":{"line":156,"column":67}},"type":"cond-expr","locations":[{"start":{"line":156,"column":29},"end":{"line":156,"column":50}},{"start":{"line":156,"column":53},"end":{"line":156,"column":67}}],"line":156},"5":{"loc":{"start":{"line":163,"column":7},"end":{"line":368,"column":7}},"type":"binary-expr","locations":[{"start":{"line":163,"column":7},"end":{"line":163,"column":23}},{"start":{"line":164,"column":8},"end":{"line":367,"column":15}}],"line":163},"6":{"loc":{"start":{"line":260,"column":63},"end":{"line":260,"column":116}},"type":"cond-expr","locations":[{"start":{"line":260,"column":83},"end":{"line":260,"column":99}},{"start":{"line":260,"column":102},"end":{"line":260,"column":116}}],"line":260},"7":{"loc":{"start":{"line":261,"column":27},"end":{"line":261,"column":55}},"type":"cond-expr","locations":[{"start":{"line":261,"column":47},"end":{"line":261,"column":50}},{"start":{"line":261,"column":53},"end":{"line":261,"column":55}}],"line":261}},"s":{"0":0,"1":0,"2":0,"3":0,"4":0,"5":0,"6":0,"7":0,"8":0,"9":0,"10":0,"11":0,"12":0,"13":0,"14":0,"15":0,"16":0,"17":0},"f":{"0":0,"1":0,"2":0,"3":0,"4":0,"5":0},"b":{"0":[0,0],"1":[0,0],"2":[0,0],"3":[0,0],"4":[0,0],"5":[0,0],"6":[0,0],"7":[0,0]}}
,"C:\\Users\\HP\\Downloads\\skitbitagency2\\components\\community-qa.tsx": {"path":"C:\\Users\\HP\\Downloads\\skitbitagency2\\components\\community-qa.tsx","statementMap":{"0":{"start":{"line":14,"column":18},"end":{"line":72,"column":1}},"1":{"start":{"line":74,"column":20},"end":{"line":87,"column":1}},"2":{"start":{"line":90,"column":38},"end":{"line":90,"column":50}},"3":{"start":{"line":91,"column":46},"end":{"line":91,"column":61}},"4":{"start":{"line":92,"column":30},"end":{"line":92,"column":48}},"5":{"start":{"line":93,"column":40},"end":{"line":93,"column":55}},"6":{"start":{"line":95,"column":24},"end":{"line":108,"column":3}},"7":{"start":{"line":96,"column":4},"end":{"line":107,"column":5}},"8":{"start":{"line":98,"column":8},"end":{"line":98,"column":29}},"9":{"start":{"line":100,"column":8},"end":{"line":100,"column":30}},"10":{"start":{"line":102,"column":8},"end":{"line":102,"column":30}},"11":{"start":{"line":104,"column":8},"end":{"line":104,"column":27}},"12":{"start":{"line":106,"column":8},"end":{"line":106,"column":28}},"13":{"start":{"line":110,"column":2},"end":{"line":330,"column":3}},"14":{"start":{"line":128,"column":35},"end":{"line":128,"column":64}},"15":{"start":{"line":157,"column":35},"end":{"line":157,"column":63}},"16":{"start":{"line":197,"column":41},"end":{"line":197,"column":62}},"17":{"start":{"line":217,"column":12},"end":{"line":288,"column":19}},"18":{"start":{"line":278,"column":28},"end":{"line":280,"column":36}},"19":{"start":{"line":294,"column":12},"end":{"line":314,"column":19}}},"fnMap":{"0":{"name":"CommunityQA","decl":{"start":{"line":89,"column":16},"end":{"line":89,"column":27}},"loc":{"start":{"line":89,"column":30},"end":{"line":331,"column":1}},"line":89},"1":{"name":"(anonymous_1)","decl":{"start":{"line":95,"column":24},"end":{"line":95,"column":25}},"loc":{"start":{"line":95,"column":43},"end":{"line":108,"column":3}},"line":95},"2":{"name":"(anonymous_2)","decl":{"start":{"line":128,"column":28},"end":{"line":128,"column":29}},"loc":{"start":{"line":128,"column":35},"end":{"line":128,"column":64}},"line":128},"3":{"name":"(anonymous_3)","decl":{"start":{"line":157,"column":29},"end":{"line":157,"column":30}},"loc":{"start":{"line":157,"column":35},"end":{"line":157,"column":63}},"line":157},"4":{"name":"(anonymous_4)","decl":{"start":{"line":197,"column":35},"end":{"line":197,"column":36}},"loc":{"start":{"line":197,"column":41},"end":{"line":197,"column":62}},"line":197},"5":{"name":"(anonymous_5)","decl":{"start":{"line":216,"column":25},"end":{"line":216,"column":26}},"loc":{"start":{"line":217,"column":12},"end":{"line":288,"column":19}},"line":217},"6":{"name":"(anonymous_6)","decl":{"start":{"line":277,"column":57},"end":{"line":277,"column":58}},"loc":{"start":{"line":278,"column":28},"end":{"line"
[...]
":554,"column":3}},"loc":{"start":{"line":554,"column":76},"end":{"line":559,"column":3}},"line":554},"23":{"name":"(anonymous_23)","decl":{"start":{"line":561,"column":2},"end":{"line":561,"column":3}},"loc":{"start":{"line":561,"column":52},"end":{"line":566,"column":3}},"line":561},"24":{"name":"(anonymous_24)","decl":{"start":{"line":564,"column":24},"end":{"line":564,"column":25}},"loc":{"start":{"line":564,"column":36},"end":{"line":564,"column":51}},"line":564},"25":{"name":"(anonymous_25)","decl":{"start":{"line":569,"column":2},"end":{"line":569,"column":3}},"loc":{"start":{"line":569,"column":86},"end":{"line":576,"column":3}},"line":569},"26":{"name":"(anonymous_26)","decl":{"start":{"line":578,"column":2},"end":{"line":578,"column":3}},"loc":{"start":{"line":578,"column":109},"end":{"line":591,"column":3}},"line":578},"27":{"name":"(anonymous_27)","decl":{"start":{"line":594,"column":2},"end":{"line":594,"column":3}},"loc":{"start":{"line":594,"column":38},"end":{"line":596,"column":3}},"line":594},"28":{"name":"(anonymous_28)","decl":{"start":{"line":599,"column":2},"end":{"line":599,"column":3}},"loc":{"start":{"line":599,"column":53},"end":{"line":602,"column":3}},"line":599},"29":{"name":"(anonymous_29)","decl":{"start":{"line":605,"column":2},"end":{"line":605,"column":3}},"loc":{"start":{"line":605,"column":79},"end":{"line":657,"column":3}},"line":605},"30":{"name":"(anonymous_30)","decl":{"start":{"line":609,"column":30},"end":{"line":609,"column":31}},"loc":{"start":{"line":609,"column":45},"end":{"line":653,"column":5}},"line":609},"31":{"name":"(anonymous_31)","decl":{"start":{"line":610,"column":36},"end":{"line":610,"column":37}},"loc":{"start":{"line":610,"column":41},"end":{"line":610,"column":64}},"line":610},"32":{"name":"(anonymous_32)","decl":{"start":{"line":660,"column":2},"end":{"line":660,"column":3}},"loc":{"start":{"line":660,"column":75},"end":{"line":685,"column":3}},"line":660},"33":{"name":"(anonymous_33)","decl":{"start":{"line":663,"column":30},"end":{"line":663,"column":31}},"loc":{"start":{"line":663,"column":45},"end":{"line":682,"column":5}},"line":663},"34":{"name":"(anonymous_34)","decl":{"start":{"line":674,"column":87},"end":{"line":674,"column":88}},"loc":{"start":{"line":674,"column":92},"end":{"line":674,"column":115}},"line":674},"35":{"name":"(anonymous_35)","decl":{"start":{"line":688,"column":2},"end":{"line":688,"column":3}},"loc":{"start":{"line":688,"column":74},"end":{"line":702,"column":3}},"line":688},"36":{"name":"(anonymous_36)","decl":{"start":{"line":690,"column":51},"end":{"line":690,"column":52}},"loc":{"start":{"line":690,"column":56},"end":{"line":690,"column":76}},"line":690}},"branchMap":{"0":{"loc":{"start":{"line":167,"column":4},"end":{"line":198,"column":5}},"type":"if","locations":[{"start":{"line":167,"column":4},"end":{"line":198,"column":5}},{"start":{},"end":{}}],"line":167},"1":{"loc":{"start":{"line":220,"column":4},"end":{"line":228,"column":5}},"type":"if","locations":[{"start":{"line":220,"column":4},"end":{"line":228,"column":5}},{"start":{},"end":{}}],"line":220},"2":{"loc":{"start":{"line":230,"column":32},"end":{"line":230,"column":62}},"type":"cond-expr","locations":[{"start":{"line":230,"column":42},"end":{"line":230,"column":50}},{"start":{"line":230,"column":53},"end":{"line":230,"column":62}}],"line":230},"3":{"loc":{"start":{"line":247,"column":4},"end":{"line":247,"column":49}},"type":"if","locations":[{"start":{"line":247,"column":4},"end":{"line":247,"column":49}},{"start":{},"end":{}}],"line":247},"4":{"loc":{"start":{"line":253,"column":4},"end":{"line":259,"column":5}},"type":"if","locations":[{"start":{"line":253,"column":4},"end":{"line":259,"column":5}},{"start":{},"end":{}}],"line":253},"5":{"loc":{"start":{"line":263,"column":4},"end":{"line":281,"column":5}},"type":"if","locations":[{"start":{"line":263,"column":4},"end":{"line":281,"column":5}},{"start":{},"end":{}}],"line":263},"6":{"loc":{"start":{"line":263,"column":8},"end":{"line":263,"column":45}},"type":"binary-expr","locations":[{"start":{"line":263,"column":8},"end":{"line":263,"column":18}},{"start":{"line":263,"column":22},"end":{"line":263,"column":45}}],"line":263},"7":{"loc":{"start":{"line":291,"column":4},"end":{"line":291,"column":24}},"type":"if","locations":[{"start":{"line":291,"column":4},"end":{"line":291,"column":24}},{"start":{},"end":{}}],"line":291},"8":{"loc":{"start":{"line":297,"column":4},"end":{"line":306,"column":5}},"type":"if","locations":[{"start":{"line":297,"column":4},"end":{"line":306,"column":5}},{"start":{"line":303,"column":11},"end":{"line":306,"column":5}}],"line":297},"9":{"loc":{"start":{"line":300,"column":6},"end":{"line":302,"column":7}},"type":"if","locations":[{"start":{"line":300,"column":6},"end":{"line":302,"column":7}},{"start":{},"end":{}}],"line":300},"10":{"loc":{"start":{"line":303,"column":11},"end":{"line":306,"column":5}},"type":"if","locations":[{"start":{"line":303,"column":11},"end":{"line":306,"column":5}},{"start":{},"end":{}}],"line":303},"11":{"loc":{"start":{"line":312,"column":4},"end":{"line":314,"column":5}},"type":"if","locations":[{"start":{"line":312,"column":4},"end":{"line":314,"column":5}},{"start":{},"end":{}}],"line":312},"12":{"loc":{"start":{"line":362,"column":4},"end":{"line":362,"column":56}},"type":"if","locations":[{"start":{"line":362,"column":4},"end":{"line":362,"column":56}},{"start":{},"end":{}}],"line":362},"13":{"loc":{"start":{"line":362,"column":8},"end":{"line":362,"column":41}},"type":"binary-expr","locations":[{"start":{"line":362,"column":8},"end":{"line":362,"column":18}},{"start":{"line":362,"column":22},"end":{"line":362,"column":41}}],"line":362},"14":{"loc":{"start":{"line":366,"column":4},"end":{"line":369,"column":5}},"type":"if","locations":[{"start":{"line":366,"column":4},"end":{"line":369,"column":5}},{"start":{},"end":{}}],"line":366},"15":{"loc":{"start":{"line":406,"column":20},"end":{"line":406,"column":87}},"type":"default-arg","locations":[{"start":{"line":406,"column":78},"end":{"line":406,"column":87}}],"line":406},"16":{"loc":{"start":{"line":412,"column":6},"end":{"line":424,"column":7}},"type":"switch","locations":[{"start":{"line":413,"column":8},"end":{"line":415,"column":16}},{"start":{"line":416,"column":8},"end":{"line":418,"column":16}},{"start":{"line":419,"column":8},"end":{"line":421,"column":16}},{"start":{"line":422,"column":8},"end":{"line":423,"column":51}}],"line":412},"17":{"loc":{"start":{"line":440,"column":6},"end":{"line":442,"column":7}},"type":"if","locations":[{"start":{"line":440,"column":6},"end":{"line":442,"column":7}},{"start":{},"end":{}}],"line":440},"18":{"loc":{"start":{"line":462,"column":11},"end":{"line":462,"column":65}},"type":"binary-expr","locations":[{"start":{"line":462,"column":11},"end":{"line":462,"column":57}},{"start":{"line":462,"column":61},"end":{"line":462,"column":65}}],"line":462},"19":{"loc":{"start":{"line":507,"column":6},"end":{"line":511,"column":7}},"type":"if","locations":[{"start":{"line":507,"column":6},"end":{"line":511,"column":7}},{"start":{},"end":{}}],"line":507},"20":{"loc":{"start":{"line":507,"column":10},"end":{"line":509,"column":69}},"type":"binary-expr","locations":[{"start":{"line":507,"column":10},"end":{"line":507,"column":45}},{"start":{"line":508,"column":10},"end":{"line":508,"column":39}},{"start":{"line":509,"column":10},"end":{"line":509,"column":69}}],"line":507},"21":{"loc":{"start":{"line":550,"column":11},"end":{"line":550,"column":62}},"type":"binary-expr","locations":[{"start":{"line":550,"column":11},"end":{"line":550,"column":50}},{"start":{"line":550,"column":54},"end":{"line":550,"column":62}}],"line":550},"22":{"loc":{"start":{"line":555,"column":4},"end":{"line":557,"column":5}},"type":"if","locations":[{"start":{"line":555,"column":4},"end":{"line":557,"column":5}},{"start":{},"end":{}}],"line":555},"23":{"loc":{"start":{"line":563,"column":4},"end":{"line":565,"column":5}},"type":"if","locations":[{"start":{"line":563,"column":4},"end":{"line":565,"column":5}},{"start":{},"end":{}}],"line":563},"24":{"loc":{"start":{"line":571,"column":31},"end":{"line":571,"column":59}},"type":"binary-expr","locations":[{"start":{"line":571,"column":31},"end":{"line":571,"column":54}},{"start":{"line":571,"column":58},"end":{"line":571,"column":59}}],"line":571},"25":{"loc":{"start":{"line":579,"column":4},"end":{"line":590,"column":5}},"type":"switch","locations":[{"start":{"line":580,"column":6},"end":{"line":584,"column":14}},{"start":{"line":585,"column":6},"end":{"line":589,"column":14}}],"line":579},"26":{"loc":{"start":{"line":581,"column":8},"end":{"line":583,"column":9}},"type":"if","locations":[{"start":{"line":581,"column":8},"end":{"line":583,"column":9}},{"start":{},"end":{}}],"line":581},"27":{"loc":{"start":{"line":586,"column":8},"end":{"line":588,"column":9}},"type":"if","locations":[{"start":{"line":586,"column":8},"end":{"line":588,"column":9}},{"start":{},"end":{}}],"line":586},"28":{"loc":{"start":{"line":610,"column":6},"end":{"line":612,"column":7}},"type":"if","locations":[{"start":{"line":610,"column":6},"end":{"line":612,"column":7}},{"start":{},"end":{}}],"line":610},"29":{"loc":{"start":{"line":616,"column":6},"end":{"line":642,"column":7}},"type":"switch","locations":[{"start":{"line":617,"column":8},"end":{"line":621,"column":16}},{"start":{"line":622,"column":8},"end":{"line":626,"column":16}},{"start":{"line":627,"column":8},"end":{"line":631,"column":16}},{"start":{"line":632,"column":8},"end":{"line":636,"column":16}},{"start":{"line":637,"column":8},"end":{"line":641,"column":16}}],"line":616},"30":{"loc":{"start":{"line":618,"column":10},"end":{"line":620,"column":11}},"type":"if","locations":[{"start":{"line":618,"column":10},"end":{"line":620,"column":11}},{"start":{},"end":{}}],"line":618},"31":{"loc":{"start":{"line":618,"column":14},"end":{"line":618,"column":78}},"type":"binary-expr","locations":[{"start":{"line":618,"column":14},"end":{"line":618,"column":47}},{"start":{"line":618,"column":51},"end":{"line":618,"column":78}}],"line":618},"32":{"loc":{"start":{"line":623,"column":10},"end":{"line":625,"column":11}},"type":"if","locations":[{"start":{"line":623,"column":10},"end":{"line":625,"column":11}},{"start":{},"end":{}}],"line":623},"33":{"loc":{"start":{"line":623,"column":14},"end":{"line":623,"column":67}},"type":"binary-expr","locations":[{"start":{"line":623,"column":14},"end":{"line":623,"column":46}},{"start":{"line":623,"column":50},"end":{"line":623,"column":67}}],"line":623},"34":{"loc":{"start":{"line":628,"column":10},"end":{"line":630,"column":11}},"type":"if","locations":[{"start":{"line":628,"column":10},"end":{"line":630,"column":11}},{"start":{},"end":{}}],"line":628},"35":{"loc":{"start":{"line":628,"column":14},"end":{"line":628,"column":70}},"type":"binary-expr","locations":[{"start":{"line":628,"column":14},"end":{"line":628,"column":48}},{"start":{"line":628,"column":52},"end":{"line":628,"column":70}}],"line":628},"36":{"loc":{"start":{"line":633,"column":10},"end":{"line":635,"column":11}},"type":"if","locations":[{"start":{"line":633,"column":10},"end":{"line":635,"column":11}},{"start":{},"end":{}}],"line":633},"37":{"loc":{"start":{"line":633,"column":14},"end":{"line":633,"column":72}},"type":"binary-expr","locations":[{"start":{"line":633,"column":14},"end":{"line":633,"column":51}},{"start":{"line":633,"column":55},"end":{"line":633,"column":72}}],"line":633},"38":{"loc":{"start":{"line":638,"column":10},"end":{"line":640,"column":11}},"type":"if","locations":[{"start":{"line":638,"column":10},"end":{"line":640,"column":11}},{"start":{},"end":{}}],"line":638},"39":{"loc":{"start":{"line":638,"column":14},"end":{"line":638,"column":76}},"type":"binary-expr","locations":[{"start":{"line":638,"column":14},"end":{"line":638,"column":51}},{"start":{"line":638,"column":55},"end":{"line":638,"column":76}}],"line":638},"40":{"loc":{"start":{"line":644,"column":6},"end":{"line":652,"column":7}},"type":"if","locations":[{"start":{"line":644,"column":6},"end":{"line":652,"column":7}},{"start":{},"end":{}}],"line":644},"41":{"loc":{"start":{"line":664,"column":6},"end":{"line":681,"column":7}},"type":"if","locations":[{"start":{"line":664,"column":6},"end":{"line":681,"column":7}},{"start":{},"end":{}}],"line":664},"42":{"loc":{"start":{"line":666,"column":8},"end":{"line":680,"column":9}},"type":"if","locations":[{"start":{"line":666,"column":8},"end":{"line":680,"column":9}},{"start":{},"end":{}}],"line":666},"43":{"loc":{"start":{"line":674,"column":10},"end":{"line":679,"column":11}},"type":"if","locations":[{"start":{"line":674,"column":10},"end":{"line":679,"column":11}},{"start":{},"end":{}}],"line":674},"44":{"loc":{"start":{"line":674,"column":14},"end":{"line":674,"column":116}},"type":"binary-expr","locations":[{"start":{"line":674,"column":14},"end":{"line":674,"column":56}},{"start":{"line":674,"column":60},"end":{"line":674,"column":116}}],"line":674},"45":{"loc":{"start":{"line":692,"column":4},"end":{"line":694,"column":5}},"type":"if","locations":[{"start":{"line":692,"column":4},"end":{"line":694,"column":5}},{"start":{},"end":{}}],"line":692},"46":{"loc":{"start":{"line":692,"column":8},"end":{"line":692,"column":63}},"type":"binary-expr","locations":[{"start":{"line":692,"column":8},"end":{"line":692,"column":18}},{"start":{"line":692,"column":22},"end":{"line":692,"column":42}},{"start":{"line":692,"column":46},"end":{"line":692,"column":63}}],"line":692}},"s":{"0":1,"1":1,"2":1,"3":1,"4":1,"5":1,"6":1,"7":1,"8":7,"9":14,"10":2,"11":2,"12":14,"13":2,"14":2,"15":2,"16":2,"17":2,"18":2,"19":2,"20":2,"21":2,"22":2,"23":2,"24":2,"25":1,"26":2,"27":2,"28":0,"29":0,"30":0,"31":0,"32":0,"33":0,"34":0,"35":0,"36":0,"37":0,"38":0,"39":0,"40":0,"41":0,"42":0,"43":0,"44":0,"45":0,"46":0,"47":0,"48":0,"49":0,"50":0,"51":0,"52":0,"53":0,"54":0,"55":0,"56":0,"57":0,"58":0,"59":0,"60":0,"61":0,"62":0,"63":0,"64":0,"65":0,"66":0,"67":0,"68":0,"69":0,"70":0,"71":0,"72":0,"73":0,"74":0,"75":0,"76":0,"77":0,"78":0,"79":0,"80":0,"81":0,"82":0,"83":0,"84":0,"85":0,"86":0,"87":0,"88":0,"89":0,"90":0,"91":0,"92":0,"93":0,"94":0,"95":0,"96":0,"97":0,"98":0,"99":0,"100":0,"101":0,"102":0,"103":0,"104":0,"105":0,"106":0,"107":0,"108":0,"109":0,"110":0,"111":0,"112":0,"113":0,"114":0,"115":0,"116":0,"117":0,"118":2,"119":2,"120":2,"121":0,"122":0,"123":0,"124":1,"125":1,"126":0,"127":0,"128":0,"129":0,"130":0,"131":0,"132":0,"133":0,"134":0,"135":0,"136":0,"137":0,"138":0,"139":0,"140":0,"141":0,"142":2,"143":2,"144":2,"145":14,"146":0,"147":0,"148":14,"149":14,"150":0,"151":0,"152":0,"153":0,"154":0,"155":0,"156":0,"157":0,"158":0,"159":0,"160":0,"161":0,"162":0,"163":0,"164":0,"165":14,"166":0,"167":0,"168":0,"169":0,"170":0,"171":2,"172":2,"173":2,"174":2,"175":14,"176":2,"177":2,"178":2,"179":2,"180":2,"181":1,"182":2,"183":2,"184":2,"185":2,"186":2,"187":1,"188":1,"189":0,"190":1,"191":1,"192":0,"193":0,"194":0,"195":0,"196":0,"197":1},"f":{"0":1,"1":1,"2":7,"3":1,"4":14,"5":2,"6":2,"7":0,"8":0,"9":0,"10":0,"11":0,"12":0,"13":0,"14":0,"15":0,"16":0,"17":0,"18":0,"19":0,"20":2,"21":2,"22":0,"23":1,"24":0,"25":0,"26":0,"27":0,"28":0,"29":2,"30":14,"31":0,"32":2,"33":14,"34":1,"35":1,"36":0},"b":{"0":[2,12],"1":[1,1],"2":[1,1],"3":[0,0],"4":[0,0],"5":[0,0],"6":[0,0],"7":[0,0],"8":[0,0],"9":[0,0],"10":[0,0],"11":[0,0],"12":[0,0],"13":[0,0],"14":[0,0],"15":[0],"16":[0,0,0,0],"17":[0,0],"18":[0,0],"19":[0,0],"20":[0,0,0],"21":[2,0],"22":[0,0],"23":[0,1],"24":[0,0],"25":[0,0],"26":[0,0],"27":[0,0],"28":[0,14],"29":[0,0,0,0,0],"30":[0,0],"31":[0,0],"32":[0,0],"33":[0,0],"34":[0,0],"35":[0,0],"36":[0,0],"37":[0,0],"38":[0,0],"39":[0,0],"40":[0,14],"41":[2,12],"42":[2,0],"43":[2,0],"44":[2,2],"45":[1,0],"46":[1,0,0]},"_coverageSchema":"1a1c01bbd47fc00a2c39e90264f33305004495a9","hash":"ce4805469e96c53d39399654a81ccf5eb8db1fe3"}
,"C:\\Users\\HP\\Downloads\\skitbitagency2\\lib\\gamification-types.ts": {"path":"C:\\Users\\HP\\Downloads\\skitbitagency2\\lib\\gamification-types.ts","statementMap":{},"fnMap":{},"branchMap":{},"s":{},"f":{},"b":{}}
,"C:\\Users\\HP\\Downloads\\skitbitagency2\\lib\\gamification.ts": {"path":"C:\\Users\\HP\\Downloads\\skitbitagency2\\lib\\gamification.ts","statementMap":{"0":{"start":{"line":55,"column":27},"end":{"line":66,"column":1}},"1":{"start":{"line":68,"column":30},"end":{"line":92,"column":1}},"2":{"start":{"line":69,"column":17},"end":{"line":69,"column":20}},"3":{"start":{"line":70,"column":21},"end":{"line":70,"column":24}},"4":{"start":{"line":72,"column":14},"end":{"line":72,"column":15}},"5":{"start":{"line":73,"column":19},"end":{"line":73,"column":25}},"6":{"start":{"line":74,"column":22},"end":{"line":74,"column":23}},"7":{"start":{"line":76,"column":2},"end":{"line":80,"column":3}},"8":{"start":{"line":77,"column":4},"end":{"line":77,"column":31}},"9":{"start":{"line":78,"column":4},"end":{"line":78,"column":11}},"10":{"start":{"line":79,"column":4},"end":{"line":79,"column":69}},"11":{"start":{"line":82,"column":20},"end":{"line":82,"column":43}},"12":{"start":{"line":83,"column":19},"end":{"line":83,"column":41}},"13":{"start":{"line":85,"column":2},"end":{"line":91,"column":3}},"14":{"start":{"line":94,"column":43},"end":{"line":213,"column":1}},"15":{"start":{"line":215,"column":51},"end":{"line":280,"column":1}},"16":{"start":{"line":282,"column":43},"end":{"line":316,"column":1}}},"fnMap":{"0":{"name":"(anonymous_0)","decl":{"start":{"line":68,"column":30},"end":{"line":68,"column":31}},"loc":{"start":{"line":68,"column":62},"end":{"line":92,"column":1}},"line":68}},"branchMap":{},"s":{"0":0,"1":0,"2":0,"3":0,"4":0,"5":0,"6":0,"7":0,"8":0,"9":0,"10":0,"11":0,"12":0,"13":0,"14":0,"15":0,"16":0},"f":{"0":0},"b":{}}
,"C:\\Users\\HP\\Downloads\\skitbitagency2\\lib\\i18n.ts": {"path":"C:\\Users\\HP\\Downloads\\skitbitagency2\\lib\\i18n.ts","statementMap":{"0":{"start":{"line":1,"column":25},"end":{"line":11,"column":10}},"1":{"start":{"line":15,"column":45},"end":{"line":15,"column":49}},"2":{"start":{"line":17,"column":34},"end":{"line":17,"column":66}},"3":{"start":{"line":17,"column":56},"end":{"line":17,"column":65}},"4":{"start":{"line":20,"column":2},"end":{"line":20,"column":59}}},"fnMap":{"0":{"name":"(anonymous_0)","decl":{"start":{"line":17,"column":48},"end":{"line":17,"column":49}},"loc":{"start":{"line":17,"column":56},"end":{"line":17,"column":65}},"line":17},"1":{"name":"isValidLanguage","decl":{"start":{"line":19,"column":16},"end":{"line":19,"column":31}},"loc":{"start":{"line":19,"column":68},"end":{"line":21,"column":1}},"line":19}},"branchMap":{},"s":{"0":0,"1":0,"2":0,"3":0,"4":0},"f":{"0":0,"1":0},"b":{}}
,"C:\\Users\\HP\\Downloads\\skitbitagency2\\lib\\trading-simulator-types.ts": {"path":"C:\\Users\\HP\\Downloads\\skitbitagency2\\lib\\trading-simulator-types.ts","statementMap":{},"fnMap":{},"branchMap":{},"s":{},"f":{},"b":{}}
,"C:\\Users\\HP\\Downloads\\skitbitagency2\\lib\\translations.ts": {"path":"C:\\Users\\HP\\Downloads\\skitbitagency2\\lib\\translations.ts","statementMap":{"0":{"start":{"line":1,"column":68},"end":{"line":362,"column":10}}},"fnMap":{},"branchMap":{},"s":{"0":0},"f":{},"b":{}}
,"C:\\Users\\HP\\Downloads\\skitbitagency2\\lib\\utils.ts": {"path":"C:\\Users\\HP\\Downloads\\skitbitagency2\\lib\\utils.ts","statementMap":{"0":{"start":{"line":5,"column":2},"end":{"line":5,"column":30}}},"fnMap":{"0":{"name":"cn","decl":{"start":{"line":4,"column":16},"end":{"line":4,"column":18}},"loc":{"start":{"line":4,"column":44},"end":{"line":6,"column":1}},"line":4}},"branchMap":{},"s":{"0":261},"f":{"0":261},"b":{},"_coverageSchema":"1a1c01bbd47fc00a2c39e90264f33305004495a9","hash":"617b8c856d8a3d9123436e96cc62187930c78652"}
,"C:\\Users\\HP\\Downloads\\skitbitagency2\\lib\\types\\index.ts": {"path":"C:\\Users\\HP\\Downloads\\skitbitagency2\\lib\\types\\index.ts","statementMap":{},"fnMap":{},"branchMap":{},"s":{},"f":{},"b":{}}
}
