TN:
SF:components\achievement-gallery.tsx
FN:12,(anonymous_0)
FN:18,(anonymous_1)
FN:24,(anonymous_2)
FN:49,(anonymous_3)
FN:68,(anonymous_4)
FN:111,(anonymous_5)
FN:112,(anonymous_6)
FN:128,(anonymous_7)
FN:158,(anonymous_8)
FNF:9
FNH:0
FNDA:0,(anonymous_0)
FNDA:0,(anonymous_1)
FNDA:0,(anonymous_2)
FNDA:0,(anonymous_3)
FNDA:0,(anonymous_4)
FNDA:0,(anonymous_5)
FNDA:0,(anonymous_6)
FNDA:0,(anonymous_7)
FNDA:0,(anonymous_8)
DA:12,0
DA:13,0
DA:14,0
DA:15,0
DA:16,0
DA:18,0
DA:19,0
DA:20,0
DA:24,0
DA:25,0
DA:26,0
DA:27,0
DA:28,0
DA:34,0
DA:36,0
DA:37,0
DA:39,0
DA:42,0
DA:43,0
DA:45,0
DA:49,0
DA:50,0
DA:52,0
DA:54,0
DA:56,0
DA:58,0
DA:60,0
DA:62,0
DA:64,0
DA:68,0
DA:69,0
DA:71,0
DA:73,0
DA:75,0
DA:77,0
DA:79,0
DA:81,0
DA:85,0
DA:86,0
DA:95,0
DA:96,0
DA:111,0
DA:112,0
DA:114,0
DA:129,0
DA:159,0
LF:46
LH:0
BRDA:12,0,0,0
BRDA:19,1,0,0
BRDA:19,1,1,0
BRDA:36,2,0,0
BRDA:36,2,1,0
BRDA:37,3,0,0
BRDA:37,3,1,0
BRDA:39,4,0,0
BRDA:39,4,1,0
BRDA:50,5,0,0
BRDA:50,5,1,0
BRDA:50,5,2,0
BRDA:50,5,3,0
BRDA:50,5,4,0
BRDA:50,5,5,0
BRDA:50,5,6,0
BRDA:69,6,0,0
BRDA:69,6,1,0
BRDA:69,6,2,0
BRDA:69,6,3,0
BRDA:69,6,4,0
BRDA:69,6,5,0
BRDA:85,7,0,0
BRDA:85,7,1,0
BRDA:95,8,0,0
BRDA:95,8,1,0
BRDA:124,9,0,0
BRDA:124,9,1,0
BRDA:154,10,0,0
BRDA:154,10,1,0
BRDA:183,11,0,0
BRDA:183,11,1,0
BRF:32
BRH:0
end_of_record
TN:
SF:components\achievement-notification-container.tsx
FN:7,AchievementNotificationContainer
FN:10,(anonymous_1)
FN:12,(anonymous_2)
FN:19,(anonymous_3)
FN:25,(anonymous_4)
FN:36,(anonymous_5)
FNF:6
FNH:0
FNDA:0,AchievementNotificationContainer
FNDA:0,(anonymous_1)
FNDA:0,(anonymous_2)
FNDA:0,(anonymous_3)
FNDA:0,(anonymous_4)
FNDA:0,(anonymous_5)
DA:8,0
DA:10,0
DA:12,0
DA:13,0
DA:16,0
DA:19,0
DA:20,0
DA:23,0
DA:26,0
DA:36,0
LF:10
LH:0
BRF:0
BRH:0
end_of_record
TN:
SF:components\achievement-notification-system.tsx
FN:29,(anonymous_0)
FN:37,(anonymous_1)
FN:39,(anonymous_2)
FN:44,(anonymous_3)
FN:51,(anonymous_4)
FN:56,(anonymous_5)
FN:139,(anonymous_6)
FN:146,(anonymous_7)
FN:150,(anonymous_8)
FN:151,(anonymous_9)
FN:165,(anonymous_10)
FN:173,(anonymous_11)
FN:174,(anonymous_12)
FN:179,(anonymous_13)
FN:186,(anonymous_14)
FNF:15
FNH:0
FNDA:0,(anonymous_0)
FNDA:0,(anonymous_1)
FNDA:0,(anonymous_2)
FNDA:0,(anonymous_3)
FNDA:0,(anonymous_4)
FNDA:0,(anonymous_5)
FNDA:0,(anonymous_6)
FNDA:0,(anonymous_7)
FNDA:0,(anonymous_8)
FNDA:0,(anonymous_9)
FNDA:0,(anonymous_10)
FNDA:0,(anonymous_11)
FNDA:0,(anonymous_12)
FNDA:0,(anonymous_13)
FNDA:0,(anonymous_14)
DA:29,0
DA:34,0
DA:35,0
DA:37,0
DA:39,0
DA:40,0
DA:41,0
DA:44,0
DA:45,0
DA:46,0
DA:51,0
DA:52,0
DA:53,0
DA:56,0
DA:57,0
DA:58,0
DA:59,0
DA:60,0
DA:61,0
DA:62,0
DA:66,0
DA:139,0
DA:144,0
DA:147,0
DA:150,0
DA:151,0
DA:165,0
DA:170,0
DA:171,0
DA:173,0
DA:174,0
DA:175,0
DA:176,0
DA:179,0
DA:180,0
DA:181,0
DA:186,0
DA:187,0
DA:188,0
DA:191,0
DA:193,0
LF:41
LH:0
BRDA:45,0,0,0
BRDA:45,0,1,0
BRDA:57,1,0,0
BRDA:57,1,1,0
BRDA:57,1,2,0
BRDA:57,1,3,0
BRDA:57,1,4,0
BRDA:69,2,0,0
BRDA:69,2,1,0
BRDA:116,3,0,0
BRDA:116,3,1,0
BRDA:151,4,0,0
BRDA:151,4,1,0
BRDA:180,5,0,0
BRDA:180,5,1,0
BRDA:196,6,0,0
BRDA:196,6,1,0
BRF:17
BRH:0
end_of_record
TN:
SF:components\achievement-notification.tsx
FN:17,AchievementNotification
FN:25,(anonymous_1)
FN:27,(anonymous_2)
FN:32,(anonymous_3)
FN:36,(anonymous_4)
FN:75,(anonymous_5)
FN:97,(anonymous_6)
FN:118,(anonymous_7)
FN:125,(anonymous_8)
FN:130,(anonymous_9)
FN:131,(anonymous_10)
FN:135,(anonymous_11)
FN:139,(anonymous_12)
FN:144,(anonymous_13)
FN:146,(anonymous_14)
FN:147,(anonymous_15)
FN:151,(anonymous_16)
FN:152,(anonymous_17)
FNF:18
FNH:0
FNDA:0,AchievementNotification
FNDA:0,(anonymous_1)
FNDA:0,(anonymous_2)
FNDA:0,(anonymous_3)
FNDA:0,(anonymous_4)
FNDA:0,(anonymous_5)
FNDA:0,(anonymous_6)
FNDA:0,(anonymous_7)
FNDA:0,(anonymous_8)
FNDA:0,(anonymous_9)
FNDA:0,(anonymous_10)
FNDA:0,(anonymous_11)
FNDA:0,(anonymous_12)
FNDA:0,(anonymous_13)
FNDA:0,(anonymous_14)
FNDA:0,(anonymous_15)
FNDA:0,(anonymous_16)
FNDA:0,(anonymous_17)
DA:23,0
DA:25,0
DA:26,0
DA:27,0
DA:28,0
DA:29,0
DA:32,0
DA:36,0
DA:37,0
DA:39,0
DA:41,0
DA:43,0
DA:45,0
DA:47,0
DA:49,0
DA:53,0
DA:55,0
DA:76,0
DA:77,0
DA:98,0
DA:99,0
DA:115,0
DA:116,0
DA:119,0
DA:120,0
DA:122,0
DA:126,0
DA:127,0
DA:131,0
DA:132,0
DA:136,0
DA:140,0
DA:141,0
DA:145,0
DA:146,0
DA:147,0
DA:152,0
DA:156,0
LF:38
LH:0
BRDA:20,0,0,0
BRDA:21,1,0,0
BRDA:26,2,0,0
BRDA:26,2,1,0
BRDA:37,3,0,0
BRDA:37,3,1,0
BRDA:37,3,2,0
BRDA:37,3,3,0
BRDA:37,3,4,0
BRDA:37,3,5,0
BRDA:53,4,0,0
BRDA:53,4,1,0
BRDA:119,5,0,0
BRDA:119,5,1,0
BRF:14
BRH:0
end_of_record
TN:
SF:components\activity-feed.tsx
FN:55,ActivityFeed
FN:66,(anonymous_1)
FNF:2
FNH:0
FNDA:0,ActivityFeed
FNDA:0,(anonymous_1)
DA:7,0
DA:56,0
DA:67,0
LF:3
LH:0
BRF:0
BRH:0
end_of_record
TN:
SF:components\algo-trading-education.tsx
FN:94,AlgoTradingEducation
FN:95,(anonymous_1)
FN:131,(anonymous_2)
FN:162,(anonymous_3)
FN:184,(anonymous_4)
FN:263,(anonymous_5)
FNF:6
FNH:0
FNDA:0,AlgoTradingEducation
FNDA:0,(anonymous_1)
FNDA:0,(anonymous_2)
FNDA:0,(anonymous_3)
FNDA:0,(anonymous_4)
FNDA:0,(anonymous_5)
DA:10,0
DA:67,0
DA:95,0
DA:96,0
DA:98,0
DA:100,0
DA:102,0
DA:104,0
DA:108,0
DA:132,0
DA:163,0
DA:185,0
DA:264,0
LF:13
LH:0
BRDA:96,0,0,0
BRDA:96,0,1,0
BRDA:96,0,2,0
BRDA:96,0,3,0
BRDA:172,1,0,0
BRDA:172,1,1,0
BRDA:172,2,0,0
BRDA:172,2,1,0
BRDA:174,3,0,0
BRDA:174,3,1,0
BRDA:174,4,0,0
BRDA:174,4,1,0
BRF:12
BRH:0
end_of_record
TN:
SF:components\algo-trading-simulator.tsx
FN:66,(anonymous_0)
FN:68,(anonymous_1)
FN:69,(anonymous_2)
FN:100,(anonymous_3)
FN:102,(anonymous_4)
FN:131,(anonymous_5)
FN:133,(anonymous_6)
FN:163,calculateSMA
FN:166,(anonymous_8)
FN:172,calculateRSI
FN:184,(anonymous_10)
FN:185,(anonymous_11)
FN:193,calculateBollingerBands
FN:201,(anonymous_13)
FN:211,AlgoTradingSimulator
FN:222,(anonymous_15)
FN:223,(anonymous_16)
FN:259,(anonymous_17)
FN:263,(anonymous_18)
FN:272,(anonymous_19)
FN:287,(anonymous_20)
FN:313,(anonymous_21)
FN:314,(anonymous_22)
FN:315,(anonymous_23)
FN:332,(anonymous_24)
FN:355,(anonymous_25)
FN:356,(anonymous_26)
FN:364,(anonymous_27)
FN:378,(anonymous_28)
FN:390,(anonymous_29)
FN:396,(anonymous_30)
FN:396,(anonymous_31)
FN:501,(anonymous_32)
FNF:33
FNH:0
FNDA:0,(anonymous_0)
FNDA:0,(anonymous_1)
FNDA:0,(anonymous_2)
FNDA:0,(anonymous_3)
FNDA:0,(anonymous_4)
FNDA:0,(anonymous_5)
FNDA:0,(anonymous_6)
FNDA:0,calculateSMA
FNDA:0,(anonymous_8)
FNDA:0,calculateRSI
FNDA:0,(anonymous_10)
FNDA:0,(anonymous_11)
FNDA:0,calculateBollingerBands
FNDA:0,(anonymous_13)
FNDA:0,AlgoTradingSimulator
FNDA:0,(anonymous_15)
FNDA:0,(anonymous_16)
FNDA:0,(anonymous_17)
FNDA:0,(anonymous_18)
FNDA:0,(anonymous_19)
FNDA:0,(anonymous_20)
FNDA:0,(anonymous_21)
FNDA:0,(anonymous_22)
FNDA:0,(anonymous_23)
FNDA:0,(anonymous_24)
FNDA:0,(anonymous_25)
FNDA:0,(anonymous_26)
FNDA:0,(anonymous_27)
FNDA:0,(anonymous_28)
FNDA:0,(anonymous_29)
FNDA:0,(anonymous_30)
FNDA:0,(anonymous_31)
FNDA:0,(anonymous_32)
DA:61,0
DA:67,0
DA:68,0
DA:69,0
DA:71,0
DA:72,0
DA:74,0
DA:81,0
DA:83,0
DA:93,0
DA:101,0
DA:102,0
DA:104,0
DA:105,0
DA:106,0
DA:113,0
DA:114,0
DA:124,0
DA:132,0
DA:133,0
DA:135,0
DA:136,0
DA:138,0
DA:145,0
DA:147,0
DA:157,0
DA:164,0
DA:165,0
DA:166,0
DA:167,0
DA:169,0
DA:173,0
DA:174,0
DA:175,0
DA:177,0
DA:178,0
DA:179,0
DA:180,0
DA:183,0
DA:184,0
DA:185,0
DA:186,0
DA:187,0
DA:190,0
DA:194,0
DA:195,0
DA:196,0
DA:198,0
DA:199,0
DA:200,0
DA:201,0
DA:202,0
DA:204,0
DA:205,0
DA:208,0
DA:212,0
DA:213,0
DA:214,0
DA:215,0
DA:216,0
DA:217,0
DA:218,0
DA:219,0
DA:222,0
DA:223,0
DA:224,0
DA:225,0
DA:226,0
DA:227,0
DA:229,0
DA:230,0
DA:231,0
DA:233,0
DA:234,0
DA:235,0
DA:236,0
DA:237,0
DA:238,0
DA:240,0
DA:249,0
DA:252,0
DA:255,0
DA:259,0
DA:260,0
DA:263,0
DA:264,0
DA:265,0
DA:266,0
DA:267,0
DA:270,0
DA:271,0
DA:272,0
DA:276,0
DA:277,0
DA:280,0
DA:281,0
DA:282,0
DA:283,0
DA:284,0
DA:285,0
DA:287,0
DA:288,0
DA:289,0
DA:290,0
DA:292,0
DA:293,0
DA:294,0
DA:295,0
DA:296,0
DA:298,0
DA:302,0
DA:303,0
DA:306,0
DA:307,0
DA:308,0
DA:309,0
DA:313,0
DA:314,0
DA:315,0
DA:316,0
DA:318,0
DA:329,0
DA:332,0
DA:333,0
DA:334,0
DA:335,0
DA:336,0
DA:339,0
DA:356,0
DA:357,0
DA:365,0
DA:378,0
DA:391,0
DA:396,0
DA:502,0
LF:135
LH:0
BRDA:72,0,0,0
BRDA:72,0,1,0
BRDA:72,1,0,0
BRDA:72,1,1,0
BRDA:81,2,0,0
BRDA:81,2,1,0
BRDA:81,3,0,0
BRDA:81,3,1,0
BRDA:105,4,0,0
BRDA:105,4,1,0
BRDA:105,5,0,0
BRDA:105,5,1,0
BRDA:113,6,0,0
BRDA:113,6,1,0
BRDA:113,7,0,0
BRDA:113,7,1,0
BRDA:136,8,0,0
BRDA:136,8,1,0
BRDA:136,9,0,0
BRDA:136,9,1,0
BRDA:145,10,0,0
BRDA:145,10,1,0
BRDA:145,11,0,0
BRDA:145,11,1,0
BRDA:179,12,0,0
BRDA:179,12,1,0
BRDA:180,13,0,0
BRDA:180,13,1,0
BRDA:289,14,0,0
BRDA:289,14,1,0
BRDA:294,15,0,0
BRDA:294,15,1,0
BRDA:307,16,0,0
BRDA:307,16,1,0
BRDA:308,17,0,0
BRDA:308,17,1,0
BRDA:309,18,0,0
BRDA:309,18,1,0
BRDA:316,19,0,0
BRDA:316,19,1,0
BRDA:357,20,0,0
BRDA:357,20,1,0
BRDA:408,21,0,0
BRDA:408,21,1,0
BRDA:426,22,0,0
BRDA:426,22,1,0
BRDA:439,23,0,0
BRDA:439,23,1,0
BRDA:444,24,0,0
BRDA:444,24,1,0
BRDA:447,25,0,0
BRDA:447,25,1,0
BRDA:494,26,0,0
BRDA:494,26,1,0
BRDA:504,27,0,0
BRDA:504,27,1,0
BRDA:533,28,0,0
BRDA:533,28,1,0
BRDA:537,29,0,0
BRDA:537,29,1,0
BRDA:541,30,0,0
BRDA:541,30,1,0
BRDA:545,31,0,0
BRDA:545,31,1,0
BRDA:552,32,0,0
BRDA:552,32,1,0
BRDA:554,33,0,0
BRDA:554,33,1,0
BRDA:556,34,0,0
BRDA:556,34,1,0
BRF:70
BRH:0
end_of_record
TN:
SF:components\appverse-footer.tsx
FN:21,AppverseFooter
FN:24,(anonymous_1)
FN:121,(anonymous_2)
FNF:3
FNH:0
FNDA:0,AppverseFooter
FNDA:0,(anonymous_1)
FNDA:0,(anonymous_2)
DA:16,0
DA:22,0
DA:24,0
DA:26,0
DA:27,0
DA:28,0
DA:29,0
DA:30,0
DA:31,0
DA:34,0
DA:39,0
DA:122,0
LF:12
LH:0
BRDA:27,0,0,0
BRDA:27,0,1,0
BRDA:30,1,0,0
BRDA:30,1,1,0
BRF:4
BRH:0
end_of_record
TN:
SF:components\asset-allocation.tsx
FN:15,AssetAllocation
FN:26,(anonymous_1)
FNF:2
FNH:0
FNDA:0,AssetAllocation
FNDA:0,(anonymous_1)
DA:7,0
DA:16,0
DA:27,0
LF:3
LH:0
BRF:0
BRH:0
end_of_record
TN:
SF:components\auth-modal.tsx
FN:14,AuthModal
FN:34,(anonymous_1)
FN:40,(anonymous_2)
FN:64,(anonymous_3)
FN:65,(anonymous_4)
FN:68,(anonymous_5)
FN:69,(anonymous_6)
FN:97,(anonymous_7)
FN:110,(anonymous_8)
FN:118,(anonymous_9)
FN:130,(anonymous_10)
FN:158,(anonymous_11)
FN:170,(anonymous_12)
FN:183,(anonymous_13)
FN:191,(anonymous_14)
FN:205,(anonymous_15)
FN:215,(anonymous_16)
FN:234,(anonymous_17)
FNF:18
FNH:0
FNDA:0,AuthModal
FNDA:0,(anonymous_1)
FNDA:0,(anonymous_2)
FNDA:0,(anonymous_3)
FNDA:0,(anonymous_4)
FNDA:0,(anonymous_5)
FNDA:0,(anonymous_6)
FNDA:0,(anonymous_7)
FNDA:0,(anonymous_8)
FNDA:0,(anonymous_9)
FNDA:0,(anonymous_10)
FNDA:0,(anonymous_11)
FNDA:0,(anonymous_12)
FNDA:0,(anonymous_13)
FNDA:0,(anonymous_14)
FNDA:0,(anonymous_15)
FNDA:0,(anonymous_16)
FNDA:0,(anonymous_17)
DA:15,0
DA:16,0
DA:17,0
DA:19,0
DA:25,0
DA:34,0
DA:35,0
DA:36,0
DA:37,0
DA:40,0
DA:41,0
DA:42,0
DA:45,0
DA:47,0
DA:48,0
DA:51,0
DA:52,0
DA:53,0
DA:56,0
DA:57,0
DA:58,0
DA:61,0
DA:64,0
DA:65,0
DA:68,0
DA:69,0
DA:72,0
DA:97,0
DA:110,0
DA:118,0
DA:130,0
DA:158,0
DA:170,0
DA:183,0
DA:191,0
DA:205,0
DA:215,0
DA:234,0
LF:38
LH:0
BRDA:45,0,0,0
BRDA:45,0,1,0
BRDA:51,1,0,0
BRDA:51,1,1,0
BRDA:56,2,0,0
BRDA:56,2,1,0
BRDA:107,3,0,0
BRDA:107,3,1,0
BRDA:120,4,0,0
BRDA:120,4,1,0
BRDA:136,5,0,0
BRDA:136,5,1,0
BRDA:143,6,0,0
BRDA:143,6,1,0
BRDA:180,7,0,0
BRDA:180,7,1,0
BRDA:193,8,0,0
BRDA:193,8,1,0
BRDA:250,9,0,0
BRDA:250,9,1,0
BRDA:257,10,0,0
BRDA:257,10,1,0
BRF:22
BRH:0
end_of_record
TN:
SF:components\backtest-results.tsx
FN:19,BacktestResults
FN:23,(anonymous_1)
FN:26,(anonymous_2)
FN:27,(anonymous_3)
FN:37,(anonymous_4)
FN:257,(anonymous_5)
FNF:6
FNH:0
FNDA:0,BacktestResults
FNDA:0,(anonymous_1)
FNDA:0,(anonymous_2)
FNDA:0,(anonymous_3)
FNDA:0,(anonymous_4)
FNDA:0,(anonymous_5)
DA:20,0
DA:21,0
DA:23,0
DA:24,0
DA:25,0
DA:26,0
DA:27,0
DA:28,0
DA:29,0
DA:30,0
DA:31,0
DA:33,0
DA:37,0
DA:41,0
DA:56,0
DA:71,0
DA:258,0
LF:17
LH:0
BRDA:24,0,0,0
BRDA:24,0,1,0
BRDA:28,1,0,0
BRDA:28,1,1,0
BRDA:128,2,0,0
BRDA:128,2,1,0
BRDA:144,3,0,0
BRDA:144,3,1,0
BRDA:156,4,0,0
BRDA:156,4,1,0
BRDA:163,5,0,0
BRDA:163,5,1,0
BRDA:260,6,0,0
BRDA:260,6,1,0
BRDA:261,7,0,0
BRDA:261,7,1,0
BRF:16
BRH:0
end_of_record
TN:
SF:components\community-qa.tsx
FN:89,CommunityQA
FN:95,(anonymous_1)
FN:128,(anonymous_2)
FN:157,(anonymous_3)
FN:197,(anonymous_4)
FN:216,(anonymous_5)
FN:277,(anonymous_6)
FN:293,(anonymous_7)
FNF:8
FNH:0
FNDA:0,CommunityQA
FNDA:0,(anonymous_1)
FNDA:0,(anonymous_2)
FNDA:0,(anonymous_3)
FNDA:0,(anonymous_4)
FNDA:0,(anonymous_5)
FNDA:0,(anonymous_6)
FNDA:0,(anonymous_7)
DA:14,0
DA:74,0
DA:90,0
DA:91,0
DA:92,0
DA:93,0
DA:95,0
DA:96,0
DA:98,0
DA:100,0
DA:102,0
DA:104,0
DA:106,0
DA:110,0
DA:128,0
DA:157,0
DA:197,0
DA:217,0
DA:278,0
DA:294,0
LF:20
LH:0
BRDA:96,0,0,0
BRDA:96,0,1,0
BRDA:96,0,2,0
BRDA:96,0,3,0
BRDA:96,0,4,0
BRDA:163,1,0,0
BRDA:163,1,1,0
BRDA:237,2,0,0
BRDA:237,2,1,0
BRDA:242,3,0,0
BRDA:242,3,1,0
BRDA:255,4,0,0
BRDA:255,4,1,0
BRDA:298,5,0,0
BRDA:298,5,1,0
BRF:15
BRH:0
end_of_record
TN:
SF:components\daily-challenges.tsx
FN:16,DailyChallenges
FN:21,(anonymous_1)
FN:25,(anonymous_2)
FN:41,(anonymous_3)
FN:63,(anonymous_4)
FN:82,(anonymous_5)
FN:101,(anonymous_6)
FN:117,(anonymous_7)
FN:132,(anonymous_8)
FN:153,(anonymous_9)
FN:154,(anonymous_10)
FN:179,(anonymous_11)
FN:220,(anonymous_12)
FN:238,(anonymous_13)
FNF:14
FNH:0
FNDA:0,DailyChallenges
FNDA:0,(anonymous_1)
FNDA:0,(anonymous_2)
FNDA:0,(anonymous_3)
FNDA:0,(anonymous_4)
FNDA:0,(anonymous_5)
FNDA:0,(anonymous_6)
FNDA:0,(anonymous_7)
FNDA:0,(anonymous_8)
FNDA:0,(anonymous_9)
FNDA:0,(anonymous_10)
FNDA:0,(anonymous_11)
FNDA:0,(anonymous_12)
FNDA:0,(anonymous_13)
DA:17,0
DA:18,0
DA:19,0
DA:21,0
DA:22,0
DA:25,0
DA:26,0
DA:27,0
DA:28,0
DA:29,0
DA:31,0
DA:32,0
DA:35,0
DA:37,0
DA:41,0
DA:42,0
DA:43,0
DA:54,0
DA:56,0
DA:59,0
DA:63,0
DA:64,0
DA:66,0
DA:68,0
DA:70,0
DA:72,0
DA:74,0
DA:76,0
DA:78,0
DA:82,0
DA:83,0
DA:85,0
DA:87,0
DA:89,0
DA:91,0
DA:93,0
DA:95,0
DA:97,0
DA:101,0
DA:102,0
DA:103,0
DA:104,0
DA:106,0
DA:108,0
DA:109,0
DA:111,0
DA:112,0
DA:114,0
DA:117,0
DA:118,0
DA:121,0
DA:122,0
DA:133,0
DA:153,0
DA:154,0
DA:156,0
DA:180,0
DA:220,0
DA:239,0
LF:59
LH:0
BRDA:31,0,0,0
BRDA:31,0,1,0
BRDA:54,1,0,0
BRDA:54,1,1,0
BRDA:64,2,0,0
BRDA:64,2,1,0
BRDA:64,2,2,0
BRDA:64,2,3,0
BRDA:64,2,4,0
BRDA:64,2,5,0
BRDA:64,2,6,0
BRDA:83,3,0,0
BRDA:83,3,1,0
BRDA:83,3,2,0
BRDA:83,3,3,0
BRDA:83,3,4,0
BRDA:83,3,5,0
BRDA:83,3,6,0
BRDA:106,4,0,0
BRDA:106,4,1,0
BRDA:111,5,0,0
BRDA:111,5,1,0
BRDA:121,6,0,0
BRDA:121,6,1,0
BRDA:153,7,0,0
BRDA:153,7,1,0
BRDA:170,8,0,0
BRDA:170,8,1,0
BRDA:170,9,0,0
BRDA:170,9,1,0
BRDA:216,10,0,0
BRDA:216,10,1,0
BRDA:231,11,0,0
BRDA:231,11,1,0
BRF:34
BRH:0
end_of_record
TN:
SF:components\dashboard-header.tsx
FN:8,DashboardHeader
FNF:1
FNH:0
FNDA:0,DashboardHeader
DA:9,0
LF:1
LH:0
BRF:0
BRH:0
end_of_record
TN:
SF:components\dashboard-stats.tsx
FN:18,DashboardStats
FN:23,(anonymous_1)
FN:27,(anonymous_2)
FN:76,(anonymous_3)
FN:94,(anonymous_4)
FNF:5
FNH:0
FNDA:0,DashboardStats
FNDA:0,(anonymous_1)
FNDA:0,(anonymous_2)
FNDA:0,(anonymous_3)
FNDA:0,(anonymous_4)
DA:19,0
DA:20,0
DA:21,0
DA:23,0
DA:24,0
DA:27,0
DA:28,0
DA:29,0
DA:30,0
DA:32,0
DA:33,0
DA:36,0
DA:38,0
DA:42,0
DA:73,0
DA:74,0
DA:77,0
DA:92,0
DA:95,0
LF:19
LH:0
BRDA:32,0,0,0
BRDA:32,0,1,0
BRDA:45,1,0,0
BRDA:45,1,1,0
BRDA:46,2,0,0
BRDA:46,2,1,0
BRDA:52,3,0,0
BRDA:52,3,1,0
BRDA:53,4,0,0
BRDA:53,4,1,0
BRDA:59,5,0,0
BRDA:59,5,1,0
BRDA:60,6,0,0
BRDA:60,6,1,0
BRDA:66,7,0,0
BRDA:66,7,1,0
BRDA:67,8,0,0
BRDA:67,8,1,0
BRDA:67,9,0,0
BRDA:67,9,1,0
BRDA:73,10,0,0
BRDA:73,10,1,0
BRDA:102,11,0,0
BRDA:102,11,1,0
BRDA:103,12,0,0
BRDA:103,12,1,0
BRF:26
BRH:0
end_of_record
TN:
SF:components\discussion-forums.tsx
FN:132,DiscussionForums
FN:137,(anonymous_1)
FN:172,(anonymous_2)
FN:183,(anonymous_3)
FN:209,(anonymous_4)
FN:243,(anonymous_5)
FN:289,(anonymous_6)
FNF:7
FNH:0
FNDA:0,DiscussionForums
FNDA:0,(anonymous_1)
FNDA:0,(anonymous_2)
FNDA:0,(anonymous_3)
FNDA:0,(anonymous_4)
FNDA:0,(anonymous_5)
FNDA:0,(anonymous_6)
DA:12,0
DA:69,0
DA:133,0
DA:134,0
DA:135,0
DA:137,0
DA:138,0
DA:140,0
DA:142,0
DA:144,0
DA:146,0
DA:148,0
DA:150,0
DA:154,0
DA:172,0
DA:184,0
DA:210,0
DA:244,0
DA:290,0
LF:19
LH:0
BRDA:138,0,0,0
BRDA:138,0,1,0
BRDA:138,0,2,0
BRDA:138,0,3,0
BRDA:138,0,4,0
BRDA:138,0,5,0
BRDA:249,1,0,0
BRDA:249,1,1,0
BRDA:261,2,0,0
BRDA:261,2,1,0
BRF:10
BRH:0
end_of_record
TN:
SF:components\economic-calendar.tsx
FN:42,EconomicCalendar
FN:43,(anonymous_1)
FN:64,(anonymous_2)
FNF:3
FNH:0
FNDA:0,EconomicCalendar
FNDA:0,(anonymous_1)
FNDA:0,(anonymous_2)
DA:7,0
DA:43,0
DA:44,0
DA:46,0
DA:48,0
DA:50,0
DA:54,0
DA:65,0
LF:8
LH:0
BRDA:44,0,0,0
BRDA:44,0,1,0
BRDA:44,0,2,0
BRDA:75,1,0,0
BRDA:75,1,1,0
BRF:5
BRH:0
end_of_record
TN:
SF:components\enhanced-gamification-dashboard.tsx
FN:35,(anonymous_0)
FN:45,(anonymous_1)
FN:70,(anonymous_2)
FN:121,(anonymous_3)
FN:147,(anonymous_4)
FN:170,(anonymous_5)
FN:197,(anonymous_6)
FN:224,(anonymous_7)
FN:225,(anonymous_8)
FN:226,(anonymous_9)
FN:240,(anonymous_10)
FN:303,(anonymous_11)
FN:339,(anonymous_12)
FN:364,(anonymous_13)
FNF:14
FNH:0
FNDA:0,(anonymous_0)
FNDA:0,(anonymous_1)
FNDA:0,(anonymous_2)
FNDA:0,(anonymous_3)
FNDA:0,(anonymous_4)
FNDA:0,(anonymous_5)
FNDA:0,(anonymous_6)
FNDA:0,(anonymous_7)
FNDA:0,(anonymous_8)
FNDA:0,(anonymous_9)
FNDA:0,(anonymous_10)
FNDA:0,(anonymous_11)
FNDA:0,(anonymous_12)
FNDA:0,(anonymous_13)
DA:35,0
DA:39,0
DA:40,0
DA:41,0
DA:42,0
DA:43,0
DA:45,0
DA:47,0
DA:48,0
DA:51,0
DA:52,0
DA:55,0
DA:56,0
DA:57,0
DA:59,0
DA:63,0
DA:64,0
DA:65,0
DA:66,0
DA:70,0
DA:71,0
DA:72,0
DA:74,0
DA:75,0
DA:76,0
DA:80,0
DA:81,0
DA:84,0
DA:86,0
DA:121,0
DA:148,0
DA:170,0
DA:198,0
DA:225,0
DA:226,0
DA:228,0
DA:241,0
DA:242,0
DA:244,0
DA:304,0
DA:339,0
DA:365,0
LF:42
LH:0
BRDA:37,0,0,0
BRDA:55,1,0,0
BRDA:55,1,1,0
BRDA:65,2,0,0
BRDA:65,2,1,0
BRDA:72,3,0,0
BRDA:72,3,1,0
BRDA:80,4,0,0
BRDA:80,4,1,0
BRDA:121,5,0,0
BRDA:121,5,1,0
BRDA:167,6,0,0
BRDA:167,6,1,0
BRDA:167,6,2,0
BRDA:177,7,0,0
BRDA:177,7,1,0
BRDA:205,8,0,0
BRDA:205,8,1,0
BRDA:206,9,0,0
BRDA:206,9,1,0
BRDA:207,10,0,0
BRDA:207,10,1,0
BRDA:248,11,0,0
BRDA:248,11,1,0
BRDA:252,12,0,0
BRDA:252,12,1,0
BRDA:259,13,0,0
BRDA:259,13,1,0
BRDA:270,14,0,0
BRDA:270,14,1,0
BRDA:271,15,0,0
BRDA:271,15,1,0
BRDA:272,16,0,0
BRDA:272,16,1,0
BRDA:308,17,0,0
BRDA:308,17,1,0
BRDA:309,18,0,0
BRDA:309,18,1,0
BRDA:311,19,0,0
BRDA:311,19,1,0
BRDA:337,20,0,0
BRDA:337,20,1,0
BRDA:337,20,2,0
BRDA:368,21,0,0
BRDA:368,21,1,0
BRF:45
BRH:0
end_of_record
TN:
SF:components\examples-dialog.tsx
FN:16,ExamplesDialog
FNF:1
FNH:0
FNDA:0,ExamplesDialog
DA:6,0
DA:17,0
LF:2
LH:0
BRF:0
BRH:0
end_of_record
TN:
SF:components\features.tsx
FN:18,Features
FN:21,(anonymous_1)
FN:87,(anonymous_2)
FNF:3
FNH:0
FNDA:0,Features
FNDA:0,(anonymous_1)
FNDA:0,(anonymous_2)
DA:13,0
DA:19,0
DA:21,0
DA:23,0
DA:24,0
DA:25,0
DA:26,0
DA:27,0
DA:28,0
DA:31,0
DA:36,0
DA:88,0
LF:12
LH:0
BRDA:24,0,0,0
BRDA:24,0,1,0
BRDA:27,1,0,0
BRDA:27,1,1,0
BRF:4
BRH:0
end_of_record
TN:
SF:components\footer.tsx
FN:1,Footer
FNF:1
FNH:0
FNDA:0,Footer
DA:2,0
LF:1
LH:0
BRF:0
BRH:0
end_of_record
TN:
SF:components\gamification-dashboard.tsx
FN:33,GamificationDashboard
FN:39,(anonymous_1)
FN:43,(anonymous_2)
FN:67,(anonymous_3)
FN:72,(anonymous_4)
FN:83,(anonymous_5)
FN:100,(anonymous_6)
FN:216,(anonymous_7)
FNF:8
FNH:0
FNDA:0,GamificationDashboard
FNDA:0,(anonymous_1)
FNDA:0,(anonymous_2)
FNDA:0,(anonymous_3)
FNDA:0,(anonymous_4)
FNDA:0,(anonymous_5)
FNDA:0,(anonymous_6)
FNDA:0,(anonymous_7)
DA:34,0
DA:35,0
DA:36,0
DA:37,0
DA:39,0
DA:40,0
DA:43,0
DA:44,0
DA:45,0
DA:48,0
DA:49,0
DA:50,0
DA:51,0
DA:55,0
DA:56,0
DA:57,0
DA:58,0
DA:61,0
DA:63,0
DA:67,0
DA:68,0
DA:69,0
DA:72,0
DA:73,0
DA:74,0
DA:75,0
DA:76,0
DA:79,0
DA:80,0
DA:84,0
DA:101,0
DA:110,0
DA:217,0
LF:33
LH:0
BRDA:49,0,0,0
BRDA:49,0,1,0
BRDA:56,1,0,0
BRDA:56,1,1,0
BRDA:68,2,0,0
BRDA:68,2,1,0
BRDA:73,3,0,0
BRDA:73,3,1,0
BRDA:74,4,0,0
BRDA:74,4,1,0
BRDA:75,5,0,0
BRDA:75,5,1,0
BRDA:79,6,0,0
BRDA:79,6,1,0
BRDA:120,7,0,0
BRDA:120,7,1,0
BRDA:122,8,0,0
BRDA:122,8,1,0
BRDA:134,9,0,0
BRDA:134,9,1,0
BRDA:134,10,0,0
BRDA:134,10,1,0
BRDA:137,11,0,0
BRDA:137,11,1,0
BRDA:145,12,0,0
BRDA:145,12,1,0
BRDA:148,13,0,0
BRDA:148,13,1,0
BRDA:150,14,0,0
BRDA:150,14,1,0
BRDA:161,15,0,0
BRDA:161,15,1,0
BRDA:163,16,0,0
BRDA:163,16,1,0
BRDA:180,17,0,0
BRDA:180,17,1,0
BRDA:182,18,0,0
BRDA:182,18,1,0
BRDA:187,19,0,0
BRDA:187,19,1,0
BRDA:188,20,0,0
BRDA:188,20,1,0
BRDA:214,21,0,0
BRDA:214,21,1,0
BRDA:249,22,0,0
BRDA:249,22,1,0
BRDA:253,23,0,0
BRDA:253,23,1,0
BRDA:257,24,0,0
BRDA:257,24,1,0
BRDA:261,25,0,0
BRDA:261,25,1,0
BRF:52
BRH:0
end_of_record
TN:
SF:components\gamification-widget.tsx
FN:11,GamificationWidget
FNF:1
FNH:0
FNDA:0,GamificationWidget
DA:12,0
DA:13,0
DA:14,0
DA:15,0
DA:17,0
LF:5
LH:0
BRDA:57,0,0,0
BRDA:57,0,1,0
BRF:2
BRH:0
end_of_record
TN:
SF:components\gamification-widgets.tsx
FN:17,GamificationWidgets
FN:23,(anonymous_1)
FN:27,(anonymous_2)
FN:123,(anonymous_3)
FNF:4
FNH:0
FNDA:0,GamificationWidgets
FNDA:0,(anonymous_1)
FNDA:0,(anonymous_2)
FNDA:0,(anonymous_3)
DA:18,0
DA:19,0
DA:20,0
DA:21,0
DA:23,0
DA:24,0
DA:27,0
DA:28,0
DA:29,0
DA:32,0
DA:33,0
DA:35,0
DA:36,0
DA:40,0
DA:41,0
DA:43,0
DA:44,0
DA:47,0
DA:49,0
DA:53,0
DA:54,0
DA:75,0
DA:124,0
LF:23
LH:0
BRDA:35,0,0,0
BRDA:35,0,1,0
BRDA:43,1,0,0
BRDA:43,1,1,0
BRDA:53,2,0,0
BRDA:53,2,1,0
BRDA:78,3,0,0
BRDA:78,3,1,0
BRDA:113,4,0,0
BRDA:113,4,1,0
BRDA:155,5,0,0
BRDA:155,5,1,0
BRF:12
BRH:0
end_of_record
TN:
SF:components\gamified-quiz-interface.tsx
FN:75,(anonymous_0)
FN:98,(anonymous_1)
FN:100,(anonymous_2)
FN:101,(anonymous_3)
FN:110,(anonymous_4)
FN:121,(anonymous_5)
FN:130,(anonymous_6)
FN:133,(anonymous_7)
FN:138,(anonymous_8)
FN:147,(anonymous_9)
FN:148,(anonymous_10)
FN:161,(anonymous_11)
FN:165,(anonymous_12)
FN:177,(anonymous_13)
FN:183,(anonymous_14)
FN:277,(anonymous_15)
FN:317,(anonymous_16)
FN:337,(anonymous_17)
FN:368,(anonymous_18)
FN:370,(anonymous_19)
FN:390,(anonymous_20)
FN:393,(anonymous_21)
FN:424,(anonymous_22)
FN:431,(anonymous_23)
FN:446,(anonymous_24)
FN:451,(anonymous_25)
FN:454,(anonymous_26)
FN:455,(anonymous_27)
FN:466,(anonymous_28)
FN:471,(anonymous_29)
FN:501,(anonymous_30)
FN:521,(anonymous_31)
FNF:32
FNH:0
FNDA:0,(anonymous_0)
FNDA:0,(anonymous_1)
FNDA:0,(anonymous_2)
FNDA:0,(anonymous_3)
FNDA:0,(anonymous_4)
FNDA:0,(anonymous_5)
FNDA:0,(anonymous_6)
FNDA:0,(anonymous_7)
FNDA:0,(anonymous_8)
FNDA:0,(anonymous_9)
FNDA:0,(anonymous_10)
FNDA:0,(anonymous_11)
FNDA:0,(anonymous_12)
FNDA:0,(anonymous_13)
FNDA:0,(anonymous_14)
FNDA:0,(anonymous_15)
FNDA:0,(anonymous_16)
FNDA:0,(anonymous_17)
FNDA:0,(anonymous_18)
FNDA:0,(anonymous_19)
FNDA:0,(anonymous_20)
FNDA:0,(anonymous_21)
FNDA:0,(anonymous_22)
FNDA:0,(anonymous_23)
FNDA:0,(anonymous_24)
FNDA:0,(anonymous_25)
FNDA:0,(anonymous_26)
FNDA:0,(anonymous_27)
FNDA:0,(anonymous_28)
FNDA:0,(anonymous_29)
FNDA:0,(anonymous_30)
FNDA:0,(anonymous_31)
DA:75,0
DA:81,0
DA:91,0
DA:92,0
DA:93,0
DA:94,0
DA:95,0
DA:98,0
DA:99,0
DA:100,0
DA:101,0
DA:106,0
DA:107,0
DA:110,0
DA:111,0
DA:112,0
DA:117,0
DA:118,0
DA:119,0
DA:121,0
DA:122,0
DA:124,0
DA:125,0
DA:128,0
DA:129,0
DA:130,0
DA:133,0
DA:134,0
DA:135,0
DA:136,0
DA:138,0
DA:146,0
DA:147,0
DA:148,0
DA:152,0
DA:153,0
DA:156,0
DA:161,0
DA:162,0
DA:163,0
DA:165,0
DA:166,0
DA:168,0
DA:177,0
DA:178,0
DA:179,0
DA:180,0
DA:183,0
DA:184,0
DA:185,0
DA:186,0
DA:187,0
DA:188,0
DA:192,0
DA:193,0
DA:194,0
DA:195,0
DA:198,0
DA:265,0
DA:277,0
DA:318,0
DA:320,0
DA:321,0
DA:322,0
DA:323,0
DA:324,0
DA:326,0
DA:329,0
DA:332,0
DA:337,0
DA:369,0
DA:370,0
DA:374,0
DA:375,0
DA:392,0
DA:393,0
DA:397,0
DA:398,0
DA:424,0
DA:429,0
DA:431,0
DA:432,0
DA:433,0
DA:435,0
DA:437,0
DA:438,0
DA:440,0
DA:441,0
DA:443,0
DA:446,0
DA:449,0
DA:450,0
DA:451,0
DA:454,0
DA:455,0
DA:457,0
DA:467,0
DA:471,0
DA:502,0
DA:521,0
DA:522,0
DA:523,0
DA:524,0
LF:103
LH:0
BRDA:79,0,0,0
BRDA:85,1,0,0
BRDA:85,1,1,0
BRDA:99,2,0,0
BRDA:99,2,1,0
BRDA:99,3,0,0
BRDA:99,3,1,0
BRDA:106,4,0,0
BRDA:106,4,1,0
BRDA:106,5,0,0
BRDA:106,5,1,0
BRDA:111,6,0,0
BRDA:111,6,1,0
BRDA:122,7,0,0
BRDA:122,7,1,0
BRDA:128,8,0,0
BRDA:128,8,1,0
BRDA:129,9,0,0
BRDA:129,9,1,0
BRDA:135,10,0,0
BRDA:135,10,1,0
BRDA:136,11,0,0
BRDA:136,11,1,0
BRDA:146,12,0,0
BRDA:146,12,1,0
BRDA:184,13,0,0
BRDA:184,13,1,0
BRDA:184,13,2,0
BRDA:184,13,3,0
BRDA:192,14,0,0
BRDA:192,14,1,0
BRDA:195,15,0,0
BRDA:195,15,1,0
BRDA:208,16,0,0
BRDA:208,16,1,0
BRDA:209,17,0,0
BRDA:209,17,1,0
BRDA:212,18,0,0
BRDA:212,18,1,0
BRDA:215,19,0,0
BRDA:215,19,1,0
BRDA:279,20,0,0
BRDA:279,20,1,0
BRDA:283,21,0,0
BRDA:283,21,1,0
BRDA:303,22,0,0
BRDA:303,22,1,0
BRDA:320,23,0,0
BRDA:320,23,1,0
BRDA:321,24,0,0
BRDA:321,24,1,0
BRDA:323,25,0,0
BRDA:323,25,1,0
BRDA:323,26,0,0
BRDA:323,26,1,0
BRDA:345,27,0,0
BRDA:345,27,1,0
BRDA:345,27,2,0
BRDA:348,28,0,0
BRDA:348,28,1,0
BRDA:348,28,2,0
BRDA:348,28,3,0
BRDA:358,29,0,0
BRDA:358,29,1,0
BRDA:369,30,0,0
BRDA:369,30,1,0
BRDA:392,31,0,0
BRDA:392,31,1,0
BRDA:427,32,0,0
BRDA:435,33,0,0
BRDA:435,33,1,0
BRDA:435,33,2,0
BRDA:450,34,0,0
BRDA:450,34,1,0
BRDA:469,35,0,0
BRDA:469,35,1,0
BRF:76
BRH:0
end_of_record
TN:
SF:components\hero.tsx
FN:5,Hero
FN:31,(anonymous_1)
FN:47,PhoneCard
FNF:3
FNH:0
FNDA:0,Hero
FNDA:0,(anonymous_1)
FNDA:0,PhoneCard
DA:7,0
DA:14,0
DA:32,0
DA:34,0
DA:60,0
DA:91,0
LF:6
LH:0
BRDA:32,0,0,0
BRDA:32,0,1,0
BRDA:32,1,0,0
BRDA:32,1,1,0
BRDA:32,2,0,0
BRDA:32,2,1,0
BRDA:48,3,0,0
BRDA:49,4,0,0
BRDA:50,5,0,0
BRDA:51,6,0,0
BRDA:65,7,0,0
BRDA:65,7,1,0
BRDA:82,8,0,0
BRDA:82,8,1,0
BRF:14
BRH:0
end_of_record
TN:
SF:components\hft-simulator.tsx
FN:21,HFTSimulator
FN:30,(anonymous_1)
FN:51,(anonymous_2)
FN:54,(anonymous_3)
FN:56,(anonymous_4)
FN:57,(anonymous_5)
FN:86,(anonymous_6)
FN:90,(anonymous_7)
FN:99,(anonymous_8)
FN:102,(anonymous_9)
FN:127,(anonymous_10)
FN:128,(anonymous_11)
FN:143,(anonymous_12)
FN:158,(anonymous_13)
FN:209,(anonymous_14)
FN:235,(anonymous_15)
FNF:16
FNH:0
FNDA:0,HFTSimulator
FNDA:0,(anonymous_1)
FNDA:0,(anonymous_2)
FNDA:0,(anonymous_3)
FNDA:0,(anonymous_4)
FNDA:0,(anonymous_5)
FNDA:0,(anonymous_6)
FNDA:0,(anonymous_7)
FNDA:0,(anonymous_8)
FNDA:0,(anonymous_9)
FNDA:0,(anonymous_10)
FNDA:0,(anonymous_11)
FNDA:0,(anonymous_12)
FNDA:0,(anonymous_13)
FNDA:0,(anonymous_14)
FNDA:0,(anonymous_15)
DA:22,0
DA:23,0
DA:24,0
DA:25,0
DA:26,0
DA:27,0
DA:30,0
DA:31,0
DA:32,0
DA:34,0
DA:35,0
DA:40,0
DA:47,0
DA:51,0
DA:52,0
DA:54,0
DA:56,0
DA:57,0
DA:63,0
DA:64,0
DA:65,0
DA:67,0
DA:68,0
DA:69,0
DA:76,0
DA:77,0
DA:80,0
DA:86,0
DA:89,0
DA:90,0
DA:95,0
DA:99,0
DA:102,0
DA:103,0
DA:104,0
DA:105,0
DA:106,0
DA:108,0
DA:109,0
DA:111,0
DA:112,0
DA:117,0
DA:124,0
DA:127,0
DA:128,0
DA:130,0
DA:143,0
DA:158,0
DA:210,0
DA:236,0
LF:50
LH:0
BRDA:21,0,0,0
BRDA:52,1,0,0
BRDA:52,1,1,0
BRDA:63,2,0,0
BRDA:63,2,1,0
BRDA:67,3,0,0
BRDA:67,3,1,0
BRDA:67,4,0,0
BRDA:67,4,1,0
BRDA:89,5,0,0
BRDA:89,5,1,0
BRDA:144,6,0,0
BRDA:144,6,1,0
BRDA:146,7,0,0
BRDA:146,7,1,0
BRDA:147,8,0,0
BRDA:147,8,1,0
BRDA:172,9,0,0
BRDA:172,9,1,0
BRDA:183,10,0,0
BRDA:183,10,1,0
BRDA:189,11,0,0
BRDA:189,11,1,0
BRDA:258,12,0,0
BRDA:258,12,1,0
BRDA:259,13,0,0
BRDA:259,13,1,0
BRDA:260,14,0,0
BRDA:260,14,1,0
BRDA:261,15,0,0
BRDA:261,15,1,0
BRF:31
BRH:0
end_of_record
TN:
SF:components\interactive-learning-components.tsx
FN:45,(anonymous_0)
FN:54,(anonymous_1)
FN:61,(anonymous_2)
FN:71,(anonymous_3)
FN:124,(anonymous_4)
FN:132,(anonymous_5)
FN:151,(anonymous_6)
FN:158,(anonymous_7)
FN:187,(anonymous_8)
FN:215,(anonymous_9)
FN:254,(anonymous_10)
FN:255,(anonymous_11)
FN:263,(anonymous_12)
FN:264,(anonymous_13)
FN:273,(anonymous_14)
FN:321,(anonymous_15)
FN:358,(anonymous_16)
FN:363,(anonymous_17)
FN:404,(anonymous_18)
FN:415,(anonymous_19)
FN:417,(anonymous_20)
FN:420,(anonymous_21)
FN:421,(anonymous_22)
FN:423,(anonymous_23)
FN:426,(anonymous_24)
FN:441,(anonymous_25)
FN:444,(anonymous_26)
FN:445,(anonymous_27)
FN:452,(anonymous_28)
FN:470,(anonymous_29)
FN:474,(anonymous_30)
FN:501,(anonymous_31)
FN:516,(anonymous_32)
FN:531,(anonymous_33)
FN:584,(anonymous_34)
FN:591,(anonymous_35)
FN:598,(anonymous_36)
FN:605,(anonymous_37)
FNF:38
FNH:19
FNDA:4,(anonymous_0)
FNDA:2,(anonymous_1)
FNDA:2,(anonymous_2)
FNDA:4,(anonymous_3)
FNDA:2,(anonymous_4)
FNDA:2,(anonymous_5)
FNDA:0,(anonymous_6)
FNDA:0,(anonymous_7)
FNDA:8,(anonymous_8)
FNDA:5,(anonymous_9)
FNDA:1,(anonymous_10)
FNDA:3,(anonymous_11)
FNDA:3,(anonymous_12)
FNDA:3,(anonymous_13)
FNDA:0,(anonymous_14)
FNDA:1,(anonymous_15)
FNDA:16,(anonymous_16)
FNDA:3,(anonymous_17)
FNDA:1,(anonymous_18)
FNDA:1,(anonymous_19)
FNDA:1,(anonymous_20)
FNDA:0,(anonymous_21)
FNDA:0,(anonymous_22)
FNDA:0,(anonymous_23)
FNDA:0,(anonymous_24)
FNDA:0,(anonymous_25)
FNDA:0,(anonymous_26)
FNDA:0,(anonymous_27)
FNDA:0,(anonymous_28)
FNDA:1,(anonymous_29)
FNDA:0,(anonymous_30)
FNDA:0,(anonymous_31)
FNDA:0,(anonymous_32)
FNDA:0,(anonymous_33)
FNDA:0,(anonymous_34)
FNDA:0,(anonymous_35)
FNDA:0,(anonymous_36)
FNDA:0,(anonymous_37)
DA:45,1
DA:49,4
DA:50,4
DA:51,4
DA:52,4
DA:54,4
DA:55,2
DA:56,2
DA:58,2
DA:59,2
DA:61,2
DA:62,2
DA:65,2
DA:66,2
DA:67,2
DA:69,2
DA:71,2
DA:72,4
DA:73,4
DA:74,4
DA:77,4
DA:78,4
DA:84,4
DA:85,4
DA:88,4
DA:89,4
DA:90,4
DA:91,4
DA:92,4
DA:93,4
DA:94,4
DA:95,4
DA:98,4
DA:99,4
DA:100,4
DA:101,4
DA:102,4
DA:103,4
DA:104,4
DA:105,4
DA:108,4
DA:109,4
DA:110,4
DA:111,4
DA:113,4
DA:114,4
DA:115,4
DA:116,4
DA:118,4
DA:120,4
DA:123,2
DA:124,2
DA:127,2
DA:130,2
DA:132,2
DA:133,2
DA:134,2
DA:139,4
DA:151,0
DA:158,0
DA:188,8
DA:215,1
DA:220,5
DA:221,5
DA:222,5
DA:224,5
DA:254,5
DA:255,3
DA:256,1
DA:258,1
DA:259,1
DA:260,1
DA:263,5
DA:264,3
DA:266,3
DA:267,2
DA:269,1
DA:273,5
DA:274,0
DA:275,0
DA:276,0
DA:279,5
DA:280,1
DA:281,1
DA:296,1
DA:321,1
DA:339,4
DA:340,4
DA:342,4
DA:359,16
DA:363,3
DA:404,1
DA:409,1
DA:410,1
DA:411,1
DA:412,1
DA:413,1
DA:415,1
DA:417,1
DA:418,1
DA:420,0
DA:421,0
DA:422,0
DA:423,0
DA:425,0
DA:426,0
DA:427,0
DA:431,0
DA:432,0
DA:433,0
DA:434,0
DA:437,0
DA:441,0
DA:444,1
DA:445,0
DA:452,1
DA:453,0
DA:454,0
DA:455,0
DA:456,0
DA:459,1
DA:460,1
DA:471,1
DA:474,0
DA:499,0
DA:501,0
DA:502,0
DA:504,0
DA:516,0
DA:531,0
DA:584,0
DA:591,0
DA:598,0
DA:605,0
LF:134
LH:100
BRDA:47,0,0,4
BRDA:56,1,0,0
BRDA:56,1,1,2
BRDA:59,2,0,0
BRDA:59,2,1,2
BRDA:123,3,0,2
BRDA:123,3,1,0
BRDA:133,4,0,2
BRDA:133,4,1,0
BRDA:153,5,0,4
BRDA:153,5,1,0
BRDA:177,6,0,4
BRDA:177,6,1,0
BRDA:180,7,0,4
BRDA:180,7,1,0
BRDA:191,8,0,4
BRDA:191,8,1,4
BRDA:193,9,0,4
BRDA:193,9,1,4
BRDA:218,10,0,5
BRDA:258,11,0,0
BRDA:258,11,1,1
BRDA:259,12,0,0
BRDA:259,12,1,1
BRDA:266,13,0,2
BRDA:266,13,1,1
BRDA:279,14,0,1
BRDA:279,14,1,4
BRDA:307,15,0,0
BRDA:307,15,1,1
BRDA:308,16,0,0
BRDA:308,16,1,1
BRDA:407,17,0,1
BRDA:418,18,0,1
BRDA:418,18,1,0
BRDA:418,19,0,1
BRDA:418,19,1,0
BRDA:425,20,0,0
BRDA:425,20,1,0
BRDA:431,21,0,0
BRDA:431,21,1,0
BRDA:454,22,0,0
BRDA:454,22,1,0
BRDA:459,23,0,1
BRDA:459,23,1,0
BRDA:479,24,0,1
BRDA:479,24,1,0
BRDA:480,25,0,0
BRDA:480,25,1,0
BRDA:499,26,0,0
BRDA:499,26,1,0
BRDA:519,27,0,0
BRDA:519,27,1,0
BRDA:570,28,0,0
BRDA:570,28,1,0
BRDA:576,29,0,0
BRDA:576,29,1,0
BRF:57
BRH:26
end_of_record
TN:
SF:components\language-switcher.tsx
FN:10,LanguageSwitcher
FN:14,(anonymous_1)
FN:31,(anonymous_2)
FN:34,(anonymous_3)
FNF:4
FNH:0
FNDA:0,LanguageSwitcher
FNDA:0,(anonymous_1)
FNDA:0,(anonymous_2)
FNDA:0,(anonymous_3)
DA:11,0
DA:12,0
DA:14,0
DA:16,0
DA:32,0
DA:35,0
DA:36,0
LF:7
LH:0
BRDA:44,0,0,0
BRDA:44,0,1,0
BRF:2
BRH:0
end_of_record
TN:
SF:components\lazy-video.tsx
FN:17,LazyVideo
FN:32,(anonymous_1)
FN:38,(anonymous_2)
FN:39,(anonymous_3)
FN:47,(anonymous_4)
FN:91,(anonymous_5)
FNF:6
FNH:0
FNDA:0,LazyVideo
FNDA:0,(anonymous_1)
FNDA:0,(anonymous_2)
FNDA:0,(anonymous_3)
FNDA:0,(anonymous_4)
FNDA:0,(anonymous_5)
DA:29,0
DA:30,0
DA:32,0
DA:33,0
DA:34,0
DA:36,0
DA:38,0
DA:39,0
DA:40,0
DA:42,0
DA:43,0
DA:46,0
DA:47,0
DA:48,0
DA:49,0
DA:52,0
DA:56,0
DA:58,0
DA:61,0
DA:65,0
DA:67,0
DA:69,0
DA:70,0
DA:72,0
DA:74,0
DA:76,0
DA:77,0
DA:79,0
DA:85,0
DA:89,0
DA:91,0
DA:94,0
LF:32
LH:0
BRDA:19,0,0,0
BRDA:21,1,0,0
BRDA:22,2,0,0
BRDA:23,3,0,0
BRDA:24,4,0,0
BRDA:25,5,0,0
BRDA:34,6,0,0
BRDA:34,6,1,0
BRDA:40,7,0,0
BRDA:40,7,1,0
BRDA:40,8,0,0
BRDA:40,8,1,0
BRDA:46,9,0,0
BRDA:46,9,1,0
BRDA:56,10,0,0
BRDA:56,10,1,0
BRDA:67,11,0,0
BRDA:67,11,1,0
BRDA:67,12,0,0
BRDA:67,12,1,0
BRDA:67,12,2,0
BRDA:74,13,0,0
BRDA:74,13,1,0
BRDA:74,14,0,0
BRDA:74,14,1,0
BRDA:74,14,2,0
BRF:26
BRH:0
end_of_record
TN:
SF:components\leaderboard.tsx
FN:17,Leaderboard
FN:27,(anonymous_1)
FN:31,(anonymous_2)
FN:42,(anonymous_3)
FN:50,(anonymous_4)
FN:60,(anonymous_5)
FN:73,(anonymous_6)
FN:86,(anonymous_7)
FN:116,(anonymous_8)
FN:140,(anonymous_9)
FN:151,(anonymous_10)
FN:168,(anonymous_11)
FN:192,(anonymous_12)
FNF:13
FNH:0
FNDA:0,Leaderboard
FNDA:0,(anonymous_1)
FNDA:0,(anonymous_2)
FNDA:0,(anonymous_3)
FNDA:0,(anonymous_4)
FNDA:0,(anonymous_5)
FNDA:0,(anonymous_6)
FNDA:0,(anonymous_7)
FNDA:0,(anonymous_8)
FNDA:0,(anonymous_9)
FNDA:0,(anonymous_10)
FNDA:0,(anonymous_11)
FNDA:0,(anonymous_12)
DA:18,0
DA:19,0
DA:20,0
DA:21,0
DA:22,0
DA:23,0
DA:24,0
DA:25,0
DA:27,0
DA:28,0
DA:31,0
DA:32,0
DA:33,0
DA:34,0
DA:35,0
DA:37,0
DA:38,0
DA:41,0
DA:42,0
DA:43,0
DA:47,0
DA:50,0
DA:51,0
DA:54,0
DA:56,0
DA:60,0
DA:61,0
DA:63,0
DA:65,0
DA:67,0
DA:69,0
DA:73,0
DA:74,0
DA:76,0
DA:78,0
DA:80,0
DA:82,0
DA:86,0
DA:87,0
DA:91,0
DA:93,0
DA:95,0
DA:97,0
DA:99,0
DA:101,0
DA:105,0
DA:106,0
DA:117,0
DA:132,0
DA:140,0
DA:151,0
DA:168,0
DA:193,0
LF:53
LH:0
BRDA:17,0,0,0
BRDA:37,1,0,0
BRDA:37,1,1,0
BRDA:41,2,0,0
BRDA:41,2,1,0
BRDA:43,3,0,0
BRDA:43,3,1,0
BRDA:51,4,0,0
BRDA:51,4,1,0
BRDA:61,5,0,0
BRDA:61,5,1,0
BRDA:61,5,2,0
BRDA:61,5,3,0
BRDA:74,6,0,0
BRDA:74,6,1,0
BRDA:74,6,2,0
BRDA:74,6,3,0
BRDA:87,7,0,0
BRDA:87,7,1,0
BRDA:87,7,2,0
BRDA:87,7,3,0
BRDA:87,7,4,0
BRDA:87,7,5,0
BRDA:87,7,6,0
BRDA:87,7,7,0
BRDA:105,8,0,0
BRDA:105,8,1,0
BRDA:166,9,0,0
BRDA:166,9,1,0
BRDA:177,10,0,0
BRDA:177,10,1,0
BRDA:177,10,2,0
BRDA:196,11,0,0
BRDA:196,11,1,0
BRDA:207,12,0,0
BRDA:207,12,1,0
BRDA:221,13,0,0
BRDA:221,13,1,0
BRDA:223,14,0,0
BRDA:223,14,1,0
BRDA:223,15,0,0
BRDA:223,15,1,0
BRDA:225,16,0,0
BRDA:225,16,1,0
BRDA:226,17,0,0
BRDA:226,17,1,0
BRDA:234,18,0,0
BRDA:234,18,1,0
BRDA:249,19,0,0
BRDA:249,19,1,0
BRF:50
BRH:0
end_of_record
TN:
SF:components\learning-analytics.tsx
FN:26,LearningAnalytics
FNF:1
FNH:0
FNDA:0,LearningAnalytics
DA:7,0
DA:27,0
LF:2
LH:0
BRF:0
BRH:0
end_of_record
TN:
SF:components\learning-goals.tsx
FN:39,LearningGoals
FN:58,(anonymous_1)
FNF:2
FNH:0
FNDA:0,LearningGoals
FNDA:0,(anonymous_1)
DA:9,0
DA:40,0
DA:59,0
LF:3
LH:0
BRDA:67,0,0,0
BRDA:67,0,1,0
BRDA:67,1,0,0
BRDA:67,1,1,0
BRDA:88,2,0,0
BRDA:88,2,1,0
BRF:6
BRH:0
end_of_record
TN:
SF:components\learning-modules.tsx
FN:46,LearningModules
FN:57,(anonymous_1)
FNF:2
FNH:0
FNDA:0,LearningModules
FNDA:0,(anonymous_1)
DA:7,0
DA:47,0
DA:58,0
LF:3
LH:0
BRDA:67,0,0,0
BRDA:67,0,1,0
BRDA:69,1,0,0
BRDA:69,1,1,0
BRDA:74,2,0,0
BRDA:74,2,1,0
BRDA:76,3,0,0
BRDA:76,3,1,0
BRDA:95,4,0,0
BRDA:95,4,1,0
BRDA:103,5,0,0
BRDA:103,5,1,0
BRDA:108,6,0,0
BRDA:108,6,1,0
BRDA:108,7,0,0
BRDA:108,7,1,0
BRF:16
BRH:0
end_of_record
TN:
SF:components\lightning.tsx
FN:15,(anonymous_0)
FN:18,(anonymous_1)
FN:22,(anonymous_2)
FN:122,(anonymous_3)
FN:168,(anonymous_4)
FN:184,(anonymous_5)
FNF:6
FNH:0
FNDA:0,(anonymous_0)
FNDA:0,(anonymous_1)
FNDA:0,(anonymous_2)
FNDA:0,(anonymous_3)
FNDA:0,(anonymous_4)
FNDA:0,(anonymous_5)
DA:15,0
DA:16,0
DA:18,0
DA:19,0
DA:20,0
DA:22,0
DA:23,0
DA:24,0
DA:26,0
DA:27,0
DA:29,0
DA:30,0
DA:31,0
DA:32,0
DA:35,0
DA:42,0
DA:122,0
DA:123,0
DA:124,0
DA:125,0
DA:126,0
DA:127,0
DA:128,0
DA:129,0
DA:130,0
DA:132,0
DA:135,0
DA:136,0
DA:137,0
DA:139,0
DA:140,0
DA:141,0
DA:142,0
DA:143,0
DA:144,0
DA:145,0
DA:146,0
DA:148,0
DA:150,0
DA:151,0
DA:152,0
DA:153,0
DA:155,0
DA:156,0
DA:157,0
DA:159,0
DA:160,0
DA:161,0
DA:162,0
DA:163,0
DA:164,0
DA:165,0
DA:167,0
DA:168,0
DA:169,0
DA:170,0
DA:171,0
DA:172,0
DA:173,0
DA:174,0
DA:175,0
DA:176,0
DA:177,0
DA:178,0
DA:179,0
DA:180,0
DA:182,0
DA:184,0
DA:185,0
DA:189,0
LF:70
LH:0
BRDA:15,0,0,0
BRDA:15,1,0,0
BRDA:15,2,0,0
BRDA:15,3,0,0
BRDA:15,4,0,0
BRDA:20,5,0,0
BRDA:20,5,1,0
BRDA:30,6,0,0
BRDA:30,6,1,0
BRDA:124,7,0,0
BRDA:124,7,1,0
BRDA:127,8,0,0
BRDA:127,8,1,0
BRDA:137,9,0,0
BRDA:137,9,1,0
BRDA:137,10,0,0
BRDA:137,10,1,0
BRDA:140,11,0,0
BRDA:140,11,1,0
BRDA:144,12,0,0
BRDA:144,12,1,0
BRF:21
BRH:0
end_of_record
TN:
SF:components\live-algo-trading.tsx
FN:72,LiveAlgoTrading
FN:75,(anonymous_1)
FN:76,(anonymous_2)
FN:78,(anonymous_3)
FN:126,(anonymous_4)
FN:146,(anonymous_5)
FN:157,(anonymous_6)
FN:163,(anonymous_7)
FN:221,(anonymous_8)
FNF:9
FNH:0
FNDA:0,LiveAlgoTrading
FNDA:0,(anonymous_1)
FNDA:0,(anonymous_2)
FNDA:0,(anonymous_3)
FNDA:0,(anonymous_4)
FNDA:0,(anonymous_5)
FNDA:0,(anonymous_6)
FNDA:0,(anonymous_7)
FNDA:0,(anonymous_8)
DA:16,0
DA:39,0
DA:73,0
DA:75,0
DA:76,0
DA:78,0
DA:79,0
DA:83,0
DA:126,0
DA:147,0
DA:158,0
DA:163,0
DA:222,0
LF:13
LH:0
BRDA:106,0,0,0
BRDA:106,0,1,0
BRDA:107,1,0,0
BRDA:107,1,1,0
BRDA:117,2,0,0
BRDA:117,2,1,0
BRDA:118,3,0,0
BRDA:118,3,1,0
BRDA:151,4,0,0
BRDA:151,4,1,0
BRDA:158,5,0,0
BRDA:158,5,1,0
BRDA:161,6,0,0
BRDA:161,6,1,0
BRDA:172,7,0,0
BRDA:172,7,1,0
BRDA:173,8,0,0
BRDA:173,8,1,0
BRDA:178,9,0,0
BRDA:178,9,1,0
BRDA:179,10,0,0
BRDA:179,10,1,0
BRDA:227,11,0,0
BRDA:227,11,1,0
BRDA:228,12,0,0
BRDA:228,12,1,0
BRDA:239,13,0,0
BRDA:239,13,1,0
BRDA:241,14,0,0
BRDA:241,14,1,0
BRF:30
BRH:0
end_of_record
TN:
SF:components\live-chat.tsx
FN:134,LiveChat
FN:138,(anonymous_1)
FN:153,(anonymous_2)
FN:166,(anonymous_3)
FN:174,(anonymous_4)
FN:196,(anonymous_5)
FN:199,(anonymous_6)
FN:250,(anonymous_7)
FN:277,(anonymous_8)
FN:278,(anonymous_9)
FN:299,(anonymous_10)
FNF:11
FNH:0
FNDA:0,LiveChat
FNDA:0,(anonymous_1)
FNDA:0,(anonymous_2)
FNDA:0,(anonymous_3)
FNDA:0,(anonymous_4)
FNDA:0,(anonymous_5)
FNDA:0,(anonymous_6)
FNDA:0,(anonymous_7)
FNDA:0,(anonymous_8)
FNDA:0,(anonymous_9)
FNDA:0,(anonymous_10)
DA:12,0
DA:55,0
DA:107,0
DA:135,0
DA:136,0
DA:138,0
DA:139,0
DA:141,0
DA:143,0
DA:145,0
DA:147,0
DA:149,0
DA:153,0
DA:154,0
DA:156,0
DA:158,0
DA:160,0
DA:162,0
DA:166,0
DA:167,0
DA:169,0
DA:170,0
DA:174,0
DA:176,0
DA:197,0
DA:199,0
DA:251,0
DA:277,0
DA:278,0
DA:300,0
LF:30
LH:0
BRDA:139,0,0,0
BRDA:139,0,1,0
BRDA:139,0,2,0
BRDA:139,0,3,0
BRDA:139,0,4,0
BRDA:154,1,0,0
BRDA:154,1,1,0
BRDA:154,1,2,0
BRDA:154,1,3,0
BRDA:167,2,0,0
BRDA:167,2,1,0
BRDA:201,3,0,0
BRDA:201,3,1,0
BRDA:253,4,0,0
BRDA:253,4,1,0
BRDA:278,5,0,0
BRDA:278,5,1,0
BRDA:303,6,0,0
BRDA:303,6,1,0
BRF:19
BRH:0
end_of_record
TN:
SF:components\loading-spinner.tsx
FN:12,LoadingSpinner
FN:32,LoadingPage
FN:43,LoadingCard
FNF:3
FNH:0
FNDA:0,LoadingSpinner
FNDA:0,LoadingPage
FNDA:0,LoadingCard
DA:13,0
DA:19,0
DA:33,0
DA:44,0
LF:4
LH:0
BRDA:12,0,0,0
BRDA:43,1,0,0
BRF:2
BRH:0
end_of_record
TN:
SF:components\logo-marquee.tsx
FN:7,LogoMarquee
FN:33,(anonymous_1)
FN:36,(anonymous_2)
FN:37,(anonymous_3)
FN:88,(anonymous_4)
FN:104,(anonymous_5)
FNF:6
FNH:0
FNDA:0,LogoMarquee
FNDA:0,(anonymous_1)
FNDA:0,(anonymous_2)
FNDA:0,(anonymous_3)
FNDA:0,(anonymous_4)
FNDA:0,(anonymous_5)
DA:8,0
DA:11,0
DA:22,0
DA:33,0
DA:34,0
DA:36,0
DA:37,0
DA:61,0
DA:89,0
DA:105,0
LF:10
LH:0
BRDA:40,0,0,0
BRDA:40,0,1,0
BRDA:43,1,0,0
BRDA:43,1,1,0
BRDA:50,2,0,0
BRDA:50,2,1,0
BRDA:81,3,0,0
BRDA:81,3,1,0
BRDA:83,4,0,0
BRDA:83,4,1,0
BRDA:97,5,0,0
BRDA:97,5,1,0
BRDA:99,6,0,0
BRDA:99,6,1,0
BRF:14
BRH:0
end_of_record
TN:
SF:components\logo-section.tsx
FN:4,LogoSection
FN:63,(anonymous_1)
FN:99,(anonymous_2)
FNF:3
FNH:0
FNDA:0,LogoSection
FNDA:0,(anonymous_1)
FNDA:0,(anonymous_2)
DA:5,0
DA:64,0
DA:100,0
LF:3
LH:0
BRF:0
BRH:0
end_of_record
TN:
SF:components\market-header.tsx
FN:8,MarketHeader
FNF:1
FNH:0
FNDA:0,MarketHeader
DA:9,0
DA:15,0
LF:2
LH:0
BRDA:29,0,0,0
BRDA:29,0,1,0
BRDA:30,1,0,0
BRDA:30,1,1,0
BRDA:31,2,0,0
BRDA:31,2,1,0
BRF:6
BRH:0
end_of_record
TN:
SF:components\market-heatmap.tsx
FN:21,MarketHeatmap
FN:22,(anonymous_1)
FN:31,(anonymous_2)
FN:53,(anonymous_3)
FNF:4
FNH:0
FNDA:0,MarketHeatmap
FNDA:0,(anonymous_1)
FNDA:0,(anonymous_2)
FNDA:0,(anonymous_3)
DA:6,0
DA:22,0
DA:23,0
DA:24,0
DA:25,0
DA:26,0
DA:27,0
DA:28,0
DA:31,0
DA:32,0
DA:34,0
DA:36,0
DA:38,0
DA:42,0
DA:54,0
LF:15
LH:0
BRDA:23,0,0,0
BRDA:23,0,1,0
BRDA:24,1,0,0
BRDA:24,1,1,0
BRDA:25,2,0,0
BRDA:25,2,1,0
BRDA:26,3,0,0
BRDA:26,3,1,0
BRDA:27,4,0,0
BRDA:27,4,1,0
BRDA:32,5,0,0
BRDA:32,5,1,0
BRDA:32,5,2,0
BRDA:65,6,0,0
BRDA:65,6,1,0
BRF:15
BRH:0
end_of_record
TN:
SF:components\market-indices.tsx
FN:16,MarketIndices
FN:28,(anonymous_1)
FNF:2
FNH:0
FNDA:0,MarketIndices
FNDA:0,(anonymous_1)
DA:7,0
DA:17,0
DA:29,0
LF:3
LH:0
BRDA:35,0,0,0
BRDA:35,0,1,0
BRDA:36,1,0,0
BRDA:36,1,1,0
BRDA:37,2,0,0
BRDA:37,2,1,0
BRDA:43,3,0,0
BRDA:43,3,1,0
BRDA:44,4,0,0
BRDA:44,4,1,0
BRF:10
BRH:0
end_of_record
TN:
SF:components\market-news.tsx
FN:43,MarketNews
FN:54,(anonymous_1)
FNF:2
FNH:0
FNDA:0,MarketNews
FNDA:0,(anonymous_1)
DA:8,0
DA:44,0
DA:55,0
LF:3
LH:0
BRDA:58,0,0,0
BRDA:58,0,1,0
BRDA:58,1,0,0
BRDA:58,1,1,0
BRF:4
BRH:0
end_of_record
TN:
SF:components\market-overview.tsx
FN:12,MarketOverview
FN:23,(anonymous_1)
FNF:2
FNH:0
FNDA:0,MarketOverview
FNDA:0,(anonymous_1)
DA:5,0
DA:13,0
DA:24,0
LF:3
LH:0
BRDA:31,0,0,0
BRDA:31,0,1,0
BRDA:32,1,0,0
BRDA:32,1,1,0
BRF:4
BRH:0
end_of_record
TN:
SF:components\market-watch.tsx
FN:16,MarketWatch
FN:21,(anonymous_1)
FN:39,(anonymous_2)
FN:46,(anonymous_3)
FN:55,(anonymous_4)
FN:58,(anonymous_5)
FN:59,(anonymous_6)
FN:60,(anonymous_7)
FN:82,(anonymous_8)
FN:91,(anonymous_9)
FN:98,(anonymous_10)
FN:105,(anonymous_11)
FN:112,(anonymous_12)
FN:133,(anonymous_13)
FN:137,(anonymous_14)
FN:144,(anonymous_15)
FN:175,(anonymous_16)
FN:179,(anonymous_17)
FN:186,(anonymous_18)
FN:219,(anonymous_19)
FN:223,(anonymous_20)
FN:229,(anonymous_21)
FNF:22
FNH:0
FNDA:0,MarketWatch
FNDA:0,(anonymous_1)
FNDA:0,(anonymous_2)
FNDA:0,(anonymous_3)
FNDA:0,(anonymous_4)
FNDA:0,(anonymous_5)
FNDA:0,(anonymous_6)
FNDA:0,(anonymous_7)
FNDA:0,(anonymous_8)
FNDA:0,(anonymous_9)
FNDA:0,(anonymous_10)
FNDA:0,(anonymous_11)
FNDA:0,(anonymous_12)
FNDA:0,(anonymous_13)
FNDA:0,(anonymous_14)
FNDA:0,(anonymous_15)
FNDA:0,(anonymous_16)
FNDA:0,(anonymous_17)
FNDA:0,(anonymous_18)
FNDA:0,(anonymous_19)
FNDA:0,(anonymous_20)
FNDA:0,(anonymous_21)
DA:17,0
DA:18,0
DA:19,0
DA:21,0
DA:22,0
DA:25,0
DA:27,0
DA:29,0
DA:31,0
DA:33,0
DA:35,0
DA:39,0
DA:40,0
DA:41,0
DA:42,0
DA:46,0
DA:47,0
DA:48,0
DA:49,0
DA:51,0
DA:55,0
DA:56,0
DA:58,0
DA:59,0
DA:60,0
DA:62,0
DA:65,0
DA:67,0
DA:82,0
DA:91,0
DA:98,0
DA:105,0
DA:112,0
DA:134,0
DA:137,0
DA:144,0
DA:176,0
DA:179,0
DA:186,0
DA:220,0
DA:223,0
DA:229,0
LF:42
LH:0
BRDA:22,0,0,0
BRDA:22,0,1,0
BRDA:25,1,0,0
BRDA:25,1,1,0
BRDA:27,2,0,0
BRDA:27,2,1,0
BRDA:27,2,2,0
BRDA:27,2,3,0
BRDA:41,3,0,0
BRDA:41,3,1,0
BRDA:48,4,0,0
BRDA:48,4,1,0
BRDA:56,5,0,0
BRDA:56,5,1,0
BRDA:89,6,0,0
BRDA:89,6,1,0
BRDA:96,7,0,0
BRDA:96,7,1,0
BRDA:103,8,0,0
BRDA:103,8,1,0
BRDA:110,9,0,0
BRDA:110,9,1,0
BRDA:121,10,0,0
BRDA:121,10,1,0
BRDA:121,10,2,0
BRDA:124,11,0,0
BRDA:124,11,1,0
BRDA:146,12,0,0
BRDA:146,12,1,0
BRDA:166,13,0,0
BRDA:166,13,1,0
BRDA:188,14,0,0
BRDA:188,14,1,0
BRDA:213,15,0,0
BRDA:213,15,1,0
BRDA:232,16,0,0
BRDA:232,16,1,0
BRDA:247,17,0,0
BRDA:247,17,1,0
BRDA:253,18,0,0
BRDA:253,18,1,0
BRDA:256,19,0,0
BRDA:256,19,1,0
BRF:43
BRH:0
end_of_record
TN:
SF:components\mentoring-hub.tsx
FN:89,MentoringHub
FN:94,(anonymous_1)
FN:125,(anonymous_2)
FN:165,(anonymous_3)
FN:174,(anonymous_4)
FN:200,(anonymous_5)
FN:207,(anonymous_6)
FN:259,(anonymous_7)
FNF:8
FNH:0
FNDA:0,MentoringHub
FNDA:0,(anonymous_1)
FNDA:0,(anonymous_2)
FNDA:0,(anonymous_3)
FNDA:0,(anonymous_4)
FNDA:0,(anonymous_5)
FNDA:0,(anonymous_6)
FNDA:0,(anonymous_7)
DA:13,0
DA:64,0
DA:90,0
DA:91,0
DA:92,0
DA:94,0
DA:95,0
DA:97,0
DA:99,0
DA:101,0
DA:103,0
DA:107,0
DA:125,0
DA:166,0
DA:174,0
DA:201,0
DA:208,0
DA:260,0
LF:18
LH:0
BRDA:95,0,0,0
BRDA:95,0,1,0
BRDA:95,0,2,0
BRDA:95,0,3,0
BRDA:170,1,0,0
BRDA:170,1,1,0
BRDA:266,2,0,0
BRDA:266,2,1,0
BRDA:286,3,0,0
BRDA:286,3,1,0
BRF:10
BRH:0
end_of_record
TN:
SF:components\navigation.tsx
FN:83,BottomNavigation
FN:89,(anonymous_1)
FN:114,SidebarNavigation
FN:128,(anonymous_3)
FN:185,TopNavigation
FN:214,MainLayout
FNF:6
FNH:6
FNDA:7,BottomNavigation
FNDA:63,(anonymous_1)
FNDA:6,SidebarNavigation
FNDA:54,(anonymous_3)
FNDA:4,TopNavigation
FNDA:2,MainLayout
DA:26,1
DA:84,7
DA:86,7
DA:90,63
DA:91,63
DA:93,63
DA:115,6
DA:116,6
DA:117,6
DA:119,6
DA:129,54
DA:130,54
DA:132,54
DA:186,4
DA:215,2
LF:15
LH:15
BRDA:90,0,0,63
BRDA:90,0,1,57
BRDA:99,1,0,7
BRDA:99,1,1,56
BRDA:129,2,0,54
BRDA:129,2,1,48
BRDA:138,3,0,6
BRDA:138,3,1,48
BRDA:145,4,0,6
BRDA:145,4,1,48
BRDA:164,5,0,3
BRDA:164,5,1,3
BRDA:167,6,0,3
BRDA:167,6,1,3
BRDA:173,7,0,6
BRDA:173,7,1,3
BRF:16
BRH:16
end_of_record
TN:
SF:components\order-form.tsx
FN:46,OrderForm
FN:70,(anonymous_1)
FN:129,(anonymous_2)
FN:142,(anonymous_3)
FN:149,(anonymous_4)
FN:153,(anonymous_5)
FN:173,(anonymous_6)
FN:186,(anonymous_7)
FN:204,(anonymous_8)
FN:211,(anonymous_9)
FN:264,(anonymous_10)
FN:323,(anonymous_11)
FN:337,(anonymous_12)
FN:385,(anonymous_13)
FN:393,(anonymous_14)
FN:446,(anonymous_15)
FN:460,(anonymous_16)
FN:479,(anonymous_17)
FN:487,(anonymous_18)
FNF:19
FNH:0
FNDA:0,OrderForm
FNDA:0,(anonymous_1)
FNDA:0,(anonymous_2)
FNDA:0,(anonymous_3)
FNDA:0,(anonymous_4)
FNDA:0,(anonymous_5)
FNDA:0,(anonymous_6)
FNDA:0,(anonymous_7)
FNDA:0,(anonymous_8)
FNDA:0,(anonymous_9)
FNDA:0,(anonymous_10)
FNDA:0,(anonymous_11)
FNDA:0,(anonymous_12)
FNDA:0,(anonymous_13)
FNDA:0,(anonymous_14)
FNDA:0,(anonymous_15)
FNDA:0,(anonymous_16)
FNDA:0,(anonymous_17)
FNDA:0,(anonymous_18)
DA:47,0
DA:48,0
DA:56,0
DA:70,0
DA:71,0
DA:72,0
DA:73,0
DA:74,0
DA:75,0
DA:80,0
DA:104,0
DA:129,0
DA:130,0
DA:131,0
DA:138,0
DA:142,0
DA:143,0
DA:144,0
DA:145,0
DA:146,0
DA:149,0
DA:150,0
DA:153,0
DA:154,0
DA:156,0
DA:157,0
DA:160,0
DA:161,0
DA:163,0
DA:166,0
DA:167,0
DA:168,0
DA:169,0
DA:173,0
DA:174,0
DA:176,0
DA:177,0
DA:179,0
DA:182,0
DA:186,0
DA:187,0
DA:188,0
DA:190,0
DA:191,0
DA:194,0
DA:195,0
DA:198,0
DA:199,0
DA:201,0
DA:204,0
DA:205,0
DA:206,0
DA:207,0
DA:208,0
DA:211,0
DA:212,0
DA:214,0
DA:215,0
DA:217,0
DA:219,0
DA:220,0
DA:222,0
DA:223,0
DA:224,0
DA:225,0
DA:227,0
DA:230,0
DA:232,0
DA:265,0
DA:323,0
DA:337,0
DA:386,0
DA:394,0
DA:446,0
DA:460,0
DA:480,0
DA:488,0
LF:77
LH:0
BRDA:72,0,0,0
BRDA:72,0,1,0
BRDA:74,1,0,0
BRDA:74,1,1,0
BRDA:130,2,0,0
BRDA:130,2,1,0
BRDA:130,3,0,0
BRDA:130,3,1,0
BRDA:143,4,0,0
BRDA:143,4,1,0
BRDA:144,5,0,0
BRDA:144,5,1,0
BRDA:145,6,0,0
BRDA:145,6,1,0
BRDA:154,7,0,0
BRDA:154,7,1,0
BRDA:156,8,0,0
BRDA:156,8,1,0
BRDA:160,9,0,0
BRDA:160,9,1,0
BRDA:166,10,0,0
BRDA:166,10,1,0
BRDA:168,11,0,0
BRDA:168,11,1,0
BRDA:174,12,0,0
BRDA:174,12,1,0
BRDA:176,13,0,0
BRDA:176,13,1,0
BRDA:176,14,0,0
BRDA:176,14,1,0
BRDA:190,15,0,0
BRDA:190,15,1,0
BRDA:194,16,0,0
BRDA:194,16,1,0
BRDA:212,17,0,0
BRDA:212,17,1,0
BRDA:214,18,0,0
BRDA:214,18,1,0
BRDA:214,19,0,0
BRDA:214,19,1,0
BRDA:219,20,0,0
BRDA:219,20,1,0
BRDA:222,21,0,0
BRDA:222,21,1,0
BRDA:223,22,0,0
BRDA:223,22,1,0
BRDA:224,23,0,0
BRDA:224,23,1,0
BRDA:224,24,0,0
BRDA:224,24,1,0
BRDA:230,25,0,0
BRDA:230,25,1,0
BRDA:268,26,0,0
BRDA:268,26,1,0
BRDA:271,27,0,0
BRDA:271,27,1,0
BRDA:273,28,0,0
BRDA:273,28,1,0
BRDA:276,29,0,0
BRDA:276,29,1,0
BRDA:288,30,0,0
BRDA:288,30,1,0
BRDA:301,31,0,0
BRDA:301,31,1,0
BRDA:314,32,0,0
BRDA:314,32,1,0
BRDA:322,33,0,0
BRDA:322,33,1,0
BRDA:325,34,0,0
BRDA:325,34,1,0
BRDA:336,35,0,0
BRDA:336,35,1,0
BRDA:339,36,0,0
BRDA:339,36,1,0
BRDA:354,37,0,0
BRDA:354,37,1,0
BRDA:361,38,0,0
BRDA:361,38,1,0
BRDA:377,39,0,0
BRDA:377,39,1,0
BRDA:389,40,0,0
BRDA:389,40,1,0
BRDA:424,41,0,0
BRDA:424,41,1,0
BRDA:434,42,0,0
BRDA:434,42,1,0
BRDA:445,43,0,0
BRDA:445,43,1,0
BRDA:448,44,0,0
BRDA:448,44,1,0
BRDA:459,45,0,0
BRDA:459,45,1,0
BRDA:462,46,0,0
BRDA:462,46,1,0
BRDA:475,47,0,0
BRDA:475,47,1,0
BRDA:483,48,0,0
BRDA:483,48,1,0
BRDA:510,49,0,0
BRDA:510,49,1,0
BRDA:525,50,0,0
BRDA:525,50,1,0
BRDA:545,51,0,0
BRDA:545,51,1,0
BRDA:557,52,0,0
BRDA:557,52,1,0
BRDA:583,53,0,0
BRDA:583,53,1,0
BRDA:587,54,0,0
BRDA:587,54,1,0
BRDA:590,55,0,0
BRDA:590,55,1,0
BRDA:595,56,0,0
BRDA:595,56,1,0
BRF:114
BRH:0
end_of_record
TN:
SF:components\order-panel.tsx
FN:14,OrderPanel
FN:84,(anonymous_1)
FN:96,(anonymous_2)
FNF:3
FNH:0
FNDA:0,OrderPanel
FNDA:0,(anonymous_1)
FNDA:0,(anonymous_2)
DA:15,0
DA:16,0
DA:17,0
DA:18,0
DA:20,0
DA:21,0
DA:23,0
DA:84,0
DA:96,0
LF:9
LH:0
BRDA:21,0,0,0
BRDA:21,0,1,0
BRDA:88,1,0,0
BRDA:88,1,1,0
BRF:4
BRH:0
end_of_record
TN:
SF:components\overall-progress.tsx
FN:43,OverallProgress
FN:44,(anonymous_1)
FN:65,(anonymous_2)
FNF:3
FNH:0
FNDA:0,OverallProgress
FNDA:0,(anonymous_1)
FNDA:0,(anonymous_2)
DA:8,0
DA:44,0
DA:46,0
DA:66,0
LF:4
LH:0
BRF:0
BRH:0
end_of_record
TN:
SF:components\performance-metrics.tsx
FN:37,PerformanceMetrics
FN:46,(anonymous_1)
FNF:2
FNH:0
FNDA:0,PerformanceMetrics
FNDA:0,(anonymous_1)
DA:6,0
DA:38,0
DA:47,0
LF:3
LH:0
BRDA:48,0,0,0
BRDA:48,0,1,0
BRF:2
BRH:0
end_of_record
TN:
SF:components\phone-video.tsx
FN:5,PhoneVideo
FN:13,(anonymous_1)
FN:19,(anonymous_2)
FN:20,(anonymous_3)
FN:30,(anonymous_4)
FN:73,(anonymous_5)
FNF:6
FNH:0
FNDA:0,PhoneVideo
FNDA:0,(anonymous_1)
FNDA:0,(anonymous_2)
FNDA:0,(anonymous_3)
FNDA:0,(anonymous_4)
FNDA:0,(anonymous_5)
DA:10,0
DA:11,0
DA:13,0
DA:14,0
DA:15,0
DA:17,0
DA:19,0
DA:20,0
DA:21,0
DA:23,0
DA:24,0
DA:25,0
DA:26,0
DA:30,0
DA:31,0
DA:32,0
DA:35,0
DA:39,0
DA:41,0
DA:44,0
DA:47,0
DA:49,0
DA:51,0
DA:52,0
DA:54,0
DA:56,0
DA:58,0
DA:59,0
DA:61,0
DA:67,0
DA:71,0
DA:73,0
DA:76,0
LF:33
LH:0
BRDA:6,0,0,0
BRDA:7,1,0,0
BRDA:15,2,0,0
BRDA:15,2,1,0
BRDA:21,3,0,0
BRDA:21,3,1,0
BRDA:21,4,0,0
BRDA:21,4,1,0
BRDA:24,5,0,0
BRDA:24,5,1,0
BRDA:24,6,0,0
BRDA:24,6,1,0
BRDA:39,7,0,0
BRDA:39,7,1,0
BRDA:49,8,0,0
BRDA:49,8,1,0
BRDA:49,9,0,0
BRDA:49,9,1,0
BRDA:56,10,0,0
BRDA:56,10,1,0
BRDA:56,11,0,0
BRDA:56,11,1,0
BRDA:88,12,0,0
BRDA:88,12,1,0
BRF:24
BRH:0
end_of_record
TN:
SF:components\plasma.tsx
FN:17,(anonymous_0)
FN:99,(anonymous_1)
FN:110,(anonymous_2)
FN:157,(anonymous_3)
FN:171,(anonymous_4)
FN:189,(anonymous_5)
FN:206,(anonymous_6)
FNF:7
FNH:0
FNDA:0,(anonymous_0)
FNDA:0,(anonymous_1)
FNDA:0,(anonymous_2)
FNDA:0,(anonymous_3)
FNDA:0,(anonymous_4)
FNDA:0,(anonymous_5)
FNDA:0,(anonymous_6)
DA:17,0
DA:18,0
DA:19,0
DA:20,0
DA:27,0
DA:38,0
DA:99,0
DA:107,0
DA:108,0
DA:110,0
DA:111,0
DA:114,0
DA:115,0
DA:117,0
DA:118,0
DA:119,0
DA:122,0
DA:128,0
DA:129,0
DA:130,0
DA:131,0
DA:132,0
DA:133,0
DA:135,0
DA:137,0
DA:154,0
DA:157,0
DA:158,0
DA:159,0
DA:160,0
DA:161,0
DA:162,0
DA:163,0
DA:164,0
DA:166,0
DA:167,0
DA:171,0
DA:172,0
DA:173,0
DA:174,0
DA:175,0
DA:176,0
DA:177,0
DA:178,0
DA:179,0
DA:181,0
DA:182,0
DA:183,0
DA:186,0
DA:187,0
DA:188,0
DA:189,0
DA:190,0
DA:191,0
DA:193,0
DA:194,0
DA:195,0
DA:196,0
DA:198,0
DA:199,0
DA:200,0
DA:202,0
DA:204,0
DA:206,0
DA:207,0
DA:208,0
DA:209,0
DA:210,0
DA:212,0
DA:213,0
DA:218,0
LF:71
LH:0
BRDA:19,0,0,0
BRDA:19,0,1,0
BRDA:100,1,0,0
BRDA:101,2,0,0
BRDA:102,3,0,0
BRDA:103,4,0,0
BRDA:104,5,0,0
BRDA:105,6,0,0
BRDA:111,7,0,0
BRDA:111,7,1,0
BRDA:117,8,0,0
BRDA:117,8,1,0
BRDA:118,9,0,0
BRDA:118,9,1,0
BRDA:119,10,0,0
BRDA:119,10,1,0
BRDA:126,11,0,0
BRDA:126,11,1,0
BRDA:126,12,0,0
BRDA:126,12,1,0
BRDA:126,13,0,0
BRDA:126,13,1,0
BRDA:150,14,0,0
BRDA:150,14,1,0
BRDA:150,15,0,0
BRDA:150,15,1,0
BRDA:158,16,0,0
BRDA:158,16,1,0
BRDA:158,17,0,0
BRDA:158,17,1,0
BRDA:158,17,2,0
BRDA:166,18,0,0
BRDA:166,18,1,0
BRDA:166,19,0,0
BRDA:166,19,1,0
BRDA:172,20,0,0
BRDA:172,20,1,0
BRDA:191,21,0,0
BRDA:191,21,1,0
BRDA:191,22,0,0
BRDA:191,22,1,0
BRDA:194,23,0,0
BRDA:194,23,1,0
BRDA:209,24,0,0
BRDA:209,24,1,0
BRDA:209,25,0,0
BRDA:209,25,1,0
BRDA:209,25,2,0
BRF:48
BRH:0
end_of_record
TN:
SF:components\portfolio-chart.tsx
FN:8,PortfolioChart
FNF:1
FNH:0
FNDA:0,PortfolioChart
DA:9,0
LF:1
LH:0
BRF:0
BRH:0
end_of_record
TN:
SF:components\portfolio-dashboard.tsx
FN:7,PortfolioDashboard
FNF:1
FNH:0
FNDA:0,PortfolioDashboard
DA:8,0
LF:1
LH:0
BRF:0
BRH:0
end_of_record
TN:
SF:components\portfolio-diversification-tool.tsx
FN:114,PortfolioDiversificationTool
FN:133,(anonymous_1)
FN:134,(anonymous_2)
FN:142,(anonymous_3)
FN:148,(anonymous_4)
FN:149,(anonymous_5)
FN:157,(anonymous_6)
FN:158,(anonymous_7)
FN:168,(anonymous_8)
FN:171,(anonymous_9)
FN:196,(anonymous_10)
FN:198,(anonymous_11)
FN:202,(anonymous_12)
FN:208,(anonymous_13)
FN:215,(anonymous_14)
FN:220,(anonymous_15)
FN:228,(anonymous_16)
FN:231,(anonymous_17)
FN:241,(anonymous_18)
FN:252,(anonymous_19)
FN:255,(anonymous_20)
FN:266,(anonymous_21)
FN:273,(anonymous_22)
FN:277,(anonymous_23)
FN:278,(anonymous_24)
FN:304,(anonymous_25)
FN:321,(anonymous_26)
FN:357,(anonymous_27)
FN:358,(anonymous_28)
FN:399,(anonymous_29)
FN:400,(anonymous_30)
FN:469,(anonymous_31)
FN:470,(anonymous_32)
FN:478,(anonymous_33)
FN:479,(anonymous_34)
FNF:35
FNH:0
FNDA:0,PortfolioDiversificationTool
FNDA:0,(anonymous_1)
FNDA:0,(anonymous_2)
FNDA:0,(anonymous_3)
FNDA:0,(anonymous_4)
FNDA:0,(anonymous_5)
FNDA:0,(anonymous_6)
FNDA:0,(anonymous_7)
FNDA:0,(anonymous_8)
FNDA:0,(anonymous_9)
FNDA:0,(anonymous_10)
FNDA:0,(anonymous_11)
FNDA:0,(anonymous_12)
FNDA:0,(anonymous_13)
FNDA:0,(anonymous_14)
FNDA:0,(anonymous_15)
FNDA:0,(anonymous_16)
FNDA:0,(anonymous_17)
FNDA:0,(anonymous_18)
FNDA:0,(anonymous_19)
FNDA:0,(anonymous_20)
FNDA:0,(anonymous_21)
FNDA:0,(anonymous_22)
FNDA:0,(anonymous_23)
FNDA:0,(anonymous_24)
FNDA:0,(anonymous_25)
FNDA:0,(anonymous_26)
FNDA:0,(anonymous_27)
FNDA:0,(anonymous_28)
FNDA:0,(anonymous_29)
FNDA:0,(anonymous_30)
FNDA:0,(anonymous_31)
FNDA:0,(anonymous_32)
FNDA:0,(anonymous_33)
FNDA:0,(anonymous_34)
DA:39,0
DA:115,0
DA:128,0
DA:129,0
DA:130,0
DA:133,0
DA:134,0
DA:136,0
DA:137,0
DA:141,0
DA:142,0
DA:143,0
DA:147,0
DA:148,0
DA:149,0
DA:150,0
DA:151,0
DA:156,0
DA:157,0
DA:158,0
DA:159,0
DA:161,0
DA:162,0
DA:165,0
DA:168,0
DA:169,0
DA:171,0
DA:172,0
DA:174,0
DA:175,0
DA:176,0
DA:178,0
DA:182,0
DA:185,0
DA:187,0
DA:196,0
DA:197,0
DA:198,0
DA:202,0
DA:203,0
DA:205,0
DA:207,0
DA:208,0
DA:209,0
DA:211,0
DA:215,0
DA:216,0
DA:218,0
DA:219,0
DA:220,0
DA:221,0
DA:223,0
DA:227,0
DA:228,0
DA:230,0
DA:231,0
DA:232,0
DA:234,0
DA:237,0
DA:238,0
DA:241,0
DA:242,0
DA:243,0
DA:245,0
DA:249,0
DA:250,0
DA:252,0
DA:253,0
DA:254,0
DA:255,0
DA:256,0
DA:259,0
DA:262,0
DA:263,0
DA:266,0
DA:267,0
DA:268,0
DA:269,0
DA:273,0
DA:274,0
DA:275,0
DA:277,0
DA:278,0
DA:281,0
DA:282,0
DA:283,0
DA:285,0
DA:288,0
DA:290,0
DA:304,0
DA:321,0
DA:358,0
DA:359,0
DA:400,0
DA:401,0
DA:470,0
DA:479,0
LF:97
LH:0
BRDA:136,0,0,0
BRDA:136,0,1,0
BRDA:150,1,0,0
BRDA:150,1,1,0
BRDA:159,2,0,0
BRDA:159,2,1,0
BRDA:169,3,0,0
BRDA:169,3,1,0
BRDA:172,4,0,0
BRDA:172,4,1,0
BRDA:176,5,0,0
BRDA:176,5,1,0
BRDA:176,5,2,0
BRDA:185,6,0,0
BRDA:185,6,1,0
BRDA:205,7,0,0
BRDA:205,7,1,0
BRDA:205,7,2,0
BRDA:205,7,3,0
BRDA:242,8,0,0
BRDA:242,8,1,0
BRDA:267,9,0,0
BRDA:267,9,1,0
BRDA:275,10,0,0
BRDA:275,10,1,0
BRDA:340,11,0,0
BRDA:340,11,1,0
BRDA:392,12,0,0
BRDA:392,12,1,0
BRDA:489,13,0,0
BRDA:489,13,1,0
BRDA:492,14,0,0
BRDA:492,14,1,0
BRDA:492,14,2,0
BRDA:495,15,0,0
BRDA:495,15,1,0
BRDA:498,16,0,0
BRDA:498,16,1,0
BRF:38
BRH:0
end_of_record
TN:
SF:components\portfolio-header.tsx
FN:8,PortfolioHeader
FNF:1
FNH:0
FNDA:0,PortfolioHeader
DA:9,0
LF:1
LH:0
BRF:0
BRH:0
end_of_record
TN:
SF:components\portfolio-overview.tsx
FN:8,PortfolioOverview
FN:89,PositionsList
FN:109,(anonymous_2)
FN:139,PortfolioDashboard
FNF:4
FNH:0
FNDA:0,PortfolioOverview
FNDA:0,PositionsList
FNDA:0,(anonymous_2)
FNDA:0,PortfolioDashboard
DA:9,0
DA:11,0
DA:12,0
DA:19,0
DA:20,0
DA:21,0
DA:23,0
DA:90,0
DA:92,0
DA:93,0
DA:102,0
DA:110,0
DA:140,0
LF:13
LH:0
BRDA:11,0,0,0
BRDA:11,0,1,0
BRDA:64,1,0,0
BRDA:64,1,1,0
BRDA:73,2,0,0
BRDA:73,2,1,0
BRDA:77,3,0,0
BRDA:77,3,1,0
BRDA:78,4,0,0
BRDA:78,4,1,0
BRDA:92,5,0,0
BRDA:92,5,1,0
BRDA:92,6,0,0
BRDA:92,6,1,0
BRDA:120,7,0,0
BRDA:120,7,1,0
BRDA:125,8,0,0
BRDA:125,8,1,0
BRDA:126,9,0,0
BRDA:126,9,1,0
BRDA:127,10,0,0
BRDA:127,10,1,0
BRF:22
BRH:0
end_of_record
TN:
SF:components\positions-table.tsx
FN:48,PositionsTable
FN:49,(anonymous_1)
FN:50,(anonymous_2)
FN:87,(anonymous_3)
FNF:4
FNH:0
FNDA:0,PositionsTable
FNDA:0,(anonymous_1)
FNDA:0,(anonymous_2)
FNDA:0,(anonymous_3)
DA:9,0
DA:49,0
DA:50,0
DA:51,0
DA:52,0
DA:54,0
DA:88,0
LF:7
LH:0
BRDA:66,0,0,0
BRDA:66,0,1,0
BRDA:67,1,0,0
BRDA:67,1,1,0
BRDA:67,2,0,0
BRDA:67,2,1,0
BRDA:101,3,0,0
BRDA:101,3,1,0
BRDA:102,4,0,0
BRDA:102,4,1,0
BRDA:104,5,0,0
BRDA:104,5,1,0
BRDA:105,6,0,0
BRDA:105,6,1,0
BRDA:110,7,0,0
BRDA:110,7,1,0
BRF:16
BRH:0
end_of_record
TN:
SF:components\pricing.tsx
FN:14,FeatureItem
FN:40,guessLocalCurrency
FN:86,Pricing
FN:90,(anonymous_3)
FN:92,load
FN:103,(anonymous_5)
FN:165,(anonymous_6)
FN:166,(anonymous_7)
FN:195,(anonymous_8)
FN:224,(anonymous_9)
FN:225,(anonymous_10)
FN:254,(anonymous_11)
FN:282,(anonymous_12)
FN:283,(anonymous_13)
FN:312,(anonymous_14)
FN:328,(anonymous_15)
FN:335,(anonymous_16)
FN:342,(anonymous_17)
FNF:18
FNH:0
FNDA:0,FeatureItem
FNDA:0,guessLocalCurrency
FNDA:0,Pricing
FNDA:0,(anonymous_3)
FNDA:0,load
FNDA:0,(anonymous_5)
FNDA:0,(anonymous_6)
FNDA:0,(anonymous_7)
FNDA:0,(anonymous_8)
FNDA:0,(anonymous_9)
FNDA:0,(anonymous_10)
FNDA:0,(anonymous_11)
FNDA:0,(anonymous_12)
FNDA:0,(anonymous_13)
FNDA:0,(anonymous_14)
FNDA:0,(anonymous_15)
FNDA:0,(anonymous_16)
FNDA:0,(anonymous_17)
DA:12,0
DA:15,0
DA:25,0
DA:41,0
DA:42,0
DA:43,0
DA:44,0
DA:48,0
DA:61,0
DA:74,0
DA:87,0
DA:88,0
DA:90,0
DA:91,0
DA:93,0
DA:94,0
DA:95,0
DA:96,0
DA:97,0
DA:99,0
DA:102,0
DA:103,0
DA:104,0
DA:108,0
DA:165,0
DA:166,0
DA:196,0
DA:224,0
DA:225,0
DA:255,0
DA:282,0
DA:283,0
DA:313,0
DA:328,0
DA:335,0
DA:342,0
LF:36
LH:0
BRDA:14,0,0,0
BRDA:18,1,0,0
BRDA:18,1,1,0
BRDA:41,2,0,0
BRDA:41,2,1,0
BRDA:42,3,0,0
BRDA:42,3,1,0
BRDA:43,4,0,0
BRDA:43,4,1,0
BRDA:43,5,0,0
BRDA:43,5,1,0
BRDA:43,6,0,0
BRDA:43,6,1,0
BRDA:95,7,0,0
BRDA:95,7,1,0
BRDA:97,8,0,0
BRDA:97,8,1,0
BRDA:97,9,0,0
BRDA:97,9,1,0
BRDA:99,10,0,0
BRDA:99,10,1,0
BRDA:328,11,0,0
BRDA:328,11,1,0
BRDA:335,12,0,0
BRDA:335,12,1,0
BRDA:342,13,0,0
BRDA:342,13,1,0
BRF:27
BRH:0
end_of_record
TN:
SF:components\progress-analytics-dashboard.tsx
FN:91,ProgressAnalyticsDashboard
FN:95,(anonymous_1)
FN:99,(anonymous_2)
FN:132,(anonymous_3)
FN:141,(anonymous_4)
FN:227,(anonymous_5)
FN:244,(anonymous_6)
FN:267,(anonymous_7)
FN:275,(anonymous_8)
FN:300,(anonymous_9)
FN:362,(anonymous_10)
FN:390,(anonymous_11)
FN:410,(anonymous_12)
FN:433,(anonymous_13)
FNF:14
FNH:0
FNDA:0,ProgressAnalyticsDashboard
FNDA:0,(anonymous_1)
FNDA:0,(anonymous_2)
FNDA:0,(anonymous_3)
FNDA:0,(anonymous_4)
FNDA:0,(anonymous_5)
FNDA:0,(anonymous_6)
FNDA:0,(anonymous_7)
FNDA:0,(anonymous_8)
FNDA:0,(anonymous_9)
FNDA:0,(anonymous_10)
FNDA:0,(anonymous_11)
FNDA:0,(anonymous_12)
FNDA:0,(anonymous_13)
DA:92,0
DA:93,0
DA:95,0
DA:96,0
DA:99,0
DA:100,0
DA:101,0
DA:102,0
DA:103,0
DA:104,0
DA:107,0
DA:109,0
DA:113,0
DA:114,0
DA:121,0
DA:122,0
DA:132,0
DA:133,0
DA:134,0
DA:135,0
DA:136,0
DA:137,0
DA:141,0
DA:142,0
DA:143,0
DA:144,0
DA:147,0
DA:228,0
DA:245,0
DA:268,0
DA:276,0
DA:301,0
DA:363,0
DA:391,0
DA:411,0
DA:434,0
LF:36
LH:0
BRDA:103,0,0,0
BRDA:103,0,1,0
BRDA:113,1,0,0
BRDA:113,1,1,0
BRDA:121,2,0,0
BRDA:121,2,1,0
BRDA:133,3,0,0
BRDA:133,3,1,0
BRDA:133,3,2,0
BRDA:133,3,3,0
BRDA:311,4,0,0
BRDA:311,4,1,0
BRF:12
BRH:0
end_of_record
TN:
SF:components\progress-dashboard.tsx
FN:10,ProgressDashboard
FNF:1
FNH:0
FNDA:0,ProgressDashboard
DA:11,0
LF:1
LH:0
BRF:0
BRH:0
end_of_record
TN:
SF:components\progress-header.tsx
FN:8,ProgressHeader
FNF:1
FNH:0
FNDA:0,ProgressHeader
DA:9,0
LF:1
LH:0
BRF:0
BRH:0
end_of_record
TN:
SF:components\progress-tracker.tsx
FN:15,ProgressTracker
FN:39,(anonymous_1)
FNF:2
FNH:0
FNDA:0,ProgressTracker
FNDA:0,(anonymous_1)
DA:8,0
DA:16,0
DA:40,0
LF:3
LH:0
BRDA:45,0,0,0
BRDA:45,0,1,0
BRDA:46,1,0,0
BRDA:46,1,1,0
BRF:4
BRH:0
end_of_record
TN:
SF:components\quick-actions.tsx
FN:37,QuickActions
FN:46,(anonymous_1)
FNF:2
FNH:0
FNDA:0,QuickActions
FNDA:0,(anonymous_1)
DA:6,0
DA:38,0
DA:47,0
LF:3
LH:0
BRF:0
BRH:0
end_of_record
TN:
SF:components\quiz-grid.tsx
FN:92,QuizGrid
FN:96,(anonymous_1)
FN:151,(anonymous_2)
FNF:3
FNH:0
FNDA:0,QuizGrid
FNDA:0,(anonymous_1)
FNDA:0,(anonymous_2)
DA:9,0
DA:93,0
DA:97,0
DA:152,0
LF:4
LH:0
BRDA:108,0,0,0
BRDA:108,0,1,0
BRDA:110,1,0,0
BRDA:110,1,1,0
BRDA:117,2,0,0
BRDA:117,2,1,0
BRDA:161,3,0,0
BRDA:161,3,1,0
BRF:8
BRH:0
end_of_record
TN:
SF:components\quiz-header.tsx
FN:8,QuizHeader
FNF:1
FNH:0
FNDA:0,QuizHeader
DA:9,0
LF:1
LH:0
BRF:0
BRH:0
end_of_record
TN:
SF:components\quiz-interface.tsx
FN:75,QuizInterface
FN:86,(anonymous_1)
FN:88,(anonymous_2)
FN:89,(anonymous_3)
FN:91,(anonymous_4)
FN:101,(anonymous_5)
FN:107,(anonymous_6)
FN:108,(anonymous_7)
FN:111,(anonymous_8)
FN:113,(anonymous_9)
FN:128,(anonymous_10)
FN:135,(anonymous_11)
FN:225,(anonymous_12)
FN:263,(anonymous_13)
FN:306,(anonymous_14)
FN:308,(anonymous_15)
FN:322,(anonymous_16)
FN:341,(anonymous_17)
FN:346,(anonymous_18)
FN:353,(anonymous_19)
FN:371,(anonymous_20)
FN:381,(anonymous_21)
FNF:22
FNH:0
FNDA:0,QuizInterface
FNDA:0,(anonymous_1)
FNDA:0,(anonymous_2)
FNDA:0,(anonymous_3)
FNDA:0,(anonymous_4)
FNDA:0,(anonymous_5)
FNDA:0,(anonymous_6)
FNDA:0,(anonymous_7)
FNDA:0,(anonymous_8)
FNDA:0,(anonymous_9)
FNDA:0,(anonymous_10)
FNDA:0,(anonymous_11)
FNDA:0,(anonymous_12)
FNDA:0,(anonymous_13)
FNDA:0,(anonymous_14)
FNDA:0,(anonymous_15)
FNDA:0,(anonymous_16)
FNDA:0,(anonymous_17)
FNDA:0,(anonymous_18)
FNDA:0,(anonymous_19)
FNDA:0,(anonymous_20)
FNDA:0,(anonymous_21)
DA:19,0
DA:76,0
DA:77,0
DA:78,0
DA:79,0
DA:80,0
DA:81,0
DA:82,0
DA:84,0
DA:86,0
DA:87,0
DA:88,0
DA:89,0
DA:91,0
DA:92,0
DA:93,0
DA:97,0
DA:98,0
DA:101,0
DA:102,0
DA:103,0
DA:104,0
DA:107,0
DA:108,0
DA:111,0
DA:112,0
DA:113,0
DA:114,0
DA:115,0
DA:116,0
DA:117,0
DA:118,0
DA:119,0
DA:120,0
DA:121,0
DA:125,0
DA:128,0
DA:129,0
DA:130,0
DA:131,0
DA:132,0
DA:135,0
DA:136,0
DA:137,0
DA:140,0
DA:141,0
DA:185,0
DA:186,0
DA:226,0
DA:228,0
DA:233,0
DA:263,0
DA:273,0
DA:274,0
DA:276,0
DA:306,0
DA:309,0
DA:322,0
DA:342,0
DA:347,0
DA:348,0
DA:349,0
DA:351,0
DA:353,0
DA:371,0
DA:381,0
LF:66
LH:0
BRDA:87,0,0,0
BRDA:87,0,1,0
BRDA:87,1,0,0
BRDA:87,1,1,0
BRDA:87,1,2,0
BRDA:92,2,0,0
BRDA:92,2,1,0
BRDA:92,3,0,0
BRDA:92,3,1,0
BRDA:97,4,0,0
BRDA:97,4,1,0
BRDA:115,5,0,0
BRDA:115,5,1,0
BRDA:115,6,0,0
BRDA:115,6,1,0
BRDA:116,7,0,0
BRDA:116,7,1,0
BRDA:117,8,0,0
BRDA:117,8,1,0
BRDA:118,9,0,0
BRDA:118,9,1,0
BRDA:119,10,0,0
BRDA:119,10,1,0
BRDA:120,11,0,0
BRDA:120,11,1,0
BRDA:140,12,0,0
BRDA:140,12,1,0
BRDA:185,13,0,0
BRDA:185,13,1,0
BRDA:197,14,0,0
BRDA:197,14,1,0
BRDA:197,15,0,0
BRDA:197,15,1,0
BRDA:200,16,0,0
BRDA:200,16,1,0
BRDA:200,17,0,0
BRDA:200,17,1,0
BRDA:228,18,0,0
BRDA:228,18,1,0
BRDA:228,19,0,0
BRDA:228,19,1,0
BRDA:230,20,0,0
BRDA:230,20,1,0
BRDA:231,21,0,0
BRDA:231,21,1,0
BRDA:236,22,0,0
BRDA:236,22,1,0
BRDA:240,23,0,0
BRDA:240,23,1,0
BRDA:290,24,0,0
BRDA:290,24,1,0
BRDA:303,25,0,0
BRDA:303,25,1,0
BRDA:319,26,0,0
BRDA:319,26,1,0
BRDA:339,27,0,0
BRDA:339,27,1,0
BRDA:345,28,0,0
BRDA:345,28,1,0
BRDA:347,29,0,0
BRDA:347,29,1,0
BRDA:348,30,0,0
BRDA:348,30,1,0
BRDA:378,31,0,0
BRDA:378,31,1,0
BRF:65
BRH:0
end_of_record
TN:
SF:components\risk-assessment-tool.tsx
FN:40,RiskAssessmentTool
FN:63,(anonymous_1)
FN:64,(anonymous_2)
FN:69,(anonymous_3)
FN:73,(anonymous_4)
FN:77,(anonymous_5)
FN:99,(anonymous_6)
FN:100,(anonymous_7)
FN:101,(anonymous_8)
FN:109,(anonymous_9)
FN:115,(anonymous_10)
FN:134,(anonymous_11)
FN:160,(anonymous_12)
FN:177,(anonymous_13)
FN:206,(anonymous_14)
FN:226,(anonymous_15)
FN:342,(anonymous_16)
FN:367,(anonymous_17)
FNF:18
FNH:0
FNDA:0,RiskAssessmentTool
FNDA:0,(anonymous_1)
FNDA:0,(anonymous_2)
FNDA:0,(anonymous_3)
FNDA:0,(anonymous_4)
FNDA:0,(anonymous_5)
FNDA:0,(anonymous_6)
FNDA:0,(anonymous_7)
FNDA:0,(anonymous_8)
FNDA:0,(anonymous_9)
FNDA:0,(anonymous_10)
FNDA:0,(anonymous_11)
FNDA:0,(anonymous_12)
FNDA:0,(anonymous_13)
FNDA:0,(anonymous_14)
FNDA:0,(anonymous_15)
FNDA:0,(anonymous_16)
FNDA:0,(anonymous_17)
DA:41,0
DA:51,0
DA:52,0
DA:53,0
DA:63,0
DA:64,0
DA:66,0
DA:69,0
DA:70,0
DA:72,0
DA:74,0
DA:77,0
DA:78,0
DA:81,0
DA:82,0
DA:85,0
DA:86,0
DA:87,0
DA:89,0
DA:99,0
DA:100,0
DA:101,0
DA:102,0
DA:109,0
DA:110,0
DA:111,0
DA:112,0
DA:115,0
DA:116,0
DA:118,0
DA:119,0
DA:122,0
DA:123,0
DA:126,0
DA:127,0
DA:130,0
DA:131,0
DA:134,0
DA:135,0
DA:136,0
DA:139,0
DA:142,0
DA:143,0
DA:145,0
DA:160,0
DA:177,0
DA:207,0
DA:226,0
DA:343,0
DA:367,0
LF:50
LH:0
BRDA:66,0,0,0
BRDA:66,0,1,0
BRDA:102,1,0,0
BRDA:102,1,1,0
BRDA:110,2,0,0
BRDA:110,2,1,0
BRDA:111,3,0,0
BRDA:111,3,1,0
BRDA:118,4,0,0
BRDA:118,4,1,0
BRDA:122,5,0,0
BRDA:122,5,1,0
BRDA:126,6,0,0
BRDA:126,6,1,0
BRDA:130,7,0,0
BRDA:130,7,1,0
BRDA:135,8,0,0
BRDA:135,8,1,0
BRDA:323,9,0,0
BRDA:323,9,1,0
BRDA:323,10,0,0
BRDA:323,10,1,0
BRDA:341,11,0,0
BRDA:341,11,1,0
BRDA:373,12,0,0
BRDA:373,12,1,0
BRDA:379,13,0,0
BRDA:379,13,1,0
BRF:28
BRH:0
end_of_record
TN:
SF:components\sector-performance.tsx
FN:21,SectorPerformance
FN:33,(anonymous_1)
FNF:2
FNH:0
FNDA:0,SectorPerformance
FNDA:0,(anonymous_1)
DA:8,0
DA:22,0
DA:34,0
LF:3
LH:0
BRDA:38,0,0,0
BRDA:38,0,1,0
BRDA:39,1,0,0
BRDA:39,1,1,0
BRDA:44,2,0,0
BRDA:44,2,1,0
BRF:6
BRH:0
end_of_record
TN:
SF:components\site-header.tsx
FN:9,SiteHeader
FN:36,(anonymous_1)
FN:90,(anonymous_2)
FNF:3
FNH:0
FNDA:0,SiteHeader
FNDA:0,(anonymous_1)
FNDA:0,(anonymous_2)
DA:10,0
DA:18,0
DA:37,0
DA:91,0
LF:4
LH:0
BRF:0
BRH:0
end_of_record
TN:
SF:components\skill-assessment.tsx
FN:44,SkillAssessment
FN:63,(anonymous_1)
FNF:2
FNH:0
FNDA:0,SkillAssessment
FNDA:0,(anonymous_1)
DA:9,0
DA:45,0
DA:64,0
LF:3
LH:0
BRDA:75,0,0,0
BRDA:75,0,1,0
BRDA:75,1,0,0
BRDA:75,1,1,0
BRF:4
BRH:0
end_of_record
TN:
SF:components\stock-market-background.tsx
FN:17,(anonymous_0)
FN:42,(anonymous_1)
FN:43,(anonymous_2)
FN:45,(anonymous_3)
FN:51,(anonymous_4)
FN:58,(anonymous_5)
FN:59,(anonymous_6)
FN:60,(anonymous_7)
FN:61,(anonymous_8)
FN:77,(anonymous_9)
FN:90,(anonymous_10)
FN:97,(anonymous_11)
FN:99,(anonymous_12)
FN:106,(anonymous_13)
FN:108,(anonymous_14)
FN:122,(anonymous_15)
FN:125,(anonymous_16)
FN:155,(anonymous_17)
FN:190,(anonymous_18)
FN:211,(anonymous_19)
FN:224,(anonymous_20)
FNF:21
FNH:0
FNDA:0,(anonymous_0)
FNDA:0,(anonymous_1)
FNDA:0,(anonymous_2)
FNDA:0,(anonymous_3)
FNDA:0,(anonymous_4)
FNDA:0,(anonymous_5)
FNDA:0,(anonymous_6)
FNDA:0,(anonymous_7)
FNDA:0,(anonymous_8)
FNDA:0,(anonymous_9)
FNDA:0,(anonymous_10)
FNDA:0,(anonymous_11)
FNDA:0,(anonymous_12)
FNDA:0,(anonymous_13)
FNDA:0,(anonymous_14)
FNDA:0,(anonymous_15)
FNDA:0,(anonymous_16)
FNDA:0,(anonymous_17)
FNDA:0,(anonymous_18)
FNDA:0,(anonymous_19)
FNDA:0,(anonymous_20)
DA:17,0
DA:18,0
DA:19,0
DA:30,0
DA:36,0
DA:37,0
DA:38,0
DA:39,0
DA:42,0
DA:43,0
DA:44,0
DA:45,0
DA:46,0
DA:50,0
DA:51,0
DA:52,0
DA:53,0
DA:58,0
DA:59,0
DA:60,0
DA:61,0
DA:62,0
DA:63,0
DA:64,0
DA:65,0
DA:66,0
DA:67,0
DA:77,0
DA:81,0
DA:90,0
DA:91,0
DA:92,0
DA:94,0
DA:95,0
DA:97,0
DA:98,0
DA:99,0
DA:100,0
DA:101,0
DA:102,0
DA:106,0
DA:107,0
DA:108,0
DA:118,0
DA:119,0
DA:120,0
DA:122,0
DA:123,0
DA:125,0
DA:126,0
DA:127,0
DA:128,0
DA:130,0
DA:131,0
DA:132,0
DA:133,0
DA:134,0
DA:135,0
DA:139,0
DA:140,0
DA:141,0
DA:142,0
DA:144,0
DA:145,0
DA:146,0
DA:147,0
DA:150,0
DA:153,0
DA:155,0
DA:156,0
DA:157,0
DA:158,0
DA:163,0
DA:191,0
DA:212,0
DA:224,0
LF:76
LH:0
BRDA:44,0,0,0
BRDA:44,0,1,0
BRDA:53,1,0,0
BRDA:53,1,1,0
BRDA:66,2,0,0
BRDA:66,2,1,0
BRDA:92,3,0,0
BRDA:92,3,1,0
BRDA:95,4,0,0
BRDA:95,4,1,0
BRDA:98,5,0,0
BRDA:98,5,1,0
BRDA:107,6,0,0
BRDA:107,6,1,0
BRDA:130,7,0,0
BRDA:130,7,1,0
BRDA:139,8,0,0
BRDA:139,8,1,0
BRDA:140,9,0,0
BRDA:140,9,1,0
BRDA:141,10,0,0
BRDA:141,10,1,0
BRDA:142,11,0,0
BRDA:142,11,1,0
BRDA:157,12,0,0
BRDA:157,12,1,0
BRDA:199,13,0,0
BRDA:199,13,1,0
BRDA:202,14,0,0
BRDA:202,14,1,0
BRDA:202,15,0,0
BRDA:202,15,1,0
BRF:32
BRH:0
end_of_record
TN:
SF:components\strategy-builder.tsx
FN:35,StrategyBuilder
FN:60,(anonymous_1)
FN:71,(anonymous_2)
FN:72,(anonymous_3)
FN:75,(anonymous_4)
FN:76,(anonymous_5)
FN:79,(anonymous_6)
FN:93,(anonymous_7)
FN:95,(anonymous_8)
FN:97,(anonymous_9)
FN:101,(anonymous_10)
FN:137,(anonymous_11)
FN:146,(anonymous_12)
FN:185,(anonymous_13)
FN:189,(anonymous_14)
FN:196,(anonymous_15)
FN:202,(anonymous_16)
FN:211,(anonymous_17)
FN:217,(anonymous_18)
FN:227,(anonymous_19)
FN:231,(anonymous_20)
FN:259,(anonymous_21)
FN:266,(anonymous_22)
FN:270,(anonymous_23)
FN:295,(anonymous_24)
FN:302,(anonymous_25)
FN:306,(anonymous_26)
FN:343,(anonymous_27)
FN:352,(anonymous_28)
FN:361,(anonymous_29)
FNF:30
FNH:0
FNDA:0,StrategyBuilder
FNDA:0,(anonymous_1)
FNDA:0,(anonymous_2)
FNDA:0,(anonymous_3)
FNDA:0,(anonymous_4)
FNDA:0,(anonymous_5)
FNDA:0,(anonymous_6)
FNDA:0,(anonymous_7)
FNDA:0,(anonymous_8)
FNDA:0,(anonymous_9)
FNDA:0,(anonymous_10)
FNDA:0,(anonymous_11)
FNDA:0,(anonymous_12)
FNDA:0,(anonymous_13)
FNDA:0,(anonymous_14)
FNDA:0,(anonymous_15)
FNDA:0,(anonymous_16)
FNDA:0,(anonymous_17)
FNDA:0,(anonymous_18)
FNDA:0,(anonymous_19)
FNDA:0,(anonymous_20)
FNDA:0,(anonymous_21)
FNDA:0,(anonymous_22)
FNDA:0,(anonymous_23)
FNDA:0,(anonymous_24)
FNDA:0,(anonymous_25)
FNDA:0,(anonymous_26)
FNDA:0,(anonymous_27)
FNDA:0,(anonymous_28)
FNDA:0,(anonymous_29)
DA:36,0
DA:37,0
DA:38,0
DA:39,0
DA:40,0
DA:41,0
DA:47,0
DA:58,0
DA:60,0
DA:61,0
DA:68,0
DA:71,0
DA:72,0
DA:75,0
DA:76,0
DA:79,0
DA:80,0
DA:86,0
DA:87,0
DA:89,0
DA:93,0
DA:94,0
DA:95,0
DA:97,0
DA:101,0
DA:102,0
DA:104,0
DA:106,0
DA:116,0
DA:119,0
DA:137,0
DA:146,0
DA:186,0
DA:189,0
DA:196,0
DA:203,0
DA:211,0
DA:218,0
DA:227,0
DA:231,0
DA:259,0
DA:267,0
DA:270,0
DA:295,0
DA:303,0
DA:306,0
DA:343,0
DA:352,0
DA:361,0
LF:49
LH:0
BRDA:76,0,0,0
BRDA:76,0,1,0
BRDA:86,1,0,0
BRDA:86,1,1,0
BRDA:94,2,0,0
BRDA:94,2,1,0
BRDA:102,3,0,0
BRDA:102,3,1,0
BRDA:177,4,0,0
BRDA:177,4,1,0
BRDA:380,5,0,0
BRDA:380,5,1,0
BRDA:381,6,0,0
BRDA:381,6,1,0
BRDA:400,7,0,0
BRDA:400,7,1,0
BRF:16
BRH:0
end_of_record
TN:
SF:components\strategy-library.tsx
FN:113,StrategyLibrary
FN:121,(anonymous_1)
FN:131,(anonymous_2)
FN:159,(anonymous_3)
FN:167,(anonymous_4)
FN:179,(anonymous_5)
FN:198,(anonymous_6)
FN:245,(anonymous_7)
FN:260,(anonymous_8)
FN:265,(anonymous_9)
FN:278,(anonymous_10)
FN:312,(anonymous_11)
FN:316,(anonymous_12)
FNF:13
FNH:0
FNDA:0,StrategyLibrary
FNDA:0,(anonymous_1)
FNDA:0,(anonymous_2)
FNDA:0,(anonymous_3)
FNDA:0,(anonymous_4)
FNDA:0,(anonymous_5)
FNDA:0,(anonymous_6)
FNDA:0,(anonymous_7)
FNDA:0,(anonymous_8)
FNDA:0,(anonymous_9)
FNDA:0,(anonymous_10)
FNDA:0,(anonymous_11)
FNDA:0,(anonymous_12)
DA:16,0
DA:97,0
DA:114,0
DA:115,0
DA:116,0
DA:118,0
DA:119,0
DA:121,0
DA:123,0
DA:125,0
DA:126,0
DA:128,0
DA:131,0
DA:132,0
DA:134,0
DA:136,0
DA:138,0
DA:140,0
DA:144,0
DA:159,0
DA:168,0
DA:180,0
DA:199,0
DA:246,0
DA:260,0
DA:265,0
DA:279,0
DA:312,0
DA:316,0
LF:29
LH:0
BRDA:123,0,0,0
BRDA:123,0,1,0
BRDA:125,1,0,0
BRDA:125,1,1,0
BRDA:126,2,0,0
BRDA:126,2,1,0
BRDA:128,3,0,0
BRDA:128,3,1,0
BRDA:128,3,2,0
BRDA:132,4,0,0
BRDA:132,4,1,0
BRDA:132,4,2,0
BRDA:132,4,3,0
BRDA:169,5,0,0
BRDA:169,5,1,0
BRDA:181,6,0,0
BRDA:181,6,1,0
BRDA:200,7,0,0
BRDA:200,7,1,0
BRDA:223,8,0,0
BRDA:223,8,1,0
BRDA:224,9,0,0
BRDA:224,9,1,0
BRDA:248,10,0,0
BRDA:248,10,1,0
BRDA:293,11,0,0
BRDA:293,11,1,0
BRDA:294,12,0,0
BRDA:294,12,1,0
BRF:29
BRH:0
end_of_record
TN:
SF:components\study-groups.tsx
FN:107,StudyGroups
FN:112,(anonymous_1)
FN:143,(anonymous_2)
FN:189,(anonymous_3)
FN:222,(anonymous_4)
FN:237,(anonymous_5)
FN:270,(anonymous_6)
FN:271,(anonymous_7)
FN:315,(anonymous_8)
FNF:9
FNH:0
FNDA:0,StudyGroups
FNDA:0,(anonymous_1)
FNDA:0,(anonymous_2)
FNDA:0,(anonymous_3)
FNDA:0,(anonymous_4)
FNDA:0,(anonymous_5)
FNDA:0,(anonymous_6)
FNDA:0,(anonymous_7)
FNDA:0,(anonymous_8)
DA:13,0
DA:84,0
DA:108,0
DA:109,0
DA:110,0
DA:112,0
DA:113,0
DA:115,0
DA:117,0
DA:119,0
DA:121,0
DA:125,0
DA:143,0
DA:190,0
DA:222,0
DA:238,0
DA:270,0
DA:272,0
DA:316,0
LF:19
LH:0
BRDA:113,0,0,0
BRDA:113,0,1,0
BRDA:113,0,2,0
BRDA:113,0,3,0
BRDA:218,1,0,0
BRDA:218,1,1,0
BRDA:246,2,0,0
BRDA:246,2,1,0
BRF:8
BRH:0
end_of_record
TN:
SF:components\theme-provider.tsx
FN:9,ThemeProvider
FNF:1
FNH:0
FNDA:0,ThemeProvider
DA:10,0
LF:1
LH:0
BRF:0
BRH:0
end_of_record
TN:
SF:components\theme-toggle.tsx
FN:13,ThemeToggle
FN:26,(anonymous_1)
FN:29,(anonymous_2)
FN:32,(anonymous_3)
FNF:4
FNH:1
FNDA:10,ThemeToggle
FNDA:0,(anonymous_1)
FNDA:0,(anonymous_2)
FNDA:0,(anonymous_3)
DA:14,10
DA:16,9
DA:26,0
DA:29,0
DA:32,0
LF:5
LH:2
BRF:0
BRH:0
end_of_record
TN:
SF:components\top-movers.tsx
FN:32,TopMovers
FN:51,(anonymous_1)
FN:68,(anonymous_2)
FN:86,(anonymous_3)
FNF:4
FNH:0
FNDA:0,TopMovers
FNDA:0,(anonymous_1)
FNDA:0,(anonymous_2)
FNDA:0,(anonymous_3)
DA:8,0
DA:16,0
DA:24,0
DA:33,0
DA:52,0
DA:69,0
DA:87,0
LF:7
LH:0
BRF:0
BRH:0
end_of_record
TN:
SF:components\trading-chart.tsx
FN:9,TradingChart
FNF:1
FNH:0
FNDA:0,TradingChart
DA:10,0
LF:1
LH:0
BRF:0
BRH:0
end_of_record
TN:
SF:components\trading-dashboard.tsx
FN:14,TradingDashboard
FN:18,(anonymous_1)
FN:129,(anonymous_2)
FN:137,(anonymous_3)
FN:145,(anonymous_4)
FN:165,(anonymous_5)
FNF:6
FNH:0
FNDA:0,TradingDashboard
FNDA:0,(anonymous_1)
FNDA:0,(anonymous_2)
FNDA:0,(anonymous_3)
FNDA:0,(anonymous_4)
FNDA:0,(anonymous_5)
DA:15,0
DA:16,0
DA:18,0
DA:19,0
DA:22,0
DA:23,0
DA:34,0
DA:129,0
DA:137,0
DA:145,0
DA:166,0
LF:11
LH:0
BRDA:22,0,0,0
BRDA:22,0,1,0
BRDA:79,1,0,0
BRDA:79,1,1,0
BRDA:87,2,0,0
BRDA:87,2,1,0
BRDA:89,3,0,0
BRDA:89,3,1,0
BRDA:159,4,0,0
BRDA:159,4,1,0
BRDA:198,5,0,0
BRDA:198,5,1,0
BRF:12
BRH:0
end_of_record
TN:
SF:components\trading-header.tsx
FN:8,TradingHeader
FNF:1
FNH:0
FNDA:0,TradingHeader
DA:9,0
LF:1
LH:0
BRF:0
BRH:0
end_of_record
TN:
SF:components\trading-history.tsx
FN:55,TradingHistory
FN:76,(anonymous_1)
FNF:2
FNH:0
FNDA:0,TradingHistory
FNDA:0,(anonymous_1)
DA:8,0
DA:56,0
DA:77,0
LF:3
LH:0
BRDA:87,0,0,0
BRDA:87,0,1,0
BRDA:90,1,0,0
BRDA:90,1,1,0
BRF:4
BRH:0
end_of_record
TN:
SF:components\trading-order-form.tsx
FN:20,TradingOrderForm
FN:31,(anonymous_1)
FN:33,(anonymous_2)
FN:35,(anonymous_3)
FN:41,(anonymous_4)
FN:47,(anonymous_5)
FN:53,(anonymous_6)
FN:57,(anonymous_7)
FN:111,(anonymous_8)
FN:137,(anonymous_9)
FN:160,(anonymous_10)
FN:178,(anonymous_11)
FN:187,(anonymous_12)
FN:204,(anonymous_13)
FN:221,(anonymous_14)
FNF:15
FNH:0
FNDA:0,TradingOrderForm
FNDA:0,(anonymous_1)
FNDA:0,(anonymous_2)
FNDA:0,(anonymous_3)
FNDA:0,(anonymous_4)
FNDA:0,(anonymous_5)
FNDA:0,(anonymous_6)
FNDA:0,(anonymous_7)
FNDA:0,(anonymous_8)
FNDA:0,(anonymous_9)
FNDA:0,(anonymous_10)
FNDA:0,(anonymous_11)
FNDA:0,(anonymous_12)
FNDA:0,(anonymous_13)
FNDA:0,(anonymous_14)
DA:21,0
DA:23,0
DA:24,0
DA:25,0
DA:26,0
DA:27,0
DA:28,0
DA:29,0
DA:31,0
DA:32,0
DA:33,0
DA:35,0
DA:36,0
DA:37,0
DA:41,0
DA:42,0
DA:43,0
DA:47,0
DA:48,0
DA:49,0
DA:50,0
DA:53,0
DA:54,0
DA:57,0
DA:58,0
DA:59,0
DA:60,0
DA:62,0
DA:63,0
DA:64,0
DA:67,0
DA:68,0
DA:70,0
DA:71,0
DA:72,0
DA:75,0
DA:76,0
DA:77,0
DA:81,0
DA:82,0
DA:83,0
DA:87,0
DA:88,0
DA:89,0
DA:92,0
DA:93,0
DA:101,0
DA:102,0
DA:103,0
DA:107,0
DA:111,0
DA:112,0
DA:113,0
DA:115,0
DA:119,0
DA:138,0
DA:160,0
DA:178,0
DA:187,0
DA:204,0
DA:221,0
LF:61
LH:0
BRDA:23,0,0,0
BRDA:23,0,1,0
BRDA:32,1,0,0
BRDA:32,1,1,0
BRDA:36,2,0,0
BRDA:36,2,1,0
BRDA:42,3,0,0
BRDA:42,3,1,0
BRDA:42,4,0,0
BRDA:42,4,1,0
BRDA:48,5,0,0
BRDA:48,5,1,0
BRDA:49,6,0,0
BRDA:49,6,1,0
BRDA:62,7,0,0
BRDA:62,7,1,0
BRDA:62,8,0,0
BRDA:62,8,1,0
BRDA:62,8,2,0
BRDA:70,9,0,0
BRDA:70,9,1,0
BRDA:75,10,0,0
BRDA:75,10,1,0
BRDA:81,11,0,0
BRDA:81,11,1,0
BRDA:81,12,0,0
BRDA:81,12,1,0
BRDA:81,12,2,0
BRDA:87,13,0,0
BRDA:87,13,1,0
BRDA:87,14,0,0
BRDA:87,14,1,0
BRDA:87,14,2,0
BRDA:103,15,0,0
BRDA:103,15,1,0
BRDA:107,16,0,0
BRDA:107,16,1,0
BRDA:112,17,0,0
BRDA:112,17,1,0
BRDA:113,18,0,0
BRDA:113,18,1,0
BRDA:113,19,0,0
BRDA:113,19,1,0
BRDA:115,20,0,0
BRDA:115,20,1,0
BRDA:144,21,0,0
BRDA:144,21,1,0
BRDA:147,22,0,0
BRDA:147,22,1,0
BRDA:177,23,0,0
BRDA:177,23,1,0
BRDA:186,24,0,0
BRDA:186,24,1,0
BRDA:225,25,0,0
BRDA:225,25,1,0
BRDA:233,26,0,0
BRDA:233,26,1,0
BRDA:233,26,2,0
BRDA:251,27,0,0
BRDA:251,27,1,0
BRDA:258,28,0,0
BRDA:258,28,1,0
BRDA:268,29,0,0
BRDA:268,29,1,0
BRDA:268,29,2,0
BRDA:268,29,3,0
BRDA:270,30,0,0
BRDA:270,30,1,0
BRF:68
BRH:0
end_of_record
TN:
SF:components\tutorial-content.tsx
FN:58,TutorialContent
FN:157,(anonymous_1)
FN:165,(anonymous_2)
FNF:3
FNH:0
FNDA:0,TutorialContent
FNDA:0,(anonymous_1)
FNDA:0,(anonymous_2)
DA:15,0
DA:59,0
DA:60,0
DA:62,0
DA:63,0
DA:66,0
DA:68,0
DA:157,0
DA:165,0
LF:9
LH:0
BRDA:62,0,0,0
BRDA:62,0,1,0
BRF:2
BRH:0
end_of_record
TN:
SF:components\tutorial-grid.tsx
FN:69,TutorialGrid
FN:73,(anonymous_1)
FN:124,(anonymous_2)
FNF:3
FNH:0
FNDA:0,TutorialGrid
FNDA:0,(anonymous_1)
FNDA:0,(anonymous_2)
DA:10,0
DA:70,0
DA:74,0
DA:125,0
LF:4
LH:0
BRDA:82,0,0,0
BRDA:82,0,1,0
BRDA:84,1,0,0
BRDA:84,1,1,0
BRDA:98,2,0,0
BRDA:98,2,1,0
BRDA:99,3,0,0
BRDA:99,3,1,0
BRDA:131,4,0,0
BRDA:131,4,1,0
BRDA:131,4,2,0
BRDA:146,5,0,0
BRDA:146,5,1,0
BRDA:148,6,0,0
BRDA:148,6,1,0
BRDA:149,7,0,0
BRDA:149,7,1,0
BRDA:150,8,0,0
BRDA:150,8,1,0
BRDA:151,9,0,0
BRDA:151,9,1,0
BRDA:153,10,0,0
BRDA:153,10,1,0
BRDA:155,11,0,0
BRDA:155,11,1,0
BRDA:157,12,0,0
BRDA:157,12,1,0
BRF:27
BRH:0
end_of_record
TN:
SF:components\tutorial-header.tsx
FN:8,TutorialHeader
FNF:1
FNH:0
FNDA:0,TutorialHeader
DA:9,0
LF:1
LH:0
BRF:0
BRH:0
end_of_record
TN:
SF:components\tutorial-navigation.tsx
FN:31,TutorialNavigation
FN:69,(anonymous_1)
FNF:2
FNH:0
FNDA:0,TutorialNavigation
FNDA:0,(anonymous_1)
DA:13,0
DA:32,0
DA:34,0
DA:35,0
DA:38,0
DA:70,0
LF:6
LH:0
BRDA:34,0,0,0
BRDA:34,0,1,0
BRDA:72,1,0,0
BRDA:72,1,1,0
BRDA:74,2,0,0
BRDA:74,2,1,0
BRDA:78,3,0,0
BRDA:78,3,1,0
BRDA:80,4,0,0
BRDA:80,4,1,0
BRDA:90,5,0,0
BRDA:90,5,1,0
BRF:12
BRH:0
end_of_record
TN:
SF:components\tutorial-progress.tsx
FN:12,TutorialProgress
FNF:1
FNH:0
FNDA:0,TutorialProgress
DA:13,0
DA:15,0
LF:2
LH:0
BRF:0
BRH:0
end_of_record
TN:
SF:components\visual-strategy-builder.tsx
FN:33,(anonymous_0)
FN:39,(anonymous_1)
FN:48,(anonymous_2)
FN:54,(anonymous_3)
FN:92,(anonymous_4)
FN:103,(anonymous_5)
FN:119,(anonymous_6)
FN:122,(anonymous_7)
FN:125,(anonymous_8)
FN:141,(anonymous_9)
FN:157,(anonymous_10)
FN:168,(anonymous_11)
FN:173,(anonymous_12)
FN:180,(anonymous_13)
FN:181,(anonymous_14)
FN:185,(anonymous_15)
FN:193,(anonymous_16)
FN:201,(anonymous_17)
FN:204,(anonymous_18)
FN:214,(anonymous_19)
FN:233,(anonymous_20)
FN:262,(anonymous_21)
FN:272,(anonymous_22)
FN:278,(anonymous_23)
FN:284,(anonymous_24)
FN:309,(anonymous_25)
FN:315,(anonymous_26)
FN:321,(anonymous_27)
FN:346,(anonymous_28)
FN:352,(anonymous_29)
FN:358,(anonymous_30)
FN:398,(anonymous_31)
FN:413,(anonymous_32)
FN:419,(anonymous_33)
FN:442,(anonymous_34)
FN:454,(anonymous_35)
FN:460,(anonymous_36)
FN:472,(anonymous_37)
FN:473,(anonymous_38)
FN:474,(anonymous_39)
FN:535,(anonymous_40)
FN:536,(anonymous_41)
FN:540,(anonymous_42)
FN:560,(anonymous_43)
FN:561,(anonymous_44)
FN:565,(anonymous_45)
FN:596,(anonymous_46)
FN:597,(anonymous_47)
FN:601,(anonymous_48)
FNF:49
FNH:0
FNDA:0,(anonymous_0)
FNDA:0,(anonymous_1)
FNDA:0,(anonymous_2)
FNDA:0,(anonymous_3)
FNDA:0,(anonymous_4)
FNDA:0,(anonymous_5)
FNDA:0,(anonymous_6)
FNDA:0,(anonymous_7)
FNDA:0,(anonymous_8)
FNDA:0,(anonymous_9)
FNDA:0,(anonymous_10)
FNDA:0,(anonymous_11)
FNDA:0,(anonymous_12)
FNDA:0,(anonymous_13)
FNDA:0,(anonymous_14)
FNDA:0,(anonymous_15)
FNDA:0,(anonymous_16)
FNDA:0,(anonymous_17)
FNDA:0,(anonymous_18)
FNDA:0,(anonymous_19)
FNDA:0,(anonymous_20)
FNDA:0,(anonymous_21)
FNDA:0,(anonymous_22)
FNDA:0,(anonymous_23)
FNDA:0,(anonymous_24)
FNDA:0,(anonymous_25)
FNDA:0,(anonymous_26)
FNDA:0,(anonymous_27)
FNDA:0,(anonymous_28)
FNDA:0,(anonymous_29)
FNDA:0,(anonymous_30)
FNDA:0,(anonymous_31)
FNDA:0,(anonymous_32)
FNDA:0,(anonymous_33)
FNDA:0,(anonymous_34)
FNDA:0,(anonymous_35)
FNDA:0,(anonymous_36)
FNDA:0,(anonymous_37)
FNDA:0,(anonymous_38)
FNDA:0,(anonymous_39)
FNDA:0,(anonymous_40)
FNDA:0,(anonymous_41)
FNDA:0,(anonymous_42)
FNDA:0,(anonymous_43)
FNDA:0,(anonymous_44)
FNDA:0,(anonymous_45)
FNDA:0,(anonymous_46)
FNDA:0,(anonymous_47)
FNDA:0,(anonymous_48)
DA:33,0
DA:39,0
DA:40,0
DA:42,0
DA:43,0
DA:44,0
DA:45,0
DA:48,0
DA:49,0
DA:51,0
DA:54,0
DA:55,0
DA:65,0
DA:79,0
DA:92,0
DA:103,0
DA:104,0
DA:106,0
DA:108,0
DA:111,0
DA:112,0
DA:113,0
DA:116,0
DA:117,0
DA:119,0
DA:120,0
DA:122,0
DA:123,0
DA:125,0
DA:126,0
DA:129,0
DA:130,0
DA:141,0
DA:152,0
DA:153,0
DA:154,0
DA:155,0
DA:157,0
DA:168,0
DA:169,0
DA:173,0
DA:174,0
DA:175,0
DA:180,0
DA:181,0
DA:186,0
DA:193,0
DA:194,0
DA:201,0
DA:204,0
DA:214,0
DA:215,0
DA:217,0
DA:218,0
DA:224,0
DA:225,0
DA:227,0
DA:228,0
DA:233,0
DA:234,0
DA:236,0
DA:237,0
DA:238,0
DA:242,0
DA:262,0
DA:273,0
DA:279,0
DA:285,0
DA:310,0
DA:316,0
DA:322,0
DA:347,0
DA:353,0
DA:359,0
DA:399,0
DA:414,0
DA:420,0
DA:443,0
DA:444,0
DA:455,0
DA:461,0
DA:473,0
DA:474,0
DA:476,0
DA:478,0
DA:479,0
DA:480,0
DA:481,0
DA:483,0
DA:536,0
DA:541,0
DA:561,0
DA:566,0
DA:597,0
DA:602,0
LF:95
LH:0
BRDA:37,0,0,0
BRDA:49,1,0,0
BRDA:49,1,1,0
BRDA:106,2,0,0
BRDA:106,2,1,0
BRDA:111,3,0,0
BRDA:111,3,1,0
BRDA:111,4,0,0
BRDA:111,4,1,0
BRDA:117,5,0,0
BRDA:117,5,1,0
BRDA:117,5,2,0
BRDA:129,6,0,0
BRDA:129,6,1,0
[...]
FNDA:0,(anonymous_11)
DA:6,0
DA:9,0
DA:10,0
DA:12,0
DA:17,0
DA:20,0
DA:23,0
DA:44,0
DA:65,0
DA:86,0
DA:107,0
DA:128,0
DA:150,0
DA:151,0
DA:152,0
DA:153,0
DA:157,0
DA:162,0
DA:173,0
DA:174,0
DA:187,0
DA:188,0
DA:189,0
DA:192,0
DA:195,0
DA:200,0
DA:202,0
DA:204,0
DA:206,0
DA:208,0
DA:214,0
DA:219,0
LF:32
LH:0
BRDA:9,0,0,0
BRDA:9,0,1,0
BRDA:16,1,0,0
BRDA:65,2,0,0
BRDA:65,2,1,0
BRDA:151,3,0,0
BRDA:151,3,1,0
BRDA:151,4,0,0
BRDA:151,4,1,0
BRDA:187,5,0,0
BRDA:187,5,1,0
BRDA:200,6,0,0
BRDA:200,6,1,0
BRDA:200,6,2,0
BRDA:200,6,3,0
BRF:15
BRH:0
end_of_record
TN:
SF:lib\adaptive-learning-engine.ts
FN:31,(anonymous_0)
FN:52,(anonymous_1)
FN:52,(anonymous_2)
FN:66,(anonymous_3)
FN:71,(anonymous_4)
FN:72,(anonymous_5)
FN:113,(anonymous_6)
FN:168,(anonymous_7)
FN:176,(anonymous_8)
FN:184,(anonymous_9)
FN:187,(anonymous_10)
FN:195,(anonymous_11)
FN:198,(anonymous_12)
FN:199,(anonymous_13)
FN:200,(anonymous_14)
FN:209,(anonymous_15)
FN:248,(anonymous_16)
FN:256,(anonymous_17)
FN:270,(anonymous_18)
FN:271,(anonymous_19)
FN:280,(anonymous_20)
FN:285,(anonymous_21)
FN:290,(anonymous_22)
FN:294,(anonymous_23)
FN:311,(anonymous_24)
FNF:25
FNH:0
FNDA:0,(anonymous_0)
FNDA:0,(anonymous_1)
FNDA:0,(anonymous_2)
FNDA:0,(anonymous_3)
FNDA:0,(anonymous_4)
FNDA:0,(anonymous_5)
FNDA:0,(anonymous_6)
FNDA:0,(anonymous_7)
FNDA:0,(anonymous_8)
FNDA:0,(anonymous_9)
FNDA:0,(anonymous_10)
FNDA:0,(anonymous_11)
FNDA:0,(anonymous_12)
FNDA:0,(anonymous_13)
FNDA:0,(anonymous_14)
FNDA:0,(anonymous_15)
FNDA:0,(anonymous_16)
FNDA:0,(anonymous_17)
FNDA:0,(anonymous_18)
FNDA:0,(anonymous_19)
FNDA:0,(anonymous_20)
FNDA:0,(anonymous_21)
FNDA:0,(anonymous_22)
FNDA:0,(anonymous_23)
FNDA:0,(anonymous_24)
DA:24,0
DA:25,0
DA:26,0
DA:32,0
DA:33,0
DA:34,0
DA:37,0
DA:38,0
DA:41,0
DA:44,0
DA:47,0
DA:49,0
DA:52,0
DA:59,0
DA:60,0
DA:70,0
DA:71,0
DA:72,0
DA:74,0
DA:75,0
DA:76,0
DA:79,0
DA:81,0
DA:82,0
DA:83,0
DA:85,0
DA:86,0
DA:87,0
DA:91,0
DA:93,0
DA:94,0
DA:95,0
DA:97,0
DA:98,0
DA:101,0
DA:117,0
DA:118,0
DA:119,0
DA:122,0
DA:123,0
DA:128,0
DA:131,0
DA:132,0
DA:137,0
DA:140,0
DA:141,0
DA:146,0
DA:149,0
DA:150,0
DA:151,0
DA:152,0
DA:153,0
DA:154,0
DA:157,0
DA:172,0
DA:173,0
DA:176,0
DA:178,0
DA:179,0
DA:180,0
DA:183,0
DA:184,0
DA:186,0
DA:187,0
DA:196,0
DA:198,0
DA:199,0
DA:200,0
DA:202,0
DA:211,0
DA:249,0
DA:253,0
DA:257,0
DA:263,0
DA:264,0
DA:267,0
DA:271,0
DA:282,0
DA:287,0
DA:291,0
DA:294,0
DA:295,0
DA:298,0
DA:302,0
DA:306,0
DA:308,0
DA:312,0
DA:313,0
DA:314,0
DA:315,0
DA:317,0
DA:323,0
LF:92
LH:0
BRDA:33,0,0,0
BRDA:33,0,1,0
BRDA:37,1,0,0
BRDA:37,1,1,0
BRDA:79,2,0,0
BRDA:79,2,1,0
BRDA:79,3,0,0
BRDA:79,3,1,0
BRDA:83,4,0,0
BRDA:83,4,1,0
BRDA:83,5,0,0
BRDA:83,5,1,0
BRDA:91,6,0,0
BRDA:91,6,1,0
BRDA:95,7,0,0
BRDA:95,7,1,0
BRDA:149,8,0,0
BRDA:149,8,1,0
BRDA:152,9,0,0
BRDA:152,9,1,0
BRDA:173,10,0,0
BRDA:173,10,1,0
BRDA:196,11,0,0
BRDA:196,11,1,0
BRDA:249,12,0,0
BRDA:249,12,1,0
BRDA:250,13,0,0
BRDA:250,13,1,0
BRDA:251,14,0,0
BRDA:251,14,1,0
BRDA:258,15,0,0
BRDA:258,15,1,0
BRDA:263,16,0,0
BRDA:263,16,1,0
BRDA:294,17,0,0
BRDA:294,17,1,0
BRDA:295,18,0,0
BRDA:295,18,1,0
BRDA:302,19,0,0
BRDA:302,19,1,0
BRDA:303,20,0,0
BRDA:303,20,1,0
BRDA:304,21,0,0
BRDA:304,21,1,0
BRDA:312,22,0,0
BRDA:312,22,1,0
BRDA:314,23,0,0
BRDA:314,23,1,0
BRF:48
BRH:0
end_of_record
TN:
SF:lib\adaptive-learning-types.ts
FNF:0
FNH:0
LF:0
LH:0
BRF:0
BRH:0
end_of_record
TN:
SF:lib\advanced-trading-simulator.ts
FN:37,(anonymous_0)
FN:64,(anonymous_1)
FN:94,(anonymous_2)
FN:99,(anonymous_3)
FN:104,(anonymous_4)
FN:106,(anonymous_5)
FN:112,(anonymous_6)
FN:116,(anonymous_7)
FN:145,(anonymous_8)
FN:175,(anonymous_9)
FN:205,(anonymous_10)
FN:226,(anonymous_11)
FN:246,(anonymous_12)
FN:261,(anonymous_13)
FN:264,(anonymous_14)
FN:275,(anonymous_15)
FN:282,(anonymous_16)
FN:295,(anonymous_17)
FN:311,(anonymous_18)
FN:333,(anonymous_19)
FN:338,(anonymous_20)
FN:345,(anonymous_21)
FN:350,(anonymous_22)
FN:391,(anonymous_23)
FN:402,(anonymous_24)
FN:405,(anonymous_25)
FN:417,(anonymous_26)
FN:418,(anonymous_27)
FN:419,(anonymous_28)
FN:420,(anonymous_29)
FNF:30
FNH:0
FNDA:0,(anonymous_0)
FNDA:0,(anonymous_1)
FNDA:0,(anonymous_2)
FNDA:0,(anonymous_3)
FNDA:0,(anonymous_4)
FNDA:0,(anonymous_5)
FNDA:0,(anonymous_6)
FNDA:0,(anonymous_7)
FNDA:0,(anonymous_8)
FNDA:0,(anonymous_9)
FNDA:0,(anonymous_10)
FNDA:0,(anonymous_11)
FNDA:0,(anonymous_12)
FNDA:0,(anonymous_13)
FNDA:0,(anonymous_14)
FNDA:0,(anonymous_15)
FNDA:0,(anonymous_16)
FNDA:0,(anonymous_17)
FNDA:0,(anonymous_18)
FNDA:0,(anonymous_19)
FNDA:0,(anonymous_20)
FNDA:0,(anonymous_21)
FNDA:0,(anonymous_22)
FNDA:0,(anonymous_23)
FNDA:0,(anonymous_24)
FNDA:0,(anonymous_25)
FNDA:0,(anonymous_26)
FNDA:0,(anonymous_27)
FNDA:0,(anonymous_28)
FNDA:0,(anonymous_29)
DA:24,0
DA:25,0
DA:26,0
DA:27,0
DA:39,0
DA:40,0
DA:41,0
DA:43,0
DA:55,0
DA:56,0
DA:57,0
DA:58,0
DA:60,0
DA:65,0
DA:67,0
DA:68,0
DA:71,0
DA:72,0
DA:78,0
DA:85,0
DA:95,0
DA:96,0
DA:99,0
DA:100,0
DA:101,0
DA:104,0
DA:106,0
DA:112,0
DA:121,0
DA:122,0
DA:123,0
DA:127,0
DA:138,0
DA:139,0
DA:141,0
DA:151,0
DA:154,0
DA:158,0
DA:159,0
DA:171,0
DA:181,0
DA:184,0
DA:188,0
DA:189,0
DA:201,0
DA:214,0
DA:216,0
DA:218,0
DA:219,0
DA:222,0
DA:228,0
DA:230,0
DA:231,0
DA:232,0
DA:233,0
DA:234,0
DA:235,0
DA:236,0
DA:239,0
DA:240,0
DA:242,0
DA:247,0
DA:248,0
DA:250,0
DA:253,0
DA:256,0
DA:257,0
DA:258,0
DA:259,0
DA:260,0
DA:261,0
DA:262,0
DA:263,0
DA:264,0
DA:266,0
DA:267,0
DA:268,0
DA:272,0
DA:275,0
DA:276,0
DA:278,0
DA:283,0
DA:287,0
DA:288,0
DA:289,0
DA:291,0
DA:296,0
DA:299,0
DA:313,0
DA:330,0
DA:334,0
DA:335,0
DA:340,0
DA:341,0
DA:342,0
DA:346,0
DA:347,0
DA:356,0
DA:358,0
DA:359,0
DA:360,0
DA:361,0
DA:362,0
DA:363,0
DA:365,0
DA:376,0
DA:378,0
DA:379,0
DA:380,0
DA:381,0
DA:384,0
DA:388,0
DA:393,0
DA:394,0
DA:396,0
DA:398,0
DA:399,0
DA:400,0
DA:401,0
DA:402,0
DA:403,0
DA:404,0
DA:405,0
DA:407,0
DA:408,0
DA:409,0
DA:414,0
DA:418,0
DA:419,0
DA:420,0
DA:421,0
DA:426,0
LF:132
LH:0
BRDA:55,0,0,0
BRDA:55,0,1,0
BRDA:57,1,0,0
BRDA:57,1,1,0
BRDA:95,2,0,0
BRDA:95,2,1,0
BRDA:101,3,0,0
BRDA:101,3,1,0
BRDA:123,4,0,0
BRDA:123,4,1,0
BRDA:154,5,0,0
BRDA:154,5,1,0
BRDA:158,6,0,0
BRDA:158,6,1,0
BRDA:184,7,0,0
BRDA:184,7,1,0
BRDA:188,8,0,0
BRDA:188,8,1,0
BRDA:216,9,0,0
BRDA:216,9,1,0
BRDA:218,10,0,0
BRDA:218,10,1,0
BRDA:219,11,0,0
BRDA:219,11,1,0
BRDA:246,12,0,0
BRDA:246,13,0,0
BRDA:250,14,0,0
BRDA:250,14,1,0
BRDA:259,15,0,0
BRDA:259,15,1,0
BRDA:260,16,0,0
BRDA:260,16,1,0
BRDA:262,17,0,0
BRDA:262,17,1,0
BRDA:266,18,0,0
BRDA:266,18,1,0
BRDA:330,19,0,0
BRDA:330,19,1,0
BRDA:358,20,0,0
BRDA:358,20,1,0
BRDA:359,21,0,0
BRDA:359,21,1,0
BRDA:378,22,0,0
BRDA:378,22,1,0
BRDA:380,23,0,0
BRDA:380,23,1,0
BRDA:396,24,0,0
BRDA:396,24,1,0
BRDA:400,25,0,0
BRDA:400,25,1,0
BRDA:401,26,0,0
BRDA:401,26,1,0
BRDA:403,27,0,0
BRDA:403,27,1,0
BRDA:407,28,0,0
BRDA:407,28,1,0
BRF:56
BRH:0
end_of_record
TN:
SF:lib\algo-trading-education.ts
FN:43,(anonymous_0)
FN:49,(anonymous_1)
FN:60,(anonymous_2)
FN:62,(anonymous_3)
FN:66,(anonymous_4)
FN:88,(anonymous_5)
FN:104,(anonymous_6)
FN:105,(anonymous_7)
FN:107,(anonymous_8)
FN:108,(anonymous_9)
FN:109,(anonymous_10)
FN:110,(anonymous_11)
FN:110,(anonymous_12)
FN:110,(anonymous_13)
FN:111,(anonymous_14)
FN:111,(anonymous_15)
FN:111,(anonymous_16)
FN:112,(anonymous_17)
FN:112,(anonymous_18)
FN:112,(anonymous_19)
FN:112,(anonymous_20)
FN:120,(anonymous_21)
FN:150,(anonymous_22)
FN:174,(anonymous_23)
FN:191,(anonymous_24)
FN:208,(anonymous_25)
FN:212,(anonymous_26)
FN:232,(anonymous_27)
FN:258,(anonymous_28)
FN:304,(anonymous_29)
FN:308,(anonymous_30)
FN:318,(anonymous_31)
FN:342,(anonymous_32)
FN:344,(anonymous_33)
FN:348,(anonymous_34)
FN:352,(anonymous_35)
FN:356,(anonymous_36)
FN:360,(anonymous_37)
FN:367,(anonymous_38)
FN:382,(anonymous_39)
FN:384,(anonymous_40)
FN:387,(anonymous_41)
FN:390,(anonymous_42)
FN:393,(anonymous_43)
FN:399,(anonymous_44)
FN:401,(anonymous_45)
FN:402,(anonymous_46)
FN:405,(anonymous_47)
FN:407,(anonymous_48)
FN:408,(anonymous_49)
FN:411,(anonymous_50)
FN:413,(anonymous_51)
FN:414,(anonymous_52)
FN:417,(anonymous_53)
FN:452,(anonymous_54)
FN:465,(anonymous_55)
FN:498,(anonymous_56)
FN:529,(anonymous_57)
FN:552,(anonymous_58)
FN:569,(anonymous_59)
FN:570,(anonymous_60)
FN:573,(anonymous_61)
FN:588,(anonymous_62)
FN:589,(anonymous_63)
FN:597,(anonymous_64)
FN:616,(anonymous_65)
FN:619,(anonymous_66)
FN:620,(anonymous_67)
FN:621,(anonymous_68)
FN:627,(anonymous_69)
FN:637,(anonymous_70)
FN:645,(anonymous_71)
FN:651,(anonymous_72)
FN:659,(anonymous_73)
FN:669,(anonymous_74)
FN:679,(anonymous_75)
FN:680,(anonymous_76)
FN:690,(anonymous_77)
FN:707,(anonymous_78)
FN:732,(anonymous_79)
FN:754,(anonymous_80)
FN:776,(anonymous_81)
FN:781,(anonymous_82)
FN:787,(anonymous_83)
FN:788,(anonymous_84)
FN:797,(anonymous_85)
FN:800,(anonymous_86)
FN:801,(anonymous_87)
FN:813,(anonymous_88)
FN:818,(anonymous_89)
FN:827,(anonymous_90)
FN:830,(anonymous_91)
FN:834,(anonymous_92)
FNF:93
FNH:0
FNDA:0,(anonymous_0)
FNDA:0,(anonymous_1)
FNDA:0,(anonymous_2)
FNDA:0,(anonymous_3)
FNDA:0,(anonymous_4)
FNDA:0,(anonymous_5)
FNDA:0,(anonymous_6)
FNDA:0,(anonymous_7)
FNDA:0,(anonymous_8)
FNDA:0,(anonymous_9)
FNDA:0,(anonymous_10)
FNDA:0,(anonymous_11)
FNDA:0,(anonymous_12)
FNDA:0,(anonymous_13)
FNDA:0,(anonymous_14)
FNDA:0,(anonymous_15)
FNDA:0,(anonymous_16)
FNDA:0,(anonymous_17)
FNDA:0,(anonymous_18)
FNDA:0,(anonymous_19)
FNDA:0,(anonymous_20)
FNDA:0,(anonymous_21)
FNDA:0,(anonymous_22)
FNDA:0,(anonymous_23)
FNDA:0,(anonymous_24)
FNDA:0,(anonymous_25)
FNDA:0,(anonymous_26)
FNDA:0,(anonymous_27)
FNDA:0,(anonymous_28)
FNDA:0,(anonymous_29)
FNDA:0,(anonymous_30)
FNDA:0,(anonymous_31)
FNDA:0,(anonymous_32)
FNDA:0,(anonymous_33)
FNDA:0,(anonymous_34)
FNDA:0,(anonymous_35)
FNDA:0,(anonymous_36)
FNDA:0,(anonymous_37)
FNDA:0,(anonymous_38)
FNDA:0,(anonymous_39)
FNDA:0,(anonymous_40)
FNDA:0,(anonymous_41)
FNDA:0,(anonymous_42)
FNDA:0,(anonymous_43)
FNDA:0,(anonymous_44)
FNDA:0,(anonymous_45)
FNDA:0,(anonymous_46)
FNDA:0,(anonymous_47)
FNDA:0,(anonymous_48)
FNDA:0,(anonymous_49)
FNDA:0,(anonymous_50)
FNDA:0,(anonymous_51)
FNDA:0,(anonymous_52)
FNDA:0,(anonymous_53)
FNDA:0,(anonymous_54)
FNDA:0,(anonymous_55)
FNDA:0,(anonymous_56)
FNDA:0,(anonymous_57)
FNDA:0,(anonymous_58)
FNDA:0,(anonymous_59)
FNDA:0,(anonymous_60)
FNDA:0,(anonymous_61)
FNDA:0,(anonymous_62)
FNDA:0,(anonymous_63)
FNDA:0,(anonymous_64)
FNDA:0,(anonymous_65)
FNDA:0,(anonymous_66)
FNDA:0,(anonymous_67)
FNDA:0,(anonymous_68)
FNDA:0,(anonymous_69)
FNDA:0,(anonymous_70)
FNDA:0,(anonymous_71)
FNDA:0,(anonymous_72)
FNDA:0,(anonymous_73)
FNDA:0,(anonymous_74)
FNDA:0,(anonymous_75)
FNDA:0,(anonymous_76)
FNDA:0,(anonymous_77)
FNDA:0,(anonymous_78)
FNDA:0,(anonymous_79)
FNDA:0,(anonymous_80)
FNDA:0,(anonymous_81)
FNDA:0,(anonymous_82)
FNDA:0,(anonymous_83)
FNDA:0,(anonymous_84)
FNDA:0,(anonymous_85)
FNDA:0,(anonymous_86)
FNDA:0,(anonymous_87)
FNDA:0,(anonymous_88)
FNDA:0,(anonymous_89)
FNDA:0,(anonymous_90)
FNDA:0,(anonymous_91)
FNDA:0,(anonymous_92)
DA:39,0
DA:40,0
DA:41,0
DA:44,0
DA:45,0
DA:50,0
DA:61,0
DA:62,0
DA:71,0
DA:83,0
DA:84,0
DA:95,0
DA:96,0
DA:97,0
DA:99,0
DA:104,0
DA:105,0
DA:107,0
DA:108,0
DA:109,0
DA:110,0
DA:111,0
DA:112,0
DA:129,0
DA:130,0
DA:132,0
DA:133,0
DA:134,0
DA:135,0
DA:137,0
DA:138,0
DA:139,0
DA:141,0
DA:144,0
DA:147,0
DA:150,0
DA:160,0
DA:167,0
DA:170,0
DA:181,0
DA:183,0
DA:185,0
DA:188,0
DA:191,0
DA:201,0
DA:208,0
DA:219,0
DA:221,0
DA:223,0
DA:225,0
DA:227,0
DA:238,0
DA:239,0
DA:240,0
DA:241,0
DA:243,0
DA:260,0
DA:282,0
DA:309,0
DA:319,0
DA:343,0
DA:346,0
DA:350,0
DA:354,0
DA:358,0
DA:362,0
DA:368,0
DA:383,0
DA:385,0
DA:388,0
DA:391,0
DA:394,0
DA:400,0
DA:401,0
DA:402,0
DA:406,0
DA:407,0
DA:408,0
DA:412,0
DA:413,0
DA:414,0
DA:419,0
DA:420,0
DA:422,0
DA:424,0
DA:425,0
DA:426,0
DA:428,0
DA:429,0
DA:430,0
DA:431,0
DA:432,0
DA:433,0
DA:434,0
DA:436,0
DA:446,0
DA:449,0
DA:453,0
DA:456,0
DA:457,0
DA:458,0
DA:459,0
DA:462,0
DA:466,0
DA:467,0
DA:468,0
DA:470,0
DA:471,0
DA:472,0
DA:473,0
DA:474,0
DA:476,0
DA:477,0
DA:484,0
DA:485,0
DA:495,0
DA:499,0
DA:500,0
DA:501,0
DA:502,0
DA:504,0
DA:505,0
DA:507,0
DA:508,0
DA:515,0
DA:516,0
DA:526,0
DA:534,0
DA:535,0
DA:536,0
DA:537,0
DA:539,0
DA:540,0
DA:542,0
DA:543,0
DA:544,0
DA:545,0
DA:547,0
DA:548,0
DA:549,0
DA:551,0
DA:552,0
DA:561,0
DA:562,0
DA:566,0
DA:570,0
DA:574,0
DA:575,0
DA:577,0
DA:578,0
DA:579,0
DA:580,0
DA:581,0
DA:583,0
DA:584,0
DA:588,0
DA:589,0
DA:591,0
DA:593,0
DA:594,0
DA:598,0
DA:599,0
DA:600,0
DA:602,0
DA:603,0
DA:604,0
DA:605,0
DA:607,0
DA:608,0
DA:609,0
DA:613,0
DA:617,0
DA:619,0
DA:620,0
DA:621,0
DA:623,0
DA:624,0
DA:628,0
DA:644,0
DA:645,0
DA:646,0
DA:647,0
DA:658,0
DA:659,0
DA:660,0
DA:661,0
DA:663,0
DA:665,0
DA:676,0
DA:680,0
DA:681,0
DA:682,0
DA:684,0
DA:686,0
DA:697,0
DA:714,0
DA:739,0
DA:740,0
DA:761,0
DA:778,0
DA:782,0
DA:787,0
DA:788,0
DA:798,0
DA:800,0
DA:801,0
DA:814,0
DA:818,0
DA:827,0
DA:830,0
DA:835,0
DA:836,0
DA:837,0
DA:840,0
DA:841,0
DA:844,0
DA:845,0
DA:848,0
DA:849,0
DA:852,0
DA:853,0
DA:854,0
DA:857,0
DA:905,0
LF:224
LH:0
BRDA:62,0,0,0
BRDA:62,0,1,0
BRDA:93,1,0,0
BRDA:141,2,0,0
BRDA:141,2,1,0
BRDA:152,3,0,0
BRDA:152,3,1,0
BRDA:179,4,0,0
BRDA:193,5,0,0
BRDA:193,5,1,0
BRDA:217,6,0,0
BRDA:219,7,0,0
BRDA:219,7,1,0
BRDA:219,7,2,0
BRDA:219,7,3,0
BRDA:413,8,0,0
BRDA:413,8,1,0
BRDA:456,9,0,0
BRDA:456,9,1,0
BRDA:458,10,0,0
BRDA:458,10,1,0
BRDA:476,11,0,0
BRDA:476,11,1,0
BRDA:476,12,0,0
BRDA:476,12,1,0
BRDA:484,13,0,0
BRDA:484,13,1,0
BRDA:484,14,0,0
BRDA:484,14,1,0
BRDA:507,15,0,0
BRDA:507,15,1,0
BRDA:515,16,0,0
BRDA:515,16,1,0
BRDA:540,17,0,0
BRDA:540,17,1,0
BRDA:540,18,0,0
BRDA:540,18,1,0
BRDA:545,19,0,0
BRDA:545,19,1,0
BRDA:545,20,0,0
BRDA:545,20,1,0
BRDA:552,21,0,0
BRDA:552,21,1,0
BRDA:552,22,0,0
BRDA:552,22,1,0
BRDA:579,23,0,0
BRDA:579,23,1,0
BRDA:591,24,0,0
BRDA:591,24,1,0
BRDA:604,25,0,0
BRDA:604,25,1,0
BRDA:608,26,0,0
BRDA:608,26,1,0
BRDA:617,27,0,0
BRDA:617,27,1,0
BRDA:624,28,0,0
BRDA:624,28,1,0
BRDA:660,29,0,0
BRDA:660,29,1,0
BRDA:660,30,0,0
BRDA:660,30,1,0
BRDA:660,30,2,0
BRDA:681,31,0,0
BRDA:681,31,1,0
BRDA:681,32,0,0
BRDA:681,32,1,0
BRDA:681,32,2,0
BRDA:840,33,0,0
BRDA:840,33,1,0
BRDA:844,34,0,0
BRDA:844,34,1,0
BRDA:848,35,0,0
BRDA:848,35,1,0
BRDA:852,36,0,0
BRDA:852,36,1,0
BRF:75
BRH:0
end_of_record
TN:
SF:lib\algo-trading-types.ts
FNF:0
FNH:0
LF:0
LH:0
BRF:0
BRH:0
end_of_record
TN:
SF:lib\gamification-engine.ts
FN:27,(anonymous_0)
FN:33,(anonymous_1)
FN:156,(anonymous_2)
FN:161,(anonymous_3)
FN:166,(anonymous_4)
FN:203,(anonymous_5)
FN:233,(anonymous_6)
FN:238,(anonymous_7)
FN:287,(anonymous_8)
FN:289,(anonymous_9)
FN:318,(anonymous_10)
FN:358,(anonymous_11)
FN:360,(anonymous_12)
FN:376,(anonymous_13)
FN:406,(anonymous_14)
FN:409,(anonymous_15)
FN:439,(anonymous_16)
FN:447,(anonymous_17)
FN:461,(anonymous_18)
FN:466,(anonymous_19)
FN:518,(anonymous_20)
FN:550,(anonymous_21)
FN:554,(anonymous_22)
FN:561,(anonymous_23)
FN:564,(anonymous_24)
FN:569,(anonymous_25)
FN:578,(anonymous_26)
FN:594,(anonymous_27)
FN:599,(anonymous_28)
FN:605,(anonymous_29)
FN:609,(anonymous_30)
FN:610,(anonymous_31)
FN:660,(anonymous_32)
FN:663,(anonymous_33)
FN:674,(anonymous_34)
FN:688,(anonymous_35)
FN:690,(anonymous_36)
FNF:37
FNH:16
FNDA:1,(anonymous_0)
FNDA:1,(anonymous_1)
FNDA:7,(anonymous_2)
FNDA:1,(anonymous_3)
FNDA:14,(anonymous_4)
FNDA:2,(anonymous_5)
FNDA:2,(anonymous_6)
FNDA:0,(anonymous_7)
FNDA:0,(anonymous_8)
FNDA:0,(anonymous_9)
FNDA:0,(anonymous_10)
FNDA:0,(anonymous_11)
FNDA:0,(anonymous_12)
FNDA:0,(anonymous_13)
FNDA:0,(anonymous_14)
FNDA:0,(anonymous_15)
FNDA:0,(anonymous_16)
FNDA:0,(anonymous_17)
FNDA:0,(anonymous_18)
FNDA:0,(anonymous_19)
FNDA:2,(anonymous_20)
FNDA:2,(anonymous_21)
FNDA:0,(anonymous_22)
FNDA:1,(anonymous_23)
FNDA:0,(anonymous_24)
FNDA:0,(anonymous_25)
FNDA:0,(anonymous_26)
FNDA:0,(anonymous_27)
FNDA:0,(anonymous_28)
FNDA:2,(anonymous_29)
FNDA:14,(anonymous_30)
FNDA:0,(anonymous_31)
FNDA:2,(anonymous_32)
FNDA:14,(anonymous_33)
FNDA:1,(anonymous_34)
FNDA:1,(anonymous_35)
FNDA:0,(anonymous_36)
DA:22,1
DA:23,1
DA:24,1
DA:25,1
DA:28,1
DA:29,1
DA:34,1
DA:156,1
DA:157,7
DA:167,14
DA:168,2
DA:197,2
DA:199,14
DA:204,2
DA:205,2
DA:207,2
DA:208,2
DA:210,2
DA:211,2
DA:212,2
DA:213,2
DA:214,2
DA:215,2
DA:218,2
DA:220,2
DA:221,1
DA:230,2
DA:234,2
DA:244,0
DA:245,0
DA:247,0
DA:250,0
DA:253,0
DA:254,0
DA:262,0
DA:263,0
DA:264,0
DA:265,0
DA:266,0
DA:269,0
DA:271,0
DA:280,0
DA:283,0
DA:288,0
DA:289,0
DA:291,0
DA:293,0
DA:294,0
DA:295,0
DA:297,0
DA:299,0
DA:300,0
DA:301,0
DA:303,0
DA:305,0
DA:308,0
DA:309,0
DA:312,0
DA:313,0
DA:319,0
DA:320,0
DA:323,0
DA:338,0
DA:352,0
DA:353,0
DA:355,0
DA:359,0
DA:360,0
DA:362,0
DA:364,0
DA:366,0
DA:367,0
DA:368,0
DA:371,0
DA:372,0
DA:377,0
DA:378,0
DA:380,0
DA:381,0
DA:382,0
DA:383,0
DA:385,0
DA:399,0
DA:400,0
DA:402,0
DA:407,0
DA:409,0
DA:410,0
DA:412,0
DA:414,0
DA:415,0
DA:417,0
DA:418,0
DA:420,0
DA:421,0
DA:423,0
DA:426,0
DA:439,0
DA:440,0
DA:441,0
DA:443,0
DA:447,0
DA:448,0
DA:451,0
DA:458,0
DA:462,0
DA:467,0
DA:505,0
DA:506,0
DA:507,0
DA:510,0
DA:514,0
DA:519,2
DA:550,2
DA:555,0
DA:556,0
DA:558,0
DA:562,1
DA:563,1
DA:564,0
DA:570,0
DA:571,0
DA:572,0
DA:575,0
DA:579,0
DA:581,0
DA:582,0
DA:584,0
DA:586,0
DA:587,0
DA:589,0
DA:595,0
DA:600,0
DA:601,0
DA:606,2
DA:607,2
DA:609,2
DA:610,14
DA:611,0
DA:614,14
DA:616,14
DA:618,0
DA:619,0
DA:621,0
DA:623,0
DA:624,0
DA:626,0
DA:628,0
DA:629,0
DA:631,0
DA:633,0
DA:634,0
DA:636,0
DA:638,0
DA:639,0
DA:641,0
DA:644,14
DA:645,0
DA:646,0
DA:647,0
DA:650,0
DA:651,0
DA:655,2
DA:656,2
DA:661,2
DA:663,2
DA:664,14
DA:665,2
DA:666,2
DA:667,2
DA:668,2
DA:674,2
DA:675,2
DA:676,2
DA:677,2
DA:678,2
DA:684,2
DA:689,1
DA:690,1
DA:692,1
DA:693,1
DA:696,0
DA:697,0
DA:698,0
DA:700,0
DA:701,0
DA:706,1
LF:187
LH:59
BRDA:167,0,0,2
BRDA:167,0,1,12
BRDA:220,1,0,1
BRDA:220,1,1,1
BRDA:230,2,0,1
BRDA:230,2,1,1
BRDA:247,3,0,0
BRDA:247,3,1,0
BRDA:253,4,0,0
BRDA:253,4,1,0
BRDA:263,5,0,0
BRDA:263,5,1,0
BRDA:263,6,0,0
BRDA:263,6,1,0
BRDA:291,7,0,0
BRDA:291,7,1,0
BRDA:297,8,0,0
BRDA:297,8,1,0
BRDA:300,9,0,0
BRDA:300,9,1,0
BRDA:303,10,0,0
BRDA:303,10,1,0
BRDA:312,11,0,0
BRDA:312,11,1,0
BRDA:362,12,0,0
BRDA:362,12,1,0
BRDA:362,13,0,0
BRDA:362,13,1,0
BRDA:366,14,0,0
BRDA:366,14,1,0
BRDA:406,15,0,0
BRDA:412,16,0,0
BRDA:412,16,1,0
BRDA:412,16,2,0
BRDA:412,16,3,0
BRDA:440,17,0,0
BRDA:440,17,1,0
BRDA:462,18,0,0
BRDA:462,18,1,0
BRDA:507,19,0,0
BRDA:507,19,1,0
BRDA:507,20,0,0
BRDA:507,20,1,0
BRDA:507,20,2,0
BRDA:550,21,0,2
BRDA:550,21,1,0
BRDA:555,22,0,0
BRDA:555,22,1,0
BRDA:563,23,0,0
BRDA:563,23,1,1
BRDA:571,24,0,0
BRDA:571,24,1,0
BRDA:579,25,0,0
BRDA:579,25,1,0
BRDA:581,26,0,0
BRDA:581,26,1,0
BRDA:586,27,0,0
BRDA:586,27,1,0
BRDA:610,28,0,0
BRDA:610,28,1,14
BRDA:616,29,0,0
BRDA:616,29,1,0
BRDA:616,29,2,0
BRDA:616,29,3,0
BRDA:616,29,4,0
BRDA:618,30,0,0
BRDA:618,30,1,0
BRDA:618,31,0,0
BRDA:618,31,1,0
BRDA:623,32,0,0
BRDA:623,32,1,0
BRDA:623,33,0,0
BRDA:623,33,1,0
BRDA:628,34,0,0
BRDA:628,34,1,0
BRDA:628,35,0,0
BRDA:628,35,1,0
BRDA:633,36,0,0
BRDA:633,36,1,0
BRDA:633,37,0,0
BRDA:633,37,1,0
BRDA:638,38,0,0
BRDA:638,38,1,0
BRDA:638,39,0,0
BRDA:638,39,1,0
BRDA:644,40,0,0
BRDA:644,40,1,14
BRDA:664,41,0,2
BRDA:664,41,1,12
BRDA:666,42,0,2
BRDA:666,42,1,0
BRDA:674,43,0,2
BRDA:674,43,1,0
BRDA:674,44,0,2
BRDA:674,44,1,2
BRDA:692,45,0,1
BRDA:692,45,1,0
BRDA:692,46,0,1
BRDA:692,46,1,0
BRDA:692,46,2,0
BRF:100
BRH:18
end_of_record
TN:
SF:lib\gamification-types.ts
FNF:0
FNH:0
LF:0
LH:0
BRF:0
BRH:0
end_of_record
TN:
SF:lib\gamification.ts
FN:68,(anonymous_0)
FNF:1
FNH:0
FNDA:0,(anonymous_0)
DA:55,0
DA:68,0
DA:69,0
DA:70,0
DA:72,0
DA:73,0
DA:74,0
DA:76,0
DA:77,0
DA:78,0
DA:79,0
DA:82,0
DA:83,0
DA:85,0
DA:94,0
DA:215,0
DA:282,0
LF:17
LH:0
BRF:0
BRH:0
end_of_record
TN:
SF:lib\i18n.ts
FN:17,(anonymous_0)
FN:19,isValidLanguage
FNF:2
FNH:0
FNDA:0,(anonymous_0)
FNDA:0,isValidLanguage
DA:1,0
DA:15,0
DA:17,0
DA:20,0
LF:4
LH:0
BRF:0
BRH:0
end_of_record
TN:
SF:lib\trading-simulator-types.ts
FNF:0
FNH:0
LF:0
LH:0
BRF:0
BRH:0
end_of_record
TN:
SF:lib\translations.ts
FNF:0
FNH:0
DA:1,0
LF:1
LH:0
BRF:0
BRH:0
end_of_record
TN:
SF:lib\utils.ts
FN:4,cn
FNF:1
FNH:1
FNDA:261,cn
DA:5,261
LF:1
LH:1
BRF:0
BRH:0
end_of_record
TN:
SF:lib\types\index.ts
FNF:0
FNH:0
LF:0
LH:0
BRF:0
BRH:0
end_of_record
